[2025-10-31T08:30:00.795+0000] {local_task_job_runner.py:123} INFO - ::group::Pre task execution logs
[2025-10-31T08:30:00.819+0000] {taskinstance.py:2612} INFO - Dependencies all met for dep_context=non-requeueable deps ti=<TaskInstance: refresh_bike_db.install_requirements scheduled__2025-10-31T08:29:00+00:00 [queued]>
[2025-10-31T08:30:00.833+0000] {taskinstance.py:2612} INFO - Dependencies all met for dep_context=requeueable deps ti=<TaskInstance: refresh_bike_db.install_requirements scheduled__2025-10-31T08:29:00+00:00 [queued]>
[2025-10-31T08:30:00.834+0000] {taskinstance.py:2865} INFO - Starting attempt 1 of 2
[2025-10-31T08:30:00.857+0000] {taskinstance.py:2888} INFO - Executing <Task(BashOperator): install_requirements> on 2025-10-31 08:29:00+00:00
[2025-10-31T08:30:00.869+0000] {logging_mixin.py:190} WARNING - /home/***/.local/lib/python3.12/site-packages/***/task/task_runner/standard_task_runner.py:70 DeprecationWarning: This process (pid=6439) is multi-threaded, use of fork() may lead to deadlocks in the child.
[2025-10-31T08:30:00.870+0000] {standard_task_runner.py:72} INFO - Started process 6442 to run task
[2025-10-31T08:30:00.868+0000] {standard_task_runner.py:104} INFO - Running: ['***', 'tasks', 'run', 'refresh_bike_db', 'install_requirements', 'scheduled__2025-10-31T08:29:00+00:00', '--job-id', '347', '--raw', '--subdir', 'DAGS_FOLDER/refresh_bike_db.py', '--cfg-path', '/tmp/tmpgni9a8qj']
[2025-10-31T08:30:00.871+0000] {standard_task_runner.py:105} INFO - Job 347: Subtask install_requirements
[2025-10-31T08:30:00.902+0000] {logging_mixin.py:190} WARNING - /home/***/.local/lib/python3.12/site-packages/***/settings.py:209 DeprecationWarning: The sql_alchemy_conn option in [core] has been moved to the sql_alchemy_conn option in [database] - the old setting has been used, but please update your config.
[2025-10-31T08:30:00.959+0000] {task_command.py:467} INFO - Running <TaskInstance: refresh_bike_db.install_requirements scheduled__2025-10-31T08:29:00+00:00 [running]> on host 8e61f8c083ab
[2025-10-31T08:30:00.961+0000] {logging_mixin.py:190} WARNING - /home/***/.local/lib/python3.12/site-packages/***/settings.py:470 DeprecationWarning: The sql_alchemy_conn option in [core] has been moved to the sql_alchemy_conn option in [database] - the old setting has been used, but please update your config.
[2025-10-31T08:30:01.090+0000] {taskinstance.py:3131} INFO - Exporting env vars: AIRFLOW_CTX_DAG_OWNER='***' AIRFLOW_CTX_DAG_ID='refresh_bike_db' AIRFLOW_CTX_TASK_ID='install_requirements' AIRFLOW_CTX_EXECUTION_DATE='2025-10-31T08:29:00+00:00' AIRFLOW_CTX_TRY_NUMBER='1' AIRFLOW_CTX_DAG_RUN_ID='scheduled__2025-10-31T08:29:00+00:00'
[2025-10-31T08:30:01.091+0000] {taskinstance.py:731} INFO - ::endgroup::
[2025-10-31T08:30:01.118+0000] {subprocess.py:63} INFO - Tmp dir root location: /tmp
[2025-10-31T08:30:01.120+0000] {subprocess.py:75} INFO - Running command: ['/usr/bin/bash', '-c', '\n          set -euxo pipefail\n          cd "$AIRFLOW_HOME/plugins"\n          python -m pip install --no-cache-dir -r requirements.txt\n          python -m pip show folium\n          python -c "import folium, pandas, requests, pymysql; print(\'✅ imports ok\')"\n        ']
[2025-10-31T08:30:01.135+0000] {subprocess.py:86} INFO - Output:
[2025-10-31T08:30:01.137+0000] {subprocess.py:93} INFO - + cd /opt/***/plugins
[2025-10-31T08:30:01.138+0000] {subprocess.py:93} INFO - + python -m pip install --no-cache-dir -r requirements.txt
[2025-10-31T08:30:02.431+0000] {subprocess.py:93} INFO - WARNING: Ignoring invalid distribution ~abel (/home/***/.local/lib/python3.12/site-packages)
[2025-10-31T08:30:02.438+0000] {subprocess.py:93} INFO - Requirement already satisfied: pymysql>=1.1.0 in /home/***/.local/lib/python3.12/site-packages (from -r requirements.txt (line 1)) (1.1.2)
[2025-10-31T08:30:02.792+0000] {subprocess.py:93} INFO - Collecting pandas>=2.2.2 (from -r requirements.txt (line 2))
[2025-10-31T08:30:02.882+0000] {subprocess.py:93} INFO -   Downloading pandas-2.3.3-cp312-cp312-manylinux_2_24_x86_64.manylinux_2_28_x86_64.whl.metadata (91 kB)
[2025-10-31T08:30:02.957+0000] {subprocess.py:93} INFO - Requirement already satisfied: requests>=2.32.3 in /home/***/.local/lib/python3.12/site-packages (from -r requirements.txt (line 3)) (2.32.3)
[2025-10-31T08:30:03.135+0000] {subprocess.py:93} INFO - Collecting apache-***>=2.10.3 (from -r requirements.txt (line 4))
[2025-10-31T08:30:03.157+0000] {subprocess.py:93} INFO -   Downloading apache_***-3.1.1-py3-none-any.whl.metadata (35 kB)
[2025-10-31T08:30:03.331+0000] {subprocess.py:93} INFO - Collecting folium>=0.14.0 (from -r requirements.txt (line 5))
[2025-10-31T08:30:03.352+0000] {subprocess.py:93} INFO -   Downloading folium-0.20.0-py2.py3-none-any.whl.metadata (4.2 kB)
[2025-10-31T08:30:03.408+0000] {subprocess.py:93} INFO - Collecting Flask>=2.3.3 (from -r requirements.txt (line 6))
[2025-10-31T08:30:03.427+0000] {subprocess.py:93} INFO -   Downloading flask-3.1.2-py3-none-any.whl.metadata (3.2 kB)
[2025-10-31T08:30:03.434+0000] {subprocess.py:93} INFO - Requirement already satisfied: numpy>=1.26.0 in /home/***/.local/lib/python3.12/site-packages (from pandas>=2.2.2->-r requirements.txt (line 2)) (1.26.4)
[2025-10-31T08:30:03.436+0000] {subprocess.py:93} INFO - Requirement already satisfied: python-dateutil>=2.8.2 in /home/***/.local/lib/python3.12/site-packages (from pandas>=2.2.2->-r requirements.txt (line 2)) (2.9.0.post0)
[2025-10-31T08:30:03.437+0000] {subprocess.py:93} INFO - Requirement already satisfied: pytz>=2020.1 in /home/***/.local/lib/python3.12/site-packages (from pandas>=2.2.2->-r requirements.txt (line 2)) (2024.2)
[2025-10-31T08:30:03.438+0000] {subprocess.py:93} INFO - Requirement already satisfied: tzdata>=2022.7 in /home/***/.local/lib/python3.12/site-packages (from pandas>=2.2.2->-r requirements.txt (line 2)) (2024.1)
[2025-10-31T08:30:03.439+0000] {subprocess.py:93} INFO - Requirement already satisfied: charset-normalizer<4,>=2 in /home/***/.local/lib/python3.12/site-packages (from requests>=2.32.3->-r requirements.txt (line 3)) (3.3.2)
[2025-10-31T08:30:03.443+0000] {subprocess.py:93} INFO - Requirement already satisfied: idna<4,>=2.5 in /home/***/.local/lib/python3.12/site-packages (from requests>=2.32.3->-r requirements.txt (line 3)) (3.10)
[2025-10-31T08:30:03.445+0000] {subprocess.py:93} INFO - Requirement already satisfied: urllib3<3,>=1.21.1 in /home/***/.local/lib/python3.12/site-packages (from requests>=2.32.3->-r requirements.txt (line 3)) (2.2.2)
[2025-10-31T08:30:03.446+0000] {subprocess.py:93} INFO - Requirement already satisfied: certifi>=2017.4.17 in /home/***/.local/lib/python3.12/site-packages (from requests>=2.32.3->-r requirements.txt (line 3)) (2024.8.30)
[2025-10-31T08:30:03.493+0000] {subprocess.py:93} INFO - Collecting apache-***-core==3.1.1 (from apache-***>=2.10.3->-r requirements.txt (line 4))
[2025-10-31T08:30:03.513+0000] {subprocess.py:93} INFO -   Downloading apache_***_core-3.1.1-py3-none-any.whl.metadata (7.3 kB)
[2025-10-31T08:30:03.577+0000] {subprocess.py:93} INFO - Collecting apache-***-task-sdk>=1.1.1 (from apache-***>=2.10.3->-r requirements.txt (line 4))
[2025-10-31T08:30:03.596+0000] {subprocess.py:93} INFO -   Downloading apache_***_task_sdk-1.1.1-py3-none-any.whl.metadata (4.0 kB)
[2025-10-31T08:30:03.657+0000] {subprocess.py:93} INFO - Collecting a2wsgi>=1.10.8 (from apache-***-core==3.1.1->apache-***>=2.10.3->-r requirements.txt (line 4))
[2025-10-31T08:30:03.680+0000] {subprocess.py:93} INFO -   Downloading a2wsgi-1.10.10-py3-none-any.whl.metadata (4.0 kB)
[2025-10-31T08:30:03.708+0000] {subprocess.py:93} INFO - Collecting aiosqlite>=0.20.0 (from apache-***-core==3.1.1->apache-***>=2.10.3->-r requirements.txt (line 4))
[2025-10-31T08:30:03.727+0000] {subprocess.py:93} INFO -   Downloading aiosqlite-0.21.0-py3-none-any.whl.metadata (4.3 kB)
[2025-10-31T08:30:03.733+0000] {subprocess.py:93} INFO - Requirement already satisfied: alembic<2.0,>=1.13.1 in /home/***/.local/lib/python3.12/site-packages (from apache-***-core==3.1.1->apache-***>=2.10.3->-r requirements.txt (line 4)) (1.13.2)
[2025-10-31T08:30:03.767+0000] {subprocess.py:93} INFO - Collecting apache-***-providers-common-compat>=1.7.4 (from apache-***-core==3.1.1->apache-***>=2.10.3->-r requirements.txt (line 4))
[2025-10-31T08:30:03.784+0000] {subprocess.py:93} INFO -   Downloading apache_***_providers_common_compat-1.8.0-py3-none-any.whl.metadata (5.5 kB)
[2025-10-31T08:30:03.827+0000] {subprocess.py:93} INFO - Collecting apache-***-providers-common-io>=1.6.3 (from apache-***-core==3.1.1->apache-***>=2.10.3->-r requirements.txt (line 4))
[2025-10-31T08:30:03.849+0000] {subprocess.py:93} INFO -   Downloading apache_***_providers_common_io-1.6.4-py3-none-any.whl.metadata (5.6 kB)
[2025-10-31T08:30:03.936+0000] {subprocess.py:93} INFO - Collecting apache-***-providers-common-sql>=1.28.1 (from apache-***-core==3.1.1->apache-***>=2.10.3->-r requirements.txt (line 4))
[2025-10-31T08:30:03.956+0000] {subprocess.py:93} INFO -   Downloading apache_***_providers_common_sql-1.28.2-py3-none-any.whl.metadata (6.1 kB)
[2025-10-31T08:30:04.012+0000] {subprocess.py:93} INFO - Collecting apache-***-providers-smtp>=2.3.1 (from apache-***-core==3.1.1->apache-***>=2.10.3->-r requirements.txt (line 4))
[2025-10-31T08:30:04.035+0000] {subprocess.py:93} INFO -   Downloading apache_***_providers_smtp-2.3.1-py3-none-any.whl.metadata (5.2 kB)
[2025-10-31T08:30:04.079+0000] {subprocess.py:93} INFO - Collecting apache-***-providers-standard>=1.9.0 (from apache-***-core==3.1.1->apache-***>=2.10.3->-r requirements.txt (line 4))
[2025-10-31T08:30:04.100+0000] {subprocess.py:93} INFO -   Downloading apache_***_providers_standard-1.9.1-py3-none-any.whl.metadata (5.1 kB)
[2025-10-31T08:30:04.105+0000] {subprocess.py:93} INFO - Requirement already satisfied: argcomplete>=1.10 in /home/***/.local/lib/python3.12/site-packages (from apache-***-core==3.1.1->apache-***>=2.10.3->-r requirements.txt (line 4)) (3.5.0)
[2025-10-31T08:30:04.106+0000] {subprocess.py:93} INFO - Requirement already satisfied: asgiref>=2.3.0 in /home/***/.local/lib/python3.12/site-packages (from apache-***-core==3.1.1->apache-***>=2.10.3->-r requirements.txt (line 4)) (3.8.1)
[2025-10-31T08:30:04.107+0000] {subprocess.py:93} INFO - Requirement already satisfied: attrs!=25.2.0,>=22.1.0 in /home/***/.local/lib/python3.12/site-packages (from apache-***-core==3.1.1->apache-***>=2.10.3->-r requirements.txt (line 4)) (24.2.0)
[2025-10-31T08:30:04.191+0000] {subprocess.py:93} INFO - Collecting cadwyn>=5.2.1 (from apache-***-core==3.1.1->apache-***>=2.10.3->-r requirements.txt (line 4))
[2025-10-31T08:30:04.219+0000] {subprocess.py:93} INFO -   Downloading cadwyn-5.6.0-py3-none-any.whl.metadata (4.5 kB)
[2025-10-31T08:30:04.227+0000] {subprocess.py:93} INFO - Requirement already satisfied: colorlog>=6.8.2 in /home/***/.local/lib/python3.12/site-packages (from apache-***-core==3.1.1->apache-***>=2.10.3->-r requirements.txt (line 4)) (6.8.2)
[2025-10-31T08:30:04.229+0000] {subprocess.py:93} INFO - Requirement already satisfied: cron-descriptor>=1.2.24 in /home/***/.local/lib/python3.12/site-packages (from apache-***-core==3.1.1->apache-***>=2.10.3->-r requirements.txt (line 4)) (1.4.5)
[2025-10-31T08:30:04.229+0000] {subprocess.py:93} INFO - Requirement already satisfied: croniter>=2.0.2 in /home/***/.local/lib/python3.12/site-packages (from apache-***-core==3.1.1->apache-***>=2.10.3->-r requirements.txt (line 4)) (3.0.3)
[2025-10-31T08:30:04.231+0000] {subprocess.py:93} INFO - Requirement already satisfied: cryptography>=41.0.0 in /home/***/.local/lib/python3.12/site-packages (from apache-***-core==3.1.1->apache-***>=2.10.3->-r requirements.txt (line 4)) (42.0.8)
[2025-10-31T08:30:04.232+0000] {subprocess.py:93} INFO - Requirement already satisfied: deprecated>=1.2.13 in /home/***/.local/lib/python3.12/site-packages (from apache-***-core==3.1.1->apache-***>=2.10.3->-r requirements.txt (line 4)) (1.2.14)
[2025-10-31T08:30:04.233+0000] {subprocess.py:93} INFO - Requirement already satisfied: dill>=0.2.2 in /home/***/.local/lib/python3.12/site-packages (from apache-***-core==3.1.1->apache-***>=2.10.3->-r requirements.txt (line 4)) (0.3.8)
[2025-10-31T08:30:04.376+0000] {subprocess.py:93} INFO - Collecting fastapi<0.118.0,>=0.116.0 (from fastapi[standard-no-fastapi-cloud-cli]<0.118.0,>=0.116.0->apache-***-core==3.1.1->apache-***>=2.10.3->-r requirements.txt (line 4))
[2025-10-31T08:30:04.404+0000] {subprocess.py:93} INFO -   Downloading fastapi-0.117.1-py3-none-any.whl.metadata (28 kB)
[2025-10-31T08:30:04.413+0000] {subprocess.py:93} INFO - Requirement already satisfied: httpx>=0.25.0 in /home/***/.local/lib/python3.12/site-packages (from apache-***-core==3.1.1->apache-***>=2.10.3->-r requirements.txt (line 4)) (0.27.0)
[2025-10-31T08:30:04.415+0000] {subprocess.py:93} INFO - Requirement already satisfied: importlib-metadata>=7.0 in /home/***/.local/lib/python3.12/site-packages (from apache-***-core==3.1.1->apache-***>=2.10.3->-r requirements.txt (line 4)) (8.4.0)
[2025-10-31T08:30:04.416+0000] {subprocess.py:93} INFO - Requirement already satisfied: itsdangerous>=2.0 in /home/***/.local/lib/python3.12/site-packages (from apache-***-core==3.1.1->apache-***>=2.10.3->-r requirements.txt (line 4)) (2.2.0)
[2025-10-31T08:30:04.417+0000] {subprocess.py:93} INFO - Requirement already satisfied: jinja2>=3.1.5 in /home/***/.local/lib/python3.12/site-packages (from apache-***-core==3.1.1->apache-***>=2.10.3->-r requirements.txt (line 4)) (3.1.6)
[2025-10-31T08:30:04.417+0000] {subprocess.py:93} INFO - Requirement already satisfied: jsonschema>=4.19.1 in /home/***/.local/lib/python3.12/site-packages (from apache-***-core==3.1.1->apache-***>=2.10.3->-r requirements.txt (line 4)) (4.23.0)
[2025-10-31T08:30:04.418+0000] {subprocess.py:93} INFO - Requirement already satisfied: lazy-object-proxy>=1.2.0 in /home/***/.local/lib/python3.12/site-packages (from apache-***-core==3.1.1->apache-***>=2.10.3->-r requirements.txt (line 4)) (1.10.0)
[2025-10-31T08:30:04.419+0000] {subprocess.py:93} INFO - Requirement already satisfied: libcst>=1.8.2 in /home/***/.local/lib/python3.12/site-packages (from apache-***-core==3.1.1->apache-***>=2.10.3->-r requirements.txt (line 4)) (1.8.5)
[2025-10-31T08:30:04.419+0000] {subprocess.py:93} INFO - Requirement already satisfied: linkify-it-py>=2.0.0 in /home/***/.local/lib/python3.12/site-packages (from apache-***-core==3.1.1->apache-***>=2.10.3->-r requirements.txt (line 4)) (2.0.3)
[2025-10-31T08:30:04.420+0000] {subprocess.py:93} INFO - Requirement already satisfied: lockfile>=0.12.2 in /home/***/.local/lib/python3.12/site-packages (from apache-***-core==3.1.1->apache-***>=2.10.3->-r requirements.txt (line 4)) (0.12.2)
[2025-10-31T08:30:04.421+0000] {subprocess.py:93} INFO - Requirement already satisfied: methodtools>=0.4.7 in /home/***/.local/lib/python3.12/site-packages (from apache-***-core==3.1.1->apache-***>=2.10.3->-r requirements.txt (line 4)) (0.4.7)
[2025-10-31T08:30:04.421+0000] {subprocess.py:93} INFO - Requirement already satisfied: msgspec>=0.19.0 in /home/***/.local/lib/python3.12/site-packages (from apache-***-core==3.1.1->apache-***>=2.10.3->-r requirements.txt (line 4)) (0.19.0)
[2025-10-31T08:30:04.422+0000] {subprocess.py:93} INFO - Requirement already satisfied: natsort>=8.4.0 in /home/***/.local/lib/python3.12/site-packages (from apache-***-core==3.1.1->apache-***>=2.10.3->-r requirements.txt (line 4)) (8.4.0)
[2025-10-31T08:30:04.423+0000] {subprocess.py:93} INFO - Requirement already satisfied: opentelemetry-api>=1.27.0 in /home/***/.local/lib/python3.12/site-packages (from apache-***-core==3.1.1->apache-***>=2.10.3->-r requirements.txt (line 4)) (1.27.0)
[2025-10-31T08:30:04.423+0000] {subprocess.py:93} INFO - Requirement already satisfied: opentelemetry-exporter-otlp>=1.27.0 in /home/***/.local/lib/python3.12/site-packages (from apache-***-core==3.1.1->apache-***>=2.10.3->-r requirements.txt (line 4)) (1.27.0)
[2025-10-31T08:30:04.424+0000] {subprocess.py:93} INFO - Requirement already satisfied: opentelemetry-proto<9999,>=1.27.0 in /home/***/.local/lib/python3.12/site-packages (from apache-***-core==3.1.1->apache-***>=2.10.3->-r requirements.txt (line 4)) (1.27.0)
[2025-10-31T08:30:04.425+0000] {subprocess.py:93} INFO - Requirement already satisfied: packaging>=25.0 in /home/***/.local/lib/python3.12/site-packages (from apache-***-core==3.1.1->apache-***>=2.10.3->-r requirements.txt (line 4)) (25.0)
[2025-10-31T08:30:04.426+0000] {subprocess.py:93} INFO - Requirement already satisfied: pathspec>=0.9.0 in /home/***/.local/lib/python3.12/site-packages (from apache-***-core==3.1.1->apache-***>=2.10.3->-r requirements.txt (line 4)) (0.12.1)
[2025-10-31T08:30:04.518+0000] {subprocess.py:93} INFO - Collecting pendulum>=3.1.0 (from apache-***-core==3.1.1->apache-***>=2.10.3->-r requirements.txt (line 4))
[2025-10-31T08:30:04.542+0000] {subprocess.py:93} INFO -   Downloading pendulum-3.1.0-cp312-cp312-manylinux_2_17_x86_64.manylinux2014_x86_64.whl.metadata (6.8 kB)
[2025-10-31T08:30:04.545+0000] {subprocess.py:93} INFO - Requirement already satisfied: pluggy>=1.5.0 in /home/***/.local/lib/python3.12/site-packages (from apache-***-core==3.1.1->apache-***>=2.10.3->-r requirements.txt (line 4)) (1.5.0)
[2025-10-31T08:30:04.546+0000] {subprocess.py:93} INFO - Requirement already satisfied: psutil>=5.8.0 in /home/***/.local/lib/python3.12/site-packages (from apache-***-core==3.1.1->apache-***>=2.10.3->-r requirements.txt (line 4)) (7.1.2)
[2025-10-31T08:30:04.811+0000] {subprocess.py:93} INFO - Collecting pydantic>=2.11.0 (from apache-***-core==3.1.1->apache-***>=2.10.3->-r requirements.txt (line 4))
[2025-10-31T08:30:04.836+0000] {subprocess.py:93} INFO -   Downloading pydantic-2.12.3-py3-none-any.whl.metadata (87 kB)
[2025-10-31T08:30:04.863+0000] {subprocess.py:93} INFO - Requirement already satisfied: pygments!=2.19.0,>=2.0.1 in /home/***/.local/lib/python3.12/site-packages (from apache-***-core==3.1.1->apache-***>=2.10.3->-r requirements.txt (line 4)) (2.18.0)
[2025-10-31T08:30:04.865+0000] {subprocess.py:93} INFO - Requirement already satisfied: pygtrie>=2.5.0 in /home/***/.local/lib/python3.12/site-packages (from apache-***-core==3.1.1->apache-***>=2.10.3->-r requirements.txt (line 4)) (2.5.0)
[2025-10-31T08:30:04.866+0000] {subprocess.py:93} INFO - Requirement already satisfied: pyjwt>=2.10.0 in /home/***/.local/lib/python3.12/site-packages (from apache-***-core==3.1.1->apache-***>=2.10.3->-r requirements.txt (line 4)) (2.10.1)
[2025-10-31T08:30:04.867+0000] {subprocess.py:93} INFO - Requirement already satisfied: python-daemon>=3.0.0 in /home/***/.local/lib/python3.12/site-packages (from apache-***-core==3.1.1->apache-***>=2.10.3->-r requirements.txt (line 4)) (3.0.1)
[2025-10-31T08:30:04.867+0000] {subprocess.py:93} INFO - Requirement already satisfied: python-slugify>=5.0 in /home/***/.local/lib/python3.12/site-packages (from apache-***-core==3.1.1->apache-***>=2.10.3->-r requirements.txt (line 4)) (8.0.4)
[2025-10-31T08:30:04.867+0000] {subprocess.py:93} INFO - Requirement already satisfied: rich-argparse>=1.0.0 in /home/***/.local/lib/python3.12/site-packages (from apache-***-core==3.1.1->apache-***>=2.10.3->-r requirements.txt (line 4)) (1.5.2)
[2025-10-31T08:30:04.868+0000] {subprocess.py:93} INFO - Requirement already satisfied: rich>=13.6.0 in /home/***/.local/lib/python3.12/site-packages (from apache-***-core==3.1.1->apache-***>=2.10.3->-r requirements.txt (line 4)) (13.8.1)
[2025-10-31T08:30:04.868+0000] {subprocess.py:93} INFO - Requirement already satisfied: setproctitle>=1.3.3 in /home/***/.local/lib/python3.12/site-packages (from apache-***-core==3.1.1->apache-***>=2.10.3->-r requirements.txt (line 4)) (1.3.3)
[2025-10-31T08:30:04.869+0000] {subprocess.py:93} INFO - Requirement already satisfied: sqlalchemy-jsonfield>=1.0 in /home/***/.local/lib/python3.12/site-packages (from apache-***-core==3.1.1->apache-***>=2.10.3->-r requirements.txt (line 4)) (1.0.2)
[2025-10-31T08:30:04.869+0000] {subprocess.py:93} INFO - Requirement already satisfied: sqlalchemy-utils>=0.41.2 in /home/***/.local/lib/python3.12/site-packages (from apache-***-core==3.1.1->apache-***>=2.10.3->-r requirements.txt (line 4)) (0.41.2)
[2025-10-31T08:30:04.870+0000] {subprocess.py:93} INFO - Requirement already satisfied: sqlalchemy>=1.4.49 in /home/***/.local/lib/python3.12/site-packages (from sqlalchemy[asyncio]>=1.4.49->apache-***-core==3.1.1->apache-***>=2.10.3->-r requirements.txt (line 4)) (1.4.54)
[2025-10-31T08:30:04.932+0000] {subprocess.py:93} INFO - Collecting starlette>=0.45.0 (from apache-***-core==3.1.1->apache-***>=2.10.3->-r requirements.txt (line 4))
[2025-10-31T08:30:04.970+0000] {subprocess.py:93} INFO -   Downloading starlette-0.49.1-py3-none-any.whl.metadata (6.4 kB)
[2025-10-31T08:30:04.976+0000] {subprocess.py:93} INFO - Requirement already satisfied: structlog>=25.4.0 in /home/***/.local/lib/python3.12/site-packages (from apache-***-core==3.1.1->apache-***>=2.10.3->-r requirements.txt (line 4)) (25.5.0)
[2025-10-31T08:30:04.977+0000] {subprocess.py:93} INFO - Requirement already satisfied: svcs>=25.1.0 in /home/***/.local/lib/python3.12/site-packages (from apache-***-core==3.1.1->apache-***>=2.10.3->-r requirements.txt (line 4)) (25.1.0)
[2025-10-31T08:30:04.977+0000] {subprocess.py:93} INFO - Requirement already satisfied: tabulate>=0.9.0 in /home/***/.local/lib/python3.12/site-packages (from apache-***-core==3.1.1->apache-***>=2.10.3->-r requirements.txt (line 4)) (0.9.0)
[2025-10-31T08:30:04.978+0000] {subprocess.py:93} INFO - Requirement already satisfied: tenacity>=8.3.0 in /home/***/.local/lib/python3.12/site-packages (from apache-***-core==3.1.1->apache-***>=2.10.3->-r requirements.txt (line 4)) (8.5.0)
[2025-10-31T08:30:04.978+0000] {subprocess.py:93} INFO - Requirement already satisfied: termcolor>=3.0.0 in /home/***/.local/lib/python3.12/site-packages (from apache-***-core==3.1.1->apache-***>=2.10.3->-r requirements.txt (line 4)) (3.2.0)
[2025-10-31T08:30:04.979+0000] {subprocess.py:93} INFO - Requirement already satisfied: typing-extensions>=4.14.1 in /home/***/.local/lib/python3.12/site-packages (from apache-***-core==3.1.1->apache-***>=2.10.3->-r requirements.txt (line 4)) (4.15.0)
[2025-10-31T08:30:04.979+0000] {subprocess.py:93} INFO - Requirement already satisfied: universal-pathlib<0.3.0,>=0.2.6 in /home/***/.local/lib/python3.12/site-packages (from apache-***-core==3.1.1->apache-***>=2.10.3->-r requirements.txt (line 4)) (0.2.6)
[2025-10-31T08:30:04.981+0000] {subprocess.py:93} INFO - Requirement already satisfied: uuid6>=2024.7.10 in /home/***/.local/lib/python3.12/site-packages (from apache-***-core==3.1.1->apache-***>=2.10.3->-r requirements.txt (line 4)) (2025.0.1)
[2025-10-31T08:30:05.011+0000] {subprocess.py:93} INFO - Collecting branca>=0.6.0 (from folium>=0.14.0->-r requirements.txt (line 5))
[2025-10-31T08:30:05.027+0000] {subprocess.py:93} INFO -   Downloading branca-0.8.2-py3-none-any.whl.metadata (1.7 kB)
[2025-10-31T08:30:05.033+0000] {subprocess.py:93} INFO - Requirement already satisfied: xyzservices in /home/***/.local/lib/python3.12/site-packages (from folium>=0.14.0->-r requirements.txt (line 5)) (2025.10.0)
[2025-10-31T08:30:05.036+0000] {subprocess.py:93} INFO - Requirement already satisfied: blinker>=1.9.0 in /home/***/.local/lib/python3.12/site-packages (from Flask>=2.3.3->-r requirements.txt (line 6)) (1.9.0)
[2025-10-31T08:30:05.037+0000] {subprocess.py:93} INFO - Requirement already satisfied: click>=8.1.3 in /home/***/.local/lib/python3.12/site-packages (from Flask>=2.3.3->-r requirements.txt (line 6)) (8.1.7)
[2025-10-31T08:30:05.038+0000] {subprocess.py:93} INFO - Requirement already satisfied: markupsafe>=2.1.1 in /home/***/.local/lib/python3.12/site-packages (from Flask>=2.3.3->-r requirements.txt (line 6)) (2.1.5)
[2025-10-31T08:30:05.038+0000] {subprocess.py:93} INFO - Requirement already satisfied: werkzeug>=3.1.0 in /home/***/.local/lib/python3.12/site-packages (from Flask>=2.3.3->-r requirements.txt (line 6)) (3.1.3)
[2025-10-31T08:30:05.074+0000] {subprocess.py:93} INFO - Collecting babel>=2.17.0 (from apache-***-task-sdk>=1.1.1->apache-***>=2.10.3->-r requirements.txt (line 4))
[2025-10-31T08:30:05.091+0000] {subprocess.py:93} INFO -   Downloading babel-2.17.0-py3-none-any.whl.metadata (2.0 kB)
[2025-10-31T08:30:05.096+0000] {subprocess.py:93} INFO - Requirement already satisfied: fsspec>=2023.10.0 in /home/***/.local/lib/python3.12/site-packages (from apache-***-task-sdk>=1.1.1->apache-***>=2.10.3->-r requirements.txt (line 4)) (2024.9.0)
[2025-10-31T08:30:05.120+0000] {subprocess.py:93} INFO - Collecting greenback>=1.2.1 (from apache-***-task-sdk>=1.1.1->apache-***>=2.10.3->-r requirements.txt (line 4))
[2025-10-31T08:30:05.138+0000] {subprocess.py:93} INFO -   Downloading greenback-1.2.1-py3-none-any.whl.metadata (9.5 kB)
[2025-10-31T08:30:05.190+0000] {subprocess.py:93} INFO - Collecting retryhttp!=1.3.0,>=1.2.0 (from apache-***-task-sdk>=1.1.1->apache-***>=2.10.3->-r requirements.txt (line 4))
[2025-10-31T08:30:05.216+0000] {subprocess.py:93} INFO -   Downloading retryhttp-1.4.0-py3-none-any.whl.metadata (17 kB)
[2025-10-31T08:30:05.227+0000] {subprocess.py:93} INFO - Requirement already satisfied: types-requests>=2.31.0 in /home/***/.local/lib/python3.12/site-packages (from apache-***-task-sdk>=1.1.1->apache-***>=2.10.3->-r requirements.txt (line 4)) (2.32.4.20250913)
[2025-10-31T08:30:05.266+0000] {subprocess.py:93} INFO - Requirement already satisfied: six>=1.5 in /home/***/.local/lib/python3.12/site-packages (from python-dateutil>=2.8.2->pandas>=2.2.2->-r requirements.txt (line 2)) (1.16.0)
[2025-10-31T08:30:05.300+0000] {subprocess.py:93} INFO - Requirement already satisfied: Mako in /home/***/.local/lib/python3.12/site-packages (from alembic<2.0,>=1.13.1->apache-***-core==3.1.1->apache-***>=2.10.3->-r requirements.txt (line 4)) (1.3.5)
[2025-10-31T08:30:05.329+0000] {subprocess.py:93} INFO - Requirement already satisfied: sqlparse>=0.5.1 in /home/***/.local/lib/python3.12/site-packages (from apache-***-providers-common-sql>=1.28.1->apache-***-core==3.1.1->apache-***>=2.10.3->-r requirements.txt (line 4)) (0.5.1)
[2025-10-31T08:30:05.332+0000] {subprocess.py:93} INFO - Requirement already satisfied: more-itertools>=9.0.0 in /home/***/.local/lib/python3.12/site-packages (from apache-***-providers-common-sql>=1.28.1->apache-***-core==3.1.1->apache-***>=2.10.3->-r requirements.txt (line 4)) (10.5.0)
[2025-10-31T08:30:05.386+0000] {subprocess.py:93} INFO - Collecting aiosmtplib>=0.1.6 (from apache-***-providers-smtp>=2.3.1->apache-***-core==3.1.1->apache-***>=2.10.3->-r requirements.txt (line 4))
[2025-10-31T08:30:05.407+0000] {subprocess.py:93} INFO -   Downloading aiosmtplib-5.0.0-py3-none-any.whl.metadata (3.6 kB)
[2025-10-31T08:30:05.482+0000] {subprocess.py:93} INFO - INFO: pip is looking at multiple versions of cadwyn to determine which version is compatible with other requirements. This could take a while.
[2025-10-31T08:30:05.483+0000] {subprocess.py:93} INFO - Collecting cadwyn>=5.2.1 (from apache-***-core==3.1.1->apache-***>=2.10.3->-r requirements.txt (line 4))
[2025-10-31T08:30:05.502+0000] {subprocess.py:93} INFO -   Downloading cadwyn-5.5.0-py3-none-any.whl.metadata (4.5 kB)
[2025-10-31T08:30:05.527+0000] {subprocess.py:93} INFO -   Downloading cadwyn-5.4.5-py3-none-any.whl.metadata (4.5 kB)
[2025-10-31T08:30:05.602+0000] {subprocess.py:93} INFO - Collecting typing-inspection>=0.4.0 (from cadwyn>=5.2.1->apache-***-core==3.1.1->apache-***>=2.10.3->-r requirements.txt (line 4))
[2025-10-31T08:30:05.622+0000] {subprocess.py:93} INFO -   Downloading typing_inspection-0.4.2-py3-none-any.whl.metadata (2.6 kB)
[2025-10-31T08:30:05.656+0000] {subprocess.py:93} INFO - Requirement already satisfied: cffi>=1.12 in /home/***/.local/lib/python3.12/site-packages (from cryptography>=41.0.0->apache-***-core==3.1.1->apache-***>=2.10.3->-r requirements.txt (line 4)) (1.17.1)
[2025-10-31T08:30:05.662+0000] {subprocess.py:93} INFO - Requirement already satisfied: wrapt<2,>=1.10 in /home/***/.local/lib/python3.12/site-packages (from deprecated>=1.2.13->apache-***-core==3.1.1->apache-***>=2.10.3->-r requirements.txt (line 4)) (1.16.0)
[2025-10-31T08:30:05.690+0000] {subprocess.py:93} INFO - Collecting starlette>=0.45.0 (from apache-***-core==3.1.1->apache-***>=2.10.3->-r requirements.txt (line 4))
[2025-10-31T08:30:05.713+0000] {subprocess.py:93} INFO -   Downloading starlette-0.48.0-py3-none-any.whl.metadata (6.3 kB)
[2025-10-31T08:30:05.770+0000] {subprocess.py:93} INFO - Collecting fastapi-cli>=0.0.8 (from fastapi-cli[standard-no-fastapi-cloud-cli]>=0.0.8; extra == "standard-no-fastapi-cloud-cli"->fastapi[standard-no-fastapi-cloud-cli]<0.118.0,>=0.116.0->apache-***-core==3.1.1->apache-***>=2.10.3->-r requirements.txt (line 4))
[2025-10-31T08:30:05.789+0000] {subprocess.py:93} INFO -   Downloading fastapi_cli-0.0.14-py3-none-any.whl.metadata (6.4 kB)
[2025-10-31T08:30:05.797+0000] {subprocess.py:93} INFO - Requirement already satisfied: python-multipart>=0.0.18 in /home/***/.local/lib/python3.12/site-packages (from fastapi[standard-no-fastapi-cloud-cli]<0.118.0,>=0.116.0->apache-***-core==3.1.1->apache-***>=2.10.3->-r requirements.txt (line 4)) (0.0.20)
[2025-10-31T08:30:05.799+0000] {subprocess.py:93} INFO - Requirement already satisfied: email-validator>=2.0.0 in /home/***/.local/lib/python3.12/site-packages (from fastapi[standard-no-fastapi-cloud-cli]<0.118.0,>=0.116.0->apache-***-core==3.1.1->apache-***>=2.10.3->-r requirements.txt (line 4)) (2.2.0)
[2025-10-31T08:30:05.800+0000] {subprocess.py:93} INFO - Requirement already satisfied: uvicorn>=0.12.0 in /home/***/.local/lib/python3.12/site-packages (from uvicorn[standard]>=0.12.0; extra == "standard-no-fastapi-cloud-cli"->fastapi[standard-no-fastapi-cloud-cli]<0.118.0,>=0.116.0->apache-***-core==3.1.1->apache-***>=2.10.3->-r requirements.txt (line 4)) (0.38.0)
[2025-10-31T08:30:05.818+0000] {subprocess.py:93} INFO - Requirement already satisfied: greenlet!=0.4.17 in /home/***/.local/lib/python3.12/site-packages (from greenback>=1.2.1->apache-***-task-sdk>=1.1.1->apache-***>=2.10.3->-r requirements.txt (line 4)) (3.1.0)
[2025-10-31T08:30:05.819+0000] {subprocess.py:93} INFO - Requirement already satisfied: sniffio in /home/***/.local/lib/python3.12/site-packages (from greenback>=1.2.1->apache-***-task-sdk>=1.1.1->apache-***>=2.10.3->-r requirements.txt (line 4)) (1.3.1)
[2025-10-31T08:30:05.820+0000] {subprocess.py:93} INFO - Requirement already satisfied: outcome in /home/***/.local/lib/python3.12/site-packages (from greenback>=1.2.1->apache-***-task-sdk>=1.1.1->apache-***>=2.10.3->-r requirements.txt (line 4)) (1.3.0.post0)
[2025-10-31T08:30:05.825+0000] {subprocess.py:93} INFO - Requirement already satisfied: anyio in /home/***/.local/lib/python3.12/site-packages (from httpx>=0.25.0->apache-***-core==3.1.1->apache-***>=2.10.3->-r requirements.txt (line 4)) (4.4.0)
[2025-10-31T08:30:05.826+0000] {subprocess.py:93} INFO - Requirement already satisfied: httpcore==1.* in /home/***/.local/lib/python3.12/site-packages (from httpx>=0.25.0->apache-***-core==3.1.1->apache-***>=2.10.3->-r requirements.txt (line 4)) (1.0.5)
[2025-10-31T08:30:05.833+0000] {subprocess.py:93} INFO - Requirement already satisfied: h11<0.15,>=0.13 in /home/***/.local/lib/python3.12/site-packages (from httpcore==1.*->httpx>=0.25.0->apache-***-core==3.1.1->apache-***>=2.10.3->-r requirements.txt (line 4)) (0.14.0)
[2025-10-31T08:30:05.840+0000] {subprocess.py:93} INFO - Requirement already satisfied: zipp>=0.5 in /home/***/.local/lib/python3.12/site-packages (from importlib-metadata>=7.0->apache-***-core==3.1.1->apache-***>=2.10.3->-r requirements.txt (line 4)) (3.20.2)
[2025-10-31T08:30:05.848+0000] {subprocess.py:93} INFO - Requirement already satisfied: jsonschema-specifications>=2023.03.6 in /home/***/.local/lib/python3.12/site-packages (from jsonschema>=4.19.1->apache-***-core==3.1.1->apache-***>=2.10.3->-r requirements.txt (line 4)) (2023.12.1)
[2025-10-31T08:30:05.849+0000] {subprocess.py:93} INFO - Requirement already satisfied: referencing>=0.28.4 in /home/***/.local/lib/python3.12/site-packages (from jsonschema>=4.19.1->apache-***-core==3.1.1->apache-***>=2.10.3->-r requirements.txt (line 4)) (0.35.1)
[2025-10-31T08:30:05.850+0000] {subprocess.py:93} INFO - Requirement already satisfied: rpds-py>=0.7.1 in /home/***/.local/lib/python3.12/site-packages (from jsonschema>=4.19.1->apache-***-core==3.1.1->apache-***>=2.10.3->-r requirements.txt (line 4)) (0.20.0)
[2025-10-31T08:30:05.858+0000] {subprocess.py:93} INFO - Requirement already satisfied: pyyaml>=5.2 in /home/***/.local/lib/python3.12/site-packages (from libcst>=1.8.2->apache-***-core==3.1.1->apache-***>=2.10.3->-r requirements.txt (line 4)) (6.0.2)
[2025-10-31T08:30:05.865+0000] {subprocess.py:93} INFO - Requirement already satisfied: uc-micro-py in /home/***/.local/lib/python3.12/site-packages (from linkify-it-py>=2.0.0->apache-***-core==3.1.1->apache-***>=2.10.3->-r requirements.txt (line 4)) (1.0.3)
[2025-10-31T08:30:05.872+0000] {subprocess.py:93} INFO - Requirement already satisfied: wirerope>=0.4.7 in /home/***/.local/lib/python3.12/site-packages (from methodtools>=0.4.7->apache-***-core==3.1.1->apache-***>=2.10.3->-r requirements.txt (line 4)) (0.4.7)
[2025-10-31T08:30:05.901+0000] {subprocess.py:93} INFO - Requirement already satisfied: opentelemetry-exporter-otlp-proto-grpc==1.27.0 in /home/***/.local/lib/python3.12/site-packages (from opentelemetry-exporter-otlp>=1.27.0->apache-***-core==3.1.1->apache-***>=2.10.3->-r requirements.txt (line 4)) (1.27.0)
[2025-10-31T08:30:05.902+0000] {subprocess.py:93} INFO - Requirement already satisfied: opentelemetry-exporter-otlp-proto-http==1.27.0 in /home/***/.local/lib/python3.12/site-packages (from opentelemetry-exporter-otlp>=1.27.0->apache-***-core==3.1.1->apache-***>=2.10.3->-r requirements.txt (line 4)) (1.27.0)
[2025-10-31T08:30:05.909+0000] {subprocess.py:93} INFO - Requirement already satisfied: googleapis-common-protos~=1.52 in /home/***/.local/lib/python3.12/site-packages (from opentelemetry-exporter-otlp-proto-grpc==1.27.0->opentelemetry-exporter-otlp>=1.27.0->apache-***-core==3.1.1->apache-***>=2.10.3->-r requirements.txt (line 4)) (1.65.0)
[2025-10-31T08:30:05.910+0000] {subprocess.py:93} INFO - Requirement already satisfied: grpcio<2.0.0,>=1.0.0 in /home/***/.local/lib/python3.12/site-packages (from opentelemetry-exporter-otlp-proto-grpc==1.27.0->opentelemetry-exporter-otlp>=1.27.0->apache-***-core==3.1.1->apache-***>=2.10.3->-r requirements.txt (line 4)) (1.66.1)
[2025-10-31T08:30:05.912+0000] {subprocess.py:93} INFO - Requirement already satisfied: opentelemetry-exporter-otlp-proto-common==1.27.0 in /home/***/.local/lib/python3.12/site-packages (from opentelemetry-exporter-otlp-proto-grpc==1.27.0->opentelemetry-exporter-otlp>=1.27.0->apache-***-core==3.1.1->apache-***>=2.10.3->-r requirements.txt (line 4)) (1.27.0)
[2025-10-31T08:30:05.915+0000] {subprocess.py:93} INFO - Requirement already satisfied: opentelemetry-sdk~=1.27.0 in /home/***/.local/lib/python3.12/site-packages (from opentelemetry-exporter-otlp-proto-grpc==1.27.0->opentelemetry-exporter-otlp>=1.27.0->apache-***-core==3.1.1->apache-***>=2.10.3->-r requirements.txt (line 4)) (1.27.0)
[2025-10-31T08:30:05.921+0000] {subprocess.py:93} INFO - Requirement already satisfied: protobuf<5.0,>=3.19 in /home/***/.local/lib/python3.12/site-packages (from opentelemetry-proto<9999,>=1.27.0->apache-***-core==3.1.1->apache-***>=2.10.3->-r requirements.txt (line 4)) (4.25.4)
[2025-10-31T08:30:05.966+0000] {subprocess.py:93} INFO - Requirement already satisfied: annotated-types>=0.6.0 in /home/***/.local/lib/python3.12/site-packages (from pydantic>=2.11.0->apache-***-core==3.1.1->apache-***>=2.10.3->-r requirements.txt (line 4)) (0.7.0)
[2025-10-31T08:30:07.555+0000] {subprocess.py:93} INFO - Collecting pydantic-core==2.41.4 (from pydantic>=2.11.0->apache-***-core==3.1.1->apache-***>=2.10.3->-r requirements.txt (line 4))
[2025-10-31T08:30:07.579+0000] {subprocess.py:93} INFO -   Downloading pydantic_core-2.41.4-cp312-cp312-manylinux_2_17_x86_64.manylinux2014_x86_64.whl.metadata (7.3 kB)
[2025-10-31T08:30:07.611+0000] {subprocess.py:93} INFO - Requirement already satisfied: docutils in /home/***/.local/lib/python3.12/site-packages (from python-daemon>=3.0.0->apache-***-core==3.1.1->apache-***>=2.10.3->-r requirements.txt (line 4)) (0.16)
[2025-10-31T08:30:07.613+0000] {subprocess.py:93} INFO - Requirement already satisfied: setuptools>=62.4.0 in /home/***/.local/lib/python3.12/site-packages (from python-daemon>=3.0.0->apache-***-core==3.1.1->apache-***>=2.10.3->-r requirements.txt (line 4)) (75.1.0)
[2025-10-31T08:30:07.619+0000] {subprocess.py:93} INFO - Requirement already satisfied: text-unidecode>=1.3 in /home/***/.local/lib/python3.12/site-packages (from python-slugify>=5.0->apache-***-core==3.1.1->apache-***>=2.10.3->-r requirements.txt (line 4)) (1.3)
[2025-10-31T08:30:07.638+0000] {subprocess.py:93} INFO - Requirement already satisfied: markdown-it-py>=2.2.0 in /home/***/.local/lib/python3.12/site-packages (from rich>=13.6.0->apache-***-core==3.1.1->apache-***>=2.10.3->-r requirements.txt (line 4)) (3.0.0)
[2025-10-31T08:30:07.774+0000] {subprocess.py:93} INFO - Requirement already satisfied: pycparser in /home/***/.local/lib/python3.12/site-packages (from cffi>=1.12->cryptography>=41.0.0->apache-***-core==3.1.1->apache-***>=2.10.3->-r requirements.txt (line 4)) (2.22)
[2025-10-31T08:30:07.783+0000] {subprocess.py:93} INFO - Requirement already satisfied: dnspython>=2.0.0 in /home/***/.local/lib/python3.12/site-packages (from email-validator>=2.0.0->fastapi[standard-no-fastapi-cloud-cli]<0.118.0,>=0.116.0->apache-***-core==3.1.1->apache-***>=2.10.3->-r requirements.txt (line 4)) (2.6.1)
[2025-10-31T08:30:07.889+0000] {subprocess.py:93} INFO - Collecting typer>=0.15.1 (from fastapi-cli>=0.0.8->fastapi-cli[standard-no-fastapi-cloud-cli]>=0.0.8; extra == "standard-no-fastapi-cloud-cli"->fastapi[standard-no-fastapi-cloud-cli]<0.118.0,>=0.116.0->apache-***-core==3.1.1->apache-***>=2.10.3->-r requirements.txt (line 4))
[2025-10-31T08:30:07.909+0000] {subprocess.py:93} INFO -   Downloading typer-0.20.0-py3-none-any.whl.metadata (16 kB)
[2025-10-31T08:30:07.956+0000] {subprocess.py:93} INFO - Collecting rich-toolkit>=0.14.8 (from fastapi-cli>=0.0.8->fastapi-cli[standard-no-fastapi-cloud-cli]>=0.0.8; extra == "standard-no-fastapi-cloud-cli"->fastapi[standard-no-fastapi-cloud-cli]<0.118.0,>=0.116.0->apache-***-core==3.1.1->apache-***>=2.10.3->-r requirements.txt (line 4))
[2025-10-31T08:30:07.979+0000] {subprocess.py:93} INFO -   Downloading rich_toolkit-0.15.1-py3-none-any.whl.metadata (1.0 kB)
[2025-10-31T08:30:08.006+0000] {subprocess.py:93} INFO - Requirement already satisfied: mdurl~=0.1 in /home/***/.local/lib/python3.12/site-packages (from markdown-it-py>=2.2.0->rich>=13.6.0->apache-***-core==3.1.1->apache-***>=2.10.3->-r requirements.txt (line 4)) (0.1.2)
[2025-10-31T08:30:08.077+0000] {subprocess.py:93} INFO - Requirement already satisfied: httptools>=0.6.3 in /home/***/.local/lib/python3.12/site-packages (from uvicorn[standard]>=0.12.0; extra == "standard-no-fastapi-cloud-cli"->fastapi[standard-no-fastapi-cloud-cli]<0.118.0,>=0.116.0->apache-***-core==3.1.1->apache-***>=2.10.3->-r requirements.txt (line 4)) (0.7.1)
[2025-10-31T08:30:08.078+0000] {subprocess.py:93} INFO - Requirement already satisfied: python-dotenv>=0.13 in /home/***/.local/lib/python3.12/site-packages (from uvicorn[standard]>=0.12.0; extra == "standard-no-fastapi-cloud-cli"->fastapi[standard-no-fastapi-cloud-cli]<0.118.0,>=0.116.0->apache-***-core==3.1.1->apache-***>=2.10.3->-r requirements.txt (line 4)) (1.0.1)
[2025-10-31T08:30:08.080+0000] {subprocess.py:93} INFO - Requirement already satisfied: uvloop>=0.15.1 in /home/***/.local/lib/python3.12/site-packages (from uvicorn[standard]>=0.12.0; extra == "standard-no-fastapi-cloud-cli"->fastapi[standard-no-fastapi-cloud-cli]<0.118.0,>=0.116.0->apache-***-core==3.1.1->apache-***>=2.10.3->-r requirements.txt (line 4)) (0.22.1)
[2025-10-31T08:30:08.254+0000] {subprocess.py:93} INFO - Collecting watchfiles>=0.13 (from uvicorn[standard]>=0.12.0; extra == "standard-no-fastapi-cloud-cli"->fastapi[standard-no-fastapi-cloud-cli]<0.118.0,>=0.116.0->apache-***-core==3.1.1->apache-***>=2.10.3->-r requirements.txt (line 4))
[2025-10-31T08:30:08.279+0000] {subprocess.py:93} INFO -   Downloading watchfiles-1.1.1-cp312-cp312-manylinux_2_17_x86_64.manylinux2014_x86_64.whl.metadata (4.9 kB)
[2025-10-31T08:30:08.285+0000] {subprocess.py:93} INFO - Requirement already satisfied: websockets>=10.4 in /home/***/.local/lib/python3.12/site-packages (from uvicorn[standard]>=0.12.0; extra == "standard-no-fastapi-cloud-cli"->fastapi[standard-no-fastapi-cloud-cli]<0.118.0,>=0.116.0->apache-***-core==3.1.1->apache-***>=2.10.3->-r requirements.txt (line 4)) (15.0.1)
[2025-10-31T08:30:08.380+0000] {subprocess.py:93} INFO - Requirement already satisfied: opentelemetry-semantic-conventions==0.48b0 in /home/***/.local/lib/python3.12/site-packages (from opentelemetry-sdk~=1.27.0->opentelemetry-exporter-otlp-proto-grpc==1.27.0->opentelemetry-exporter-otlp>=1.27.0->apache-***-core==3.1.1->apache-***>=2.10.3->-r requirements.txt (line 4)) (0.48b0)
[2025-10-31T08:30:08.408+0000] {subprocess.py:93} INFO - Requirement already satisfied: shellingham>=1.3.0 in /home/***/.local/lib/python3.12/site-packages (from typer>=0.15.1->fastapi-cli>=0.0.8->fastapi-cli[standard-no-fastapi-cloud-cli]>=0.0.8; extra == "standard-no-fastapi-cloud-cli"->fastapi[standard-no-fastapi-cloud-cli]<0.118.0,>=0.116.0->apache-***-core==3.1.1->apache-***>=2.10.3->-r requirements.txt (line 4)) (1.5.4)
[2025-10-31T08:30:08.469+0000] {subprocess.py:93} INFO - Downloading pandas-2.3.3-cp312-cp312-manylinux_2_24_x86_64.manylinux_2_28_x86_64.whl (12.4 MB)
[2025-10-31T08:30:09.107+0000] {subprocess.py:93} INFO -    ━━━━━━━━━━━━━━━━━━━━━━━━━━━━━━━━━━━━━━━━ 12.4/12.4 MB 20.2 MB/s eta 0:00:00
[2025-10-31T08:30:09.126+0000] {subprocess.py:93} INFO - Downloading apache_***-3.1.1-py3-none-any.whl (12 kB)
[2025-10-31T08:30:09.190+0000] {subprocess.py:93} INFO - Downloading apache_***_core-3.1.1-py3-none-any.whl (5.4 MB)
[2025-10-31T08:30:09.496+0000] {subprocess.py:93} INFO -    ━━━━━━━━━━━━━━━━━━━━━━━━━━━━━━━━━━━━━━━━ 5.4/5.4 MB 17.8 MB/s eta 0:00:00
[2025-10-31T08:30:09.521+0000] {subprocess.py:93} INFO - Downloading folium-0.20.0-py2.py3-none-any.whl (113 kB)
[2025-10-31T08:30:09.542+0000] {subprocess.py:93} INFO - Downloading flask-3.1.2-py3-none-any.whl (103 kB)
[2025-10-31T08:30:09.569+0000] {subprocess.py:93} INFO - Downloading apache_***_task_sdk-1.1.1-py3-none-any.whl (300 kB)
[2025-10-31T08:30:09.613+0000] {subprocess.py:93} INFO - Downloading branca-0.8.2-py3-none-any.whl (26 kB)
[2025-10-31T08:30:09.635+0000] {subprocess.py:93} INFO - Downloading a2wsgi-1.10.10-py3-none-any.whl (17 kB)
[2025-10-31T08:30:09.655+0000] {subprocess.py:93} INFO - Downloading aiosqlite-0.21.0-py3-none-any.whl (15 kB)
[2025-10-31T08:30:09.676+0000] {subprocess.py:93} INFO - Downloading apache_***_providers_common_compat-1.8.0-py3-none-any.whl (35 kB)
[2025-10-31T08:30:09.699+0000] {subprocess.py:93} INFO - Downloading apache_***_providers_common_io-1.6.4-py3-none-any.whl (19 kB)
[2025-10-31T08:30:09.722+0000] {subprocess.py:93} INFO - Downloading apache_***_providers_common_sql-1.28.2-py3-none-any.whl (66 kB)
[2025-10-31T08:30:09.744+0000] {subprocess.py:93} INFO - Downloading apache_***_providers_smtp-2.3.1-py3-none-any.whl (24 kB)
[2025-10-31T08:30:09.766+0000] {subprocess.py:93} INFO - Downloading apache_***_providers_standard-1.9.1-py3-none-any.whl (143 kB)
[2025-10-31T08:30:09.795+0000] {subprocess.py:93} INFO - Downloading babel-2.17.0-py3-none-any.whl (10.2 MB)
[2025-10-31T08:30:10.287+0000] {subprocess.py:93} INFO -    ━━━━━━━━━━━━━━━━━━━━━━━━━━━━━━━━━━━━━━━━ 10.2/10.2 MB 20.8 MB/s eta 0:00:00
[2025-10-31T08:30:10.306+0000] {subprocess.py:93} INFO - Downloading cadwyn-5.4.5-py3-none-any.whl (59 kB)
[2025-10-31T08:30:10.328+0000] {subprocess.py:93} INFO - Downloading fastapi-0.117.1-py3-none-any.whl (95 kB)
[2025-10-31T08:30:10.353+0000] {subprocess.py:93} INFO - Downloading greenback-1.2.1-py3-none-any.whl (28 kB)
[2025-10-31T08:30:10.376+0000] {subprocess.py:93} INFO - Downloading pendulum-3.1.0-cp312-cp312-manylinux_2_17_x86_64.manylinux2014_x86_64.whl (351 kB)
[2025-10-31T08:30:10.420+0000] {subprocess.py:93} INFO - Downloading pydantic-2.12.3-py3-none-any.whl (462 kB)
[2025-10-31T08:30:10.461+0000] {subprocess.py:93} INFO - Downloading pydantic_core-2.41.4-cp312-cp312-manylinux_2_17_x86_64.manylinux2014_x86_64.whl (2.1 MB)
[2025-10-31T08:30:10.602+0000] {subprocess.py:93} INFO -    ━━━━━━━━━━━━━━━━━━━━━━━━━━━━━━━━━━━━━━━━ 2.1/2.1 MB 14.8 MB/s eta 0:00:00
[2025-10-31T08:30:10.634+0000] {subprocess.py:93} INFO - Downloading retryhttp-1.4.0-py3-none-any.whl (17 kB)
[2025-10-31T08:30:10.652+0000] {subprocess.py:93} INFO - Downloading starlette-0.48.0-py3-none-any.whl (73 kB)
[2025-10-31T08:30:10.678+0000] {subprocess.py:93} INFO - Downloading aiosmtplib-5.0.0-py3-none-any.whl (27 kB)
[2025-10-31T08:30:10.701+0000] {subprocess.py:93} INFO - Downloading fastapi_cli-0.0.14-py3-none-any.whl (11 kB)
[2025-10-31T08:30:10.721+0000] {subprocess.py:93} INFO - Downloading typing_inspection-0.4.2-py3-none-any.whl (14 kB)
[2025-10-31T08:30:10.740+0000] {subprocess.py:93} INFO - Downloading rich_toolkit-0.15.1-py3-none-any.whl (29 kB)
[2025-10-31T08:30:10.761+0000] {subprocess.py:93} INFO - Downloading typer-0.20.0-py3-none-any.whl (47 kB)
[2025-10-31T08:30:10.783+0000] {subprocess.py:93} INFO - Downloading watchfiles-1.1.1-cp312-cp312-manylinux_2_17_x86_64.manylinux2014_x86_64.whl (456 kB)
[2025-10-31T08:30:11.494+0000] {subprocess.py:93} INFO - WARNING: Ignoring invalid distribution ~andas (/home/***/.local/lib/python3.12/site-packages)
[2025-10-31T08:30:11.682+0000] {subprocess.py:93} INFO - Installing collected packages: typing-inspection, pydantic-core, babel, aiosqlite, aiosmtplib, a2wsgi, watchfiles, starlette, pydantic, pendulum, pandas, greenback, Flask, branca, typer, rich-toolkit, retryhttp, folium, fastapi, fastapi-cli, cadwyn, apache-***-providers-common-compat, apache-***-providers-standard, apache-***-providers-smtp, apache-***-providers-common-sql, apache-***-providers-common-io, apache-***-task-sdk, apache-***-core, apache-***
[2025-10-31T08:30:11.725+0000] {subprocess.py:93} INFO -   Attempting uninstall: pydantic-core
[2025-10-31T08:30:11.737+0000] {subprocess.py:93} INFO -     Found existing installation: pydantic_core 2.41.4
[2025-10-31T08:30:11.740+0000] {subprocess.py:93} INFO -     Uninstalling pydantic_core-2.41.4:
[2025-10-31T08:30:11.741+0000] {subprocess.py:93} INFO -       Successfully uninstalled pydantic_core-2.41.4
[2025-10-31T08:30:12.561+0000] {subprocess.py:93} INFO -   Attempting uninstall: pydantic
[2025-10-31T08:30:12.576+0000] {subprocess.py:93} INFO -     Found existing installation: pydantic 2.9.1
[2025-10-31T08:30:12.597+0000] {subprocess.py:93} INFO -     Uninstalling pydantic-2.9.1:
[2025-10-31T08:30:12.695+0000] {subprocess.py:93} INFO -       Successfully uninstalled pydantic-2.9.1
[2025-10-31T08:30:13.119+0000] {subprocess.py:93} INFO -   Attempting uninstall: pendulum
[2025-10-31T08:30:13.136+0000] {subprocess.py:93} INFO -     Found existing installation: pendulum 3.1.0
[2025-10-31T08:30:13.152+0000] {subprocess.py:93} INFO -     Uninstalling pendulum-3.1.0:
[2025-10-31T08:30:13.156+0000] {subprocess.py:93} INFO -       Successfully uninstalled pendulum-3.1.0
[2025-10-31T08:30:13.372+0000] {subprocess.py:93} INFO -   Attempting uninstall: pandas
[2025-10-31T08:30:13.412+0000] {subprocess.py:93} INFO -     Found existing installation: pandas 2.3.3
[2025-10-31T08:30:13.597+0000] {subprocess.py:93} INFO -     Uninstalling pandas-2.3.3:
[2025-10-31T08:30:13.707+0000] {subprocess.py:93} INFO -       Successfully uninstalled pandas-2.3.3
[2025-10-31T08:30:18.893+0000] {subprocess.py:93} INFO -   Attempting uninstall: Flask
[2025-10-31T08:30:18.900+0000] {subprocess.py:93} INFO -     Found existing installation: Flask 2.2.5
[2025-10-31T08:30:18.906+0000] {subprocess.py:93} INFO -     Uninstalling Flask-2.2.5:
[2025-10-31T08:30:18.955+0000] {subprocess.py:93} INFO -       Successfully uninstalled Flask-2.2.5
[2025-10-31T08:30:19.484+0000] {subprocess.py:93} INFO -   Attempting uninstall: apache-***-providers-common-compat
[2025-10-31T08:30:19.494+0000] {subprocess.py:93} INFO -     Found existing installation: apache-***-providers-common-compat 1.2.0
[2025-10-31T08:30:19.500+0000] {subprocess.py:93} INFO -     Uninstalling apache-***-providers-common-compat-1.2.0:
[2025-10-31T08:30:19.514+0000] {subprocess.py:93} INFO -       Successfully uninstalled apache-***-providers-common-compat-1.2.0
[2025-10-31T08:30:19.667+0000] {subprocess.py:93} INFO -   Attempting uninstall: apache-***-providers-smtp
[2025-10-31T08:30:19.687+0000] {subprocess.py:93} INFO -     Found existing installation: apache-***-providers-smtp 1.8.0
[2025-10-31T08:30:19.692+0000] {subprocess.py:93} INFO -     Uninstalling apache-***-providers-smtp-1.8.0:
[2025-10-31T08:30:19.722+0000] {subprocess.py:93} INFO -       Successfully uninstalled apache-***-providers-smtp-1.8.0
[2025-10-31T08:30:19.788+0000] {subprocess.py:93} INFO -   Attempting uninstall: apache-***-providers-common-sql
[2025-10-31T08:30:19.801+0000] {subprocess.py:93} INFO -     Found existing installation: apache-***-providers-common-sql 1.16.0
[2025-10-31T08:30:19.806+0000] {subprocess.py:93} INFO -     Uninstalling apache-***-providers-common-sql-1.16.0:
[2025-10-31T08:30:19.821+0000] {subprocess.py:93} INFO -       Successfully uninstalled apache-***-providers-common-sql-1.16.0
[2025-10-31T08:30:19.880+0000] {subprocess.py:93} INFO -   Attempting uninstall: apache-***-providers-common-io
[2025-10-31T08:30:19.888+0000] {subprocess.py:93} INFO -     Found existing installation: apache-***-providers-common-io 1.4.0
[2025-10-31T08:30:19.892+0000] {subprocess.py:93} INFO -     Uninstalling apache-***-providers-common-io-1.4.0:
[2025-10-31T08:30:19.902+0000] {subprocess.py:93} INFO -       Successfully uninstalled apache-***-providers-common-io-1.4.0
[2025-10-31T08:30:21.591+0000] {subprocess.py:93} INFO -   Attempting uninstall: apache-***
[2025-10-31T08:30:21.608+0000] {subprocess.py:93} INFO -     Found existing installation: apache-*** 2.10.2
[2025-10-31T08:30:21.737+0000] {subprocess.py:93} INFO -     Uninstalling apache-***-2.10.2:
[2025-10-31T08:30:24.938+0000] {subprocess.py:93} INFO -       Successfully uninstalled apache-***-2.10.2
[2025-10-31T08:30:25.080+0000] {subprocess.py:93} INFO - ERROR: pip's dependency resolver does not currently take into account all the packages that are installed. This behaviour is the source of the following dependency conflicts.
[2025-10-31T08:30:25.081+0000] {subprocess.py:93} INFO - apache-***-providers-snowflake 5.7.0 requires pandas<2.2,>=2.1.2; python_version >= "3.9", but you have pandas 2.3.3 which is incompatible.
[2025-10-31T08:30:25.082+0000] {subprocess.py:93} INFO - apache-***-providers-google 10.22.0 requires pandas<2.2,>=2.1.2; python_version >= "3.9", but you have pandas 2.3.3 which is incompatible.
[2025-10-31T08:30:25.083+0000] {subprocess.py:93} INFO - flask-appbuilder 4.5.0 requires Flask<3.0.0,>=2, but you have flask 3.1.2 which is incompatible.
[2025-10-31T08:30:25.084+0000] {subprocess.py:93} INFO - apache-***-providers-fab 1.3.0 requires flask<2.3,>=2.2, but you have flask 3.1.2 which is incompatible.
[2025-10-31T08:30:25.085+0000] {subprocess.py:93} INFO - connexion 2.14.2 requires flask<2.3,>=1.0.4, but you have flask 3.1.2 which is incompatible.
[2025-10-31T08:30:25.086+0000] {subprocess.py:93} INFO - connexion 2.14.2 requires werkzeug<2.3,>=1.0, but you have werkzeug 3.1.3 which is incompatible.
[2025-10-31T08:30:25.086+0000] {subprocess.py:93} INFO - Successfully installed Flask-3.1.2 a2wsgi-1.10.10 aiosmtplib-5.0.0 aiosqlite-0.21.0 apache-***-3.1.1 apache-***-core-3.1.1 apache-***-providers-common-compat-1.8.0 apache-***-providers-common-io-1.6.4 apache-***-providers-common-sql-1.28.2 apache-***-providers-smtp-2.3.1 apache-***-providers-standard-1.9.1 apache-***-task-sdk-1.1.1 babel-2.17.0 branca-0.8.2 cadwyn-5.4.5 fastapi-0.117.1 fastapi-cli-0.0.14 folium-0.20.0 greenback-1.2.1 pandas-2.1.4 pendulum-3.1.0 pydantic-2.12.3 pydantic-core-2.41.4 retryhttp-1.4.0 rich-toolkit-0.15.1 starlette-0.48.0 typer-0.20.0 typing-inspection-0.4.2 watchfiles-1.1.1
[2025-10-31T08:30:25.278+0000] {subprocess.py:93} INFO - 
[2025-10-31T08:30:25.279+0000] {subprocess.py:93} INFO - [notice] A new release of pip is available: 24.2 -> 25.3
[2025-10-31T08:30:25.280+0000] {subprocess.py:93} INFO - [notice] To update, run: pip install --upgrade pip
[2025-10-31T08:30:25.777+0000] {subprocess.py:93} INFO - + python -m pip show folium
[2025-10-31T08:30:27.172+0000] {subprocess.py:93} INFO - Name: folium
[2025-10-31T08:30:27.173+0000] {subprocess.py:93} INFO - Version: 0.20.0
[2025-10-31T08:30:27.173+0000] {subprocess.py:93} INFO - Summary: Make beautiful maps with Leaflet.js & Python
[2025-10-31T08:30:27.174+0000] {subprocess.py:93} INFO - Home-page: https://github.com/python-visualization/folium
[2025-10-31T08:30:27.174+0000] {subprocess.py:93} INFO - Author: Rob Story
[2025-10-31T08:30:27.175+0000] {subprocess.py:93} INFO - Author-email: wrobstory@gmail.com
[2025-10-31T08:30:27.175+0000] {subprocess.py:93} INFO - License: MIT
[2025-10-31T08:30:27.176+0000] {subprocess.py:93} INFO - Location: /home/***/.local/lib/python3.12/site-packages
[2025-10-31T08:30:27.177+0000] {subprocess.py:93} INFO - Requires: branca, jinja2, numpy, requests, xyzservices
[2025-10-31T08:30:27.177+0000] {subprocess.py:93} INFO - Required-by:
[2025-10-31T08:30:27.250+0000] {subprocess.py:93} INFO - + python -c 'import folium, pandas, requests, pymysql; print('\''✅ imports ok'\'')'
[2025-10-31T08:30:28.541+0000] {subprocess.py:93} INFO - Traceback (most recent call last):
[2025-10-31T08:30:28.542+0000] {subprocess.py:93} INFO -   File "<string>", line 1, in <module>
[2025-10-31T08:30:28.543+0000] {subprocess.py:93} INFO -   File "/home/***/.local/lib/python3.12/site-packages/pandas/__init__.py", line 46, in <module>
[2025-10-31T08:30:28.543+0000] {subprocess.py:93} INFO -     from pandas.core.api import (
[2025-10-31T08:30:28.544+0000] {subprocess.py:93} INFO -   File "/home/***/.local/lib/python3.12/site-packages/pandas/core/api.py", line 28, in <module>
[2025-10-31T08:30:28.544+0000] {subprocess.py:93} INFO -     from pandas.core.arrays import Categorical
[2025-10-31T08:30:28.545+0000] {subprocess.py:93} INFO -   File "/home/***/.local/lib/python3.12/site-packages/pandas/core/arrays/__init__.py", line 9, in <module>
[2025-10-31T08:30:28.546+0000] {subprocess.py:93} INFO -     from pandas.core.arrays.datetimes import DatetimeArray
[2025-10-31T08:30:28.546+0000] {subprocess.py:93} INFO -   File "/home/***/.local/lib/python3.12/site-packages/pandas/core/arrays/datetimes.py", line 17, in <module>
[2025-10-31T08:30:28.548+0000] {subprocess.py:93} INFO -     lib,
[2025-10-31T08:30:28.549+0000] {subprocess.py:93} INFO - ^^^^^^^^^
[2025-10-31T08:30:28.550+0000] {subprocess.py:93} INFO - ImportError: cannot import name 'using_string_dtype' from 'pandas._config' (/home/***/.local/lib/python3.12/site-packages/pandas/_config/__init__.py)
[2025-10-31T08:30:28.656+0000] {subprocess.py:97} INFO - Command exited with return code 1
[2025-10-31T08:30:28.675+0000] {taskinstance.py:3310} ERROR - Task failed with exception
Traceback (most recent call last):
  File "/home/airflow/.local/lib/python3.12/site-packages/airflow/models/taskinstance.py", line 767, in _execute_task
  File "/home/airflow/.local/lib/python3.12/site-packages/airflow/models/taskinstance.py", line 733, in _execute_callable
  File "/home/airflow/.local/lib/python3.12/site-packages/airflow/utils/operator_helpers.py", line 252, in run
  File "/home/airflow/.local/lib/python3.12/site-packages/airflow/models/baseoperator.py", line 406, in wrapper
  File "/home/airflow/.local/lib/python3.12/site-packages/airflow/operators/bash.py", line 249, in execute
airflow.exceptions.AirflowException: Bash command failed. The command returned a non-zero exit code 1.
[2025-10-31T08:30:28.687+0000] {taskinstance.py:1225} INFO - Marking task as UP_FOR_RETRY. dag_id=refresh_bike_db, task_id=install_requirements, run_id=scheduled__2025-10-31T08:29:00+00:00, execution_date=20251031T082900, start_date=20251031T083000, end_date=20251031T083028
[2025-10-31T08:30:28.713+0000] {taskinstance.py:340} INFO - ::group::Post task execution logs
[2025-10-31T08:30:28.714+0000] {standard_task_runner.py:124} ERROR - Failed to execute job 347 for task install_requirements (Bash command failed. The command returned a non-zero exit code 1.; 6442)
Traceback (most recent call last):
  File "/home/airflow/.local/lib/python3.12/site-packages/airflow/task/task_runner/standard_task_runner.py", line 117, in _start_by_fork
  File "/home/airflow/.local/lib/python3.12/site-packages/airflow/cli/cli_config.py", line 49, in command
  File "/home/airflow/.local/lib/python3.12/site-packages/airflow/utils/cli.py", line 115, in wrapper
  File "/home/airflow/.local/lib/python3.12/site-packages/airflow/cli/commands/task_command.py", line 483, in task_run
  File "/home/airflow/.local/lib/python3.12/site-packages/airflow/cli/commands/task_command.py", line 256, in _run_task_by_selected_method
  File "/home/airflow/.local/lib/python3.12/site-packages/airflow/cli/commands/task_command.py", line 341, in _run_raw_task
  File "/home/airflow/.local/lib/python3.12/site-packages/airflow/utils/session.py", line 97, in wrapper
  File "/home/airflow/.local/lib/python3.12/site-packages/airflow/models/taskinstance.py", line 3004, in _run_raw_task
  File "/home/airflow/.local/lib/python3.12/site-packages/airflow/models/taskinstance.py", line 273, in _run_raw_task
  File "/home/airflow/.local/lib/python3.12/site-packages/airflow/models/taskinstance.py", line 3158, in _execute_task_with_callbacks
  File "/home/airflow/.local/lib/python3.12/site-packages/airflow/models/taskinstance.py", line 3182, in _execute_task
  File "/home/airflow/.local/lib/python3.12/site-packages/airflow/models/taskinstance.py", line 767, in _execute_task
  File "/home/airflow/.local/lib/python3.12/site-packages/airflow/models/taskinstance.py", line 733, in _execute_callable
  File "/home/airflow/.local/lib/python3.12/site-packages/airflow/utils/operator_helpers.py", line 252, in run
  File "/home/airflow/.local/lib/python3.12/site-packages/airflow/models/baseoperator.py", line 406, in wrapper
  File "/home/airflow/.local/lib/python3.12/site-packages/airflow/operators/bash.py", line 249, in execute
airflow.exceptions.AirflowException: Bash command failed. The command returned a non-zero exit code 1.
[2025-10-31T08:30:28.753+0000] {local_task_job_runner.py:266} INFO - Task exited with return code 1
[2025-10-31T08:30:28.775+0000] {taskinstance.py:3900} INFO - 0 downstream tasks scheduled from follow-on schedule check
[2025-10-31T08:30:28.779+0000] {local_task_job_runner.py:245} INFO - ::endgroup::
