[2025-10-31T08:27:01.388+0000] {local_task_job_runner.py:123} INFO - ::group::Pre task execution logs
[2025-10-31T08:27:01.421+0000] {taskinstance.py:2612} INFO - Dependencies all met for dep_context=non-requeueable deps ti=<TaskInstance: refresh_bike_db.refresh_bike_db scheduled__2025-10-31T08:26:00+00:00 [queued]>
[2025-10-31T08:27:01.436+0000] {taskinstance.py:2612} INFO - Dependencies all met for dep_context=requeueable deps ti=<TaskInstance: refresh_bike_db.refresh_bike_db scheduled__2025-10-31T08:26:00+00:00 [queued]>
[2025-10-31T08:27:01.439+0000] {taskinstance.py:2865} INFO - Starting attempt 1 of 2
[2025-10-31T08:27:01.463+0000] {taskinstance.py:2888} INFO - Executing <Task(BashOperator): refresh_bike_db> on 2025-10-31 08:26:00+00:00
[2025-10-31T08:27:01.483+0000] {logging_mixin.py:190} WARNING - /home/***/.local/lib/python3.12/site-packages/***/task/task_runner/standard_task_runner.py:70 DeprecationWarning: This process (pid=6141) is multi-threaded, use of fork() may lead to deadlocks in the child.
[2025-10-31T08:27:01.485+0000] {standard_task_runner.py:72} INFO - Started process 6142 to run task
[2025-10-31T08:27:01.477+0000] {standard_task_runner.py:104} INFO - Running: ['***', 'tasks', 'run', 'refresh_bike_db', 'refresh_bike_db', 'scheduled__2025-10-31T08:26:00+00:00', '--job-id', '333', '--raw', '--subdir', 'DAGS_FOLDER/refresh_bike_db.py', '--cfg-path', '/tmp/tmpuy9shoqw']
[2025-10-31T08:27:01.486+0000] {standard_task_runner.py:105} INFO - Job 333: Subtask refresh_bike_db
[2025-10-31T08:27:01.523+0000] {logging_mixin.py:190} WARNING - /home/***/.local/lib/python3.12/site-packages/***/settings.py:209 DeprecationWarning: The sql_alchemy_conn option in [core] has been moved to the sql_alchemy_conn option in [database] - the old setting has been used, but please update your config.
[2025-10-31T08:27:01.594+0000] {task_command.py:467} INFO - Running <TaskInstance: refresh_bike_db.refresh_bike_db scheduled__2025-10-31T08:26:00+00:00 [running]> on host 8e61f8c083ab
[2025-10-31T08:27:01.599+0000] {logging_mixin.py:190} WARNING - /home/***/.local/lib/python3.12/site-packages/***/settings.py:470 DeprecationWarning: The sql_alchemy_conn option in [core] has been moved to the sql_alchemy_conn option in [database] - the old setting has been used, but please update your config.
[2025-10-31T08:27:01.771+0000] {taskinstance.py:3131} INFO - Exporting env vars: AIRFLOW_CTX_DAG_OWNER='***' AIRFLOW_CTX_DAG_ID='refresh_bike_db' AIRFLOW_CTX_TASK_ID='refresh_bike_db' AIRFLOW_CTX_EXECUTION_DATE='2025-10-31T08:26:00+00:00' AIRFLOW_CTX_TRY_NUMBER='1' AIRFLOW_CTX_DAG_RUN_ID='scheduled__2025-10-31T08:26:00+00:00'
[2025-10-31T08:27:01.774+0000] {taskinstance.py:731} INFO - ::endgroup::
[2025-10-31T08:27:01.804+0000] {subprocess.py:63} INFO - Tmp dir root location: /tmp
[2025-10-31T08:27:01.806+0000] {subprocess.py:75} INFO - Running command: ['/usr/bin/bash', '-c', '\n          set -euxo pipefail\n          cd "$AIRFLOW_HOME/plugins"\n          python gather_bike_data.py\n        ']
[2025-10-31T08:27:01.822+0000] {subprocess.py:86} INFO - Output:
[2025-10-31T08:27:01.824+0000] {subprocess.py:93} INFO - + cd /opt/***/plugins
[2025-10-31T08:27:01.825+0000] {subprocess.py:93} INFO - + python gather_bike_data.py
[2025-10-31T08:27:10.654+0000] {subprocess.py:93} INFO - Fetching data of Lille's api: 302
[2025-10-31T08:27:10.658+0000] {subprocess.py:93} INFO - Fetching data of Paris's api: 1495
[2025-10-31T08:27:10.659+0000] {subprocess.py:93} INFO - 
[2025-10-31T08:27:10.660+0000] {subprocess.py:93} INFO - 
[2025-10-31T08:27:10.660+0000] {subprocess.py:93} INFO - ✅ Connected successfully to MySQL!
[2025-10-31T08:27:10.661+0000] {subprocess.py:93} INFO - ✅ Connected successfully to MySQL!
[2025-10-31T08:27:10.768+0000] {subprocess.py:97} INFO - Command exited with return code 0
[2025-10-31T08:27:10.782+0000] {taskinstance.py:340} INFO - ::group::Post task execution logs
[2025-10-31T08:27:10.783+0000] {taskinstance.py:352} INFO - Marking task as SUCCESS. dag_id=refresh_bike_db, task_id=refresh_bike_db, run_id=scheduled__2025-10-31T08:26:00+00:00, execution_date=20251031T082600, start_date=20251031T082701, end_date=20251031T082710
[2025-10-31T08:27:10.838+0000] {local_task_job_runner.py:266} INFO - Task exited with return code 0
[2025-10-31T08:27:10.856+0000] {taskinstance.py:3900} INFO - 0 downstream tasks scheduled from follow-on schedule check
[2025-10-31T08:27:10.862+0000] {local_task_job_runner.py:245} INFO - ::endgroup::
