[2025-10-30T15:34:55.702+0000] {local_task_job_runner.py:123} INFO - ::group::Pre task execution logs
[2025-10-30T15:34:55.741+0000] {taskinstance.py:2612} INFO - Dependencies all met for dep_context=non-requeueable deps ti=<TaskInstance: refresh_bike_db.refresh_bike_db manual__2025-10-30T15:34:54.186671+00:00 [queued]>
[2025-10-30T15:34:55.767+0000] {taskinstance.py:2612} INFO - Dependencies all met for dep_context=requeueable deps ti=<TaskInstance: refresh_bike_db.refresh_bike_db manual__2025-10-30T15:34:54.186671+00:00 [queued]>
[2025-10-30T15:34:55.769+0000] {taskinstance.py:2865} INFO - Starting attempt 1 of 2
[2025-10-30T15:34:55.804+0000] {taskinstance.py:2888} INFO - Executing <Task(BashOperator): refresh_bike_db> on 2025-10-30 15:34:54.186671+00:00
[2025-10-30T15:34:55.823+0000] {logging_mixin.py:190} WARNING - /home/***/.local/lib/python3.12/site-packages/***/task/task_runner/standard_task_runner.py:70 DeprecationWarning: This process (pid=3270) is multi-threaded, use of fork() may lead to deadlocks in the child.
[2025-10-30T15:34:55.819+0000] {standard_task_runner.py:104} INFO - Running: ['***', 'tasks', 'run', 'refresh_bike_db', 'refresh_bike_db', 'manual__2025-10-30T15:34:54.186671+00:00', '--job-id', '261', '--raw', '--subdir', 'DAGS_FOLDER/refresh_bike_db.py', '--cfg-path', '/tmp/tmpoc1v40d9']
[2025-10-30T15:34:55.830+0000] {standard_task_runner.py:72} INFO - Started process 3271 to run task
[2025-10-30T15:34:55.831+0000] {standard_task_runner.py:105} INFO - Job 261: Subtask refresh_bike_db
[2025-10-30T15:34:55.882+0000] {logging_mixin.py:190} WARNING - /home/***/.local/lib/python3.12/site-packages/***/settings.py:209 DeprecationWarning: The sql_alchemy_conn option in [core] has been moved to the sql_alchemy_conn option in [database] - the old setting has been used, but please update your config.
[2025-10-30T15:34:55.986+0000] {task_command.py:467} INFO - Running <TaskInstance: refresh_bike_db.refresh_bike_db manual__2025-10-30T15:34:54.186671+00:00 [running]> on host 8e61f8c083ab
[2025-10-30T15:34:56.242+0000] {taskinstance.py:3131} INFO - Exporting env vars: AIRFLOW_CTX_DAG_OWNER='***' AIRFLOW_CTX_DAG_ID='refresh_bike_db' AIRFLOW_CTX_TASK_ID='refresh_bike_db' AIRFLOW_CTX_EXECUTION_DATE='2025-10-30T15:34:54.186671+00:00' AIRFLOW_CTX_TRY_NUMBER='1' AIRFLOW_CTX_DAG_RUN_ID='manual__2025-10-30T15:34:54.186671+00:00'
[2025-10-30T15:34:56.244+0000] {taskinstance.py:731} INFO - ::endgroup::
[2025-10-30T15:34:56.289+0000] {subprocess.py:63} INFO - Tmp dir root location: /tmp
[2025-10-30T15:34:56.291+0000] {subprocess.py:75} INFO - Running command: ['/usr/bin/bash', '-c', 'python $AIRFLOW_HOME/plugins/gather_bike_data.py']
[2025-10-30T15:34:56.307+0000] {subprocess.py:86} INFO - Output:
[2025-10-30T15:35:08.013+0000] {subprocess.py:93} INFO - Fetching data of Lille's api: 302
[2025-10-30T15:35:08.014+0000] {subprocess.py:93} INFO - Fetching data of Paris's api: 1495
[2025-10-30T15:35:08.015+0000] {subprocess.py:93} INFO - 
[2025-10-30T15:35:08.016+0000] {subprocess.py:93} INFO - 
[2025-10-30T15:35:08.017+0000] {subprocess.py:93} INFO - ✅ Connected successfully to MySQL!
[2025-10-30T15:35:08.018+0000] {subprocess.py:93} INFO - ✅ Connected successfully to MySQL!
[2025-10-30T15:35:08.175+0000] {subprocess.py:97} INFO - Command exited with return code 0
[2025-10-30T15:35:08.217+0000] {taskinstance.py:340} INFO - ::group::Post task execution logs
[2025-10-30T15:35:08.218+0000] {taskinstance.py:352} INFO - Marking task as SUCCESS. dag_id=refresh_bike_db, task_id=refresh_bike_db, run_id=manual__2025-10-30T15:34:54.186671+00:00, execution_date=20251030T153454, start_date=20251030T153455, end_date=20251030T153508
[2025-10-30T15:35:08.268+0000] {local_task_job_runner.py:266} INFO - Task exited with return code 0
[2025-10-30T15:35:08.291+0000] {taskinstance.py:3900} INFO - 0 downstream tasks scheduled from follow-on schedule check
[2025-10-30T15:35:08.296+0000] {local_task_job_runner.py:245} INFO - ::endgroup::
