[2025-10-30T15:32:00.432+0000] {local_task_job_runner.py:123} INFO - ::group::Pre task execution logs
[2025-10-30T15:32:00.459+0000] {taskinstance.py:2612} INFO - Dependencies all met for dep_context=non-requeueable deps ti=<TaskInstance: refresh_bike_db.refresh_bike_db scheduled__2025-10-30T15:31:00+00:00 [queued]>
[2025-10-30T15:32:00.473+0000] {taskinstance.py:2612} INFO - Dependencies all met for dep_context=requeueable deps ti=<TaskInstance: refresh_bike_db.refresh_bike_db scheduled__2025-10-30T15:31:00+00:00 [queued]>
[2025-10-30T15:32:00.476+0000] {taskinstance.py:2865} INFO - Starting attempt 1 of 2
[2025-10-30T15:32:00.495+0000] {taskinstance.py:2888} INFO - Executing <Task(BashOperator): refresh_bike_db> on 2025-10-30 15:31:00+00:00
[2025-10-30T15:32:00.509+0000] {logging_mixin.py:190} WARNING - /home/***/.local/lib/python3.12/site-packages/***/task/task_runner/standard_task_runner.py:70 DeprecationWarning: This process (pid=3179) is multi-threaded, use of fork() may lead to deadlocks in the child.
[2025-10-30T15:32:00.512+0000] {standard_task_runner.py:72} INFO - Started process 3180 to run task
[2025-10-30T15:32:00.509+0000] {standard_task_runner.py:104} INFO - Running: ['***', 'tasks', 'run', 'refresh_bike_db', 'refresh_bike_db', 'scheduled__2025-10-30T15:31:00+00:00', '--job-id', '258', '--raw', '--subdir', 'DAGS_FOLDER/refresh_bike_db.py', '--cfg-path', '/tmp/tmp_lx18f3y']
[2025-10-30T15:32:00.513+0000] {standard_task_runner.py:105} INFO - Job 258: Subtask refresh_bike_db
[2025-10-30T15:32:00.544+0000] {logging_mixin.py:190} WARNING - /home/***/.local/lib/python3.12/site-packages/***/settings.py:209 DeprecationWarning: The sql_alchemy_conn option in [core] has been moved to the sql_alchemy_conn option in [database] - the old setting has been used, but please update your config.
[2025-10-30T15:32:00.611+0000] {task_command.py:467} INFO - Running <TaskInstance: refresh_bike_db.refresh_bike_db scheduled__2025-10-30T15:31:00+00:00 [running]> on host 8e61f8c083ab
[2025-10-30T15:32:00.613+0000] {logging_mixin.py:190} WARNING - /home/***/.local/lib/python3.12/site-packages/***/settings.py:470 DeprecationWarning: The sql_alchemy_conn option in [core] has been moved to the sql_alchemy_conn option in [database] - the old setting has been used, but please update your config.
[2025-10-30T15:32:00.749+0000] {taskinstance.py:3131} INFO - Exporting env vars: AIRFLOW_CTX_DAG_OWNER='***' AIRFLOW_CTX_DAG_ID='refresh_bike_db' AIRFLOW_CTX_TASK_ID='refresh_bike_db' AIRFLOW_CTX_EXECUTION_DATE='2025-10-30T15:31:00+00:00' AIRFLOW_CTX_TRY_NUMBER='1' AIRFLOW_CTX_DAG_RUN_ID='scheduled__2025-10-30T15:31:00+00:00'
[2025-10-30T15:32:00.752+0000] {taskinstance.py:731} INFO - ::endgroup::
[2025-10-30T15:32:00.776+0000] {subprocess.py:63} INFO - Tmp dir root location: /tmp
[2025-10-30T15:32:00.779+0000] {subprocess.py:75} INFO - Running command: ['/usr/bin/bash', '-c', '\n            set -exo pipefail\n            echo "PWD=$(pwd)"\n            echo "AIRFLOW_HOME=${AIRFLOW_HOME:-<unset>}"\n            python --version\n            which python\n            ls -lah "$AIRFLOW_HOME/plugins" || true\n\n            echo "DB env:"\n            echo "DB_HOST=${DB_HOST:-<unset>}"\n            echo "DB_PORT=${DB_PORT:-<unset>}"\n            echo "DB_USER=${DB_USER:-<unset>}"\n            echo "DB_NAME=${DB_NAME:-<unset>}"\n            if [ -z "${DB_PWD+x}" ]; then echo "DB_PWD=<unset>"; else echo "DB_PWD=<set>"; fi\n\n            cd "$AIRFLOW_HOME/plugins"\n\n            # Optionnel : self-test verbeux dans ton script (si tu l\'as ajouté)\n            # python gather_bike_data.py --self-test --verbose\n\n            # Exécution réelle\n            python gather_bike_data.py\n        ']
[2025-10-30T15:32:00.795+0000] {subprocess.py:86} INFO - Output:
[2025-10-30T15:32:00.797+0000] {subprocess.py:93} INFO - ++ pwd
[2025-10-30T15:32:00.798+0000] {subprocess.py:93} INFO - + echo PWD=/tmp/***tmpsmknoh1c
[2025-10-30T15:32:00.799+0000] {subprocess.py:93} INFO - PWD=/tmp/***tmpsmknoh1c
[2025-10-30T15:32:00.799+0000] {subprocess.py:93} INFO - + echo AIRFLOW_HOME=/opt/***
[2025-10-30T15:32:00.800+0000] {subprocess.py:93} INFO - AIRFLOW_HOME=/opt/***
[2025-10-30T15:32:00.801+0000] {subprocess.py:93} INFO - + python --version
[2025-10-30T15:32:00.802+0000] {subprocess.py:93} INFO - Python 3.12.6
[2025-10-30T15:32:00.803+0000] {subprocess.py:93} INFO - + which python
[2025-10-30T15:32:00.804+0000] {subprocess.py:93} INFO - /usr/local/bin/python
[2025-10-30T15:32:00.804+0000] {subprocess.py:93} INFO - + ls -lah /opt/***/plugins
[2025-10-30T15:32:00.817+0000] {subprocess.py:93} INFO - total 16K
[2025-10-30T15:32:00.818+0000] {subprocess.py:93} INFO - drwxrwxrwx 1 root    root  512 Oct 30 14:29 .
[2025-10-30T15:32:00.819+0000] {subprocess.py:93} INFO - drwxrwxr-x 1 *** root 4.0K Oct 30 13:10 ..
[2025-10-30T15:32:00.819+0000] {subprocess.py:93} INFO - -rwxrwxrwx 1 root    root  156 Oct 30 14:39 .env
[2025-10-30T15:32:00.821+0000] {subprocess.py:93} INFO - -rwxrwxrwx 1 root    root  11K Oct 30 14:58 gather_bike_data.py
[2025-10-30T15:32:00.823+0000] {subprocess.py:93} INFO - + echo 'DB env:'
[2025-10-30T15:32:00.824+0000] {subprocess.py:93} INFO - DB env:
[2025-10-30T15:32:00.824+0000] {subprocess.py:93} INFO - + echo DB_HOST=host.docker.internal
[2025-10-30T15:32:00.825+0000] {subprocess.py:93} INFO - DB_HOST=host.docker.internal
[2025-10-30T15:32:00.826+0000] {subprocess.py:93} INFO - + echo DB_PORT=3306
[2025-10-30T15:32:00.827+0000] {subprocess.py:93} INFO - DB_PORT=3306
[2025-10-30T15:32:00.827+0000] {subprocess.py:93} INFO - + echo DB_USER=root
[2025-10-30T15:32:00.828+0000] {subprocess.py:93} INFO - DB_USER=root
[2025-10-30T15:32:00.829+0000] {subprocess.py:93} INFO - + echo DB_NAME=renfpython
[2025-10-30T15:32:00.829+0000] {subprocess.py:93} INFO - DB_NAME=renfpython
[2025-10-30T15:32:00.830+0000] {subprocess.py:93} INFO - + '[' -z x ']'
[2025-10-30T15:32:00.830+0000] {subprocess.py:93} INFO - + echo 'DB_PWD=<set>'
[2025-10-30T15:32:00.831+0000] {subprocess.py:93} INFO - DB_PWD=<set>
[2025-10-30T15:32:00.831+0000] {subprocess.py:93} INFO - + cd /opt/***/plugins
[2025-10-30T15:32:00.832+0000] {subprocess.py:93} INFO - + python gather_bike_data.py
[2025-10-30T15:32:10.246+0000] {subprocess.py:93} INFO - Fetching data of Lille's api: 302
[2025-10-30T15:32:10.247+0000] {subprocess.py:93} INFO - Fetching data of Paris's api: 1495
[2025-10-30T15:32:10.248+0000] {subprocess.py:93} INFO - 
[2025-10-30T15:32:10.249+0000] {subprocess.py:93} INFO - 
[2025-10-30T15:32:10.250+0000] {subprocess.py:93} INFO - ✅ Connected successfully to MySQL!
[2025-10-30T15:32:10.250+0000] {subprocess.py:93} INFO - ✅ Connected successfully to MySQL!
[2025-10-30T15:32:10.363+0000] {subprocess.py:97} INFO - Command exited with return code 0
[2025-10-30T15:32:10.380+0000] {taskinstance.py:340} INFO - ::group::Post task execution logs
[2025-10-30T15:32:10.382+0000] {taskinstance.py:352} INFO - Marking task as SUCCESS. dag_id=refresh_bike_db, task_id=refresh_bike_db, run_id=scheduled__2025-10-30T15:31:00+00:00, execution_date=20251030T153100, start_date=20251030T153200, end_date=20251030T153210
[2025-10-30T15:32:10.433+0000] {local_task_job_runner.py:266} INFO - Task exited with return code 0
[2025-10-30T15:32:10.455+0000] {taskinstance.py:3900} INFO - 0 downstream tasks scheduled from follow-on schedule check
[2025-10-30T15:32:10.461+0000] {local_task_job_runner.py:245} INFO - ::endgroup::
