[2025-10-31T08:29:42.370+0000] {local_task_job_runner.py:123} INFO - ::group::Pre task execution logs
[2025-10-31T08:29:42.392+0000] {taskinstance.py:2612} INFO - Dependencies all met for dep_context=non-requeueable deps ti=<TaskInstance: refresh_bike_db.install_requirements manual__2025-10-31T08:29:41.727248+00:00 [queued]>
[2025-10-31T08:29:42.405+0000] {taskinstance.py:2612} INFO - Dependencies all met for dep_context=requeueable deps ti=<TaskInstance: refresh_bike_db.install_requirements manual__2025-10-31T08:29:41.727248+00:00 [queued]>
[2025-10-31T08:29:42.406+0000] {taskinstance.py:2865} INFO - Starting attempt 1 of 2
[2025-10-31T08:29:42.428+0000] {taskinstance.py:2888} INFO - Executing <Task(BashOperator): install_requirements> on 2025-10-31 08:29:41.727248+00:00
[2025-10-31T08:29:42.440+0000] {logging_mixin.py:190} WARNING - /home/***/.local/lib/python3.12/site-packages/***/task/task_runner/standard_task_runner.py:70 DeprecationWarning: This process (pid=6394) is multi-threaded, use of fork() may lead to deadlocks in the child.
[2025-10-31T08:29:42.442+0000] {standard_task_runner.py:72} INFO - Started process 6396 to run task
[2025-10-31T08:29:42.440+0000] {standard_task_runner.py:104} INFO - Running: ['***', 'tasks', 'run', 'refresh_bike_db', 'install_requirements', 'manual__2025-10-31T08:29:41.727248+00:00', '--job-id', '345', '--raw', '--subdir', 'DAGS_FOLDER/refresh_bike_db.py', '--cfg-path', '/tmp/tmp8iex36ww']
[2025-10-31T08:29:42.444+0000] {standard_task_runner.py:105} INFO - Job 345: Subtask install_requirements
[2025-10-31T08:29:42.472+0000] {logging_mixin.py:190} WARNING - /home/***/.local/lib/python3.12/site-packages/***/settings.py:209 DeprecationWarning: The sql_alchemy_conn option in [core] has been moved to the sql_alchemy_conn option in [database] - the old setting has been used, but please update your config.
[2025-10-31T08:29:42.562+0000] {task_command.py:467} INFO - Running <TaskInstance: refresh_bike_db.install_requirements manual__2025-10-31T08:29:41.727248+00:00 [running]> on host 8e61f8c083ab
[2025-10-31T08:29:42.781+0000] {taskinstance.py:3131} INFO - Exporting env vars: AIRFLOW_CTX_DAG_OWNER='***' AIRFLOW_CTX_DAG_ID='refresh_bike_db' AIRFLOW_CTX_TASK_ID='install_requirements' AIRFLOW_CTX_EXECUTION_DATE='2025-10-31T08:29:41.727248+00:00' AIRFLOW_CTX_TRY_NUMBER='1' AIRFLOW_CTX_DAG_RUN_ID='manual__2025-10-31T08:29:41.727248+00:00'
[2025-10-31T08:29:42.783+0000] {taskinstance.py:731} INFO - ::endgroup::
[2025-10-31T08:29:42.811+0000] {subprocess.py:63} INFO - Tmp dir root location: /tmp
[2025-10-31T08:29:42.812+0000] {subprocess.py:75} INFO - Running command: ['/usr/bin/bash', '-c', '\n          set -euxo pipefail\n          cd "$AIRFLOW_HOME/plugins"\n          python -m pip install --no-cache-dir -r requirements.txt\n          python -m pip show folium\n          python -c "import folium, pandas, requests, pymysql; print(\'✅ imports ok\')"\n        ']
[2025-10-31T08:29:42.826+0000] {subprocess.py:86} INFO - Output:
[2025-10-31T08:29:42.827+0000] {subprocess.py:93} INFO - + cd /opt/***/plugins
[2025-10-31T08:29:42.829+0000] {subprocess.py:93} INFO - + python -m pip install --no-cache-dir -r requirements.txt
[2025-10-31T08:29:44.116+0000] {subprocess.py:93} INFO - Requirement already satisfied: pymysql>=1.1.0 in /home/***/.local/lib/python3.12/site-packages (from -r requirements.txt (line 1)) (1.1.2)
[2025-10-31T08:29:44.456+0000] {subprocess.py:93} INFO - Collecting pandas>=2.2.2 (from -r requirements.txt (line 2))
[2025-10-31T08:29:44.579+0000] {subprocess.py:93} INFO -   Downloading pandas-2.3.3-cp312-cp312-manylinux_2_24_x86_64.manylinux_2_28_x86_64.whl.metadata (91 kB)
[2025-10-31T08:29:44.645+0000] {subprocess.py:93} INFO - Requirement already satisfied: requests>=2.32.3 in /home/***/.local/lib/python3.12/site-packages (from -r requirements.txt (line 3)) (2.32.3)
[2025-10-31T08:29:44.796+0000] {subprocess.py:93} INFO - Collecting apache-***>=2.10.3 (from -r requirements.txt (line 4))
[2025-10-31T08:29:44.816+0000] {subprocess.py:93} INFO -   Downloading apache_***-3.1.1-py3-none-any.whl.metadata (35 kB)
[2025-10-31T08:29:44.972+0000] {subprocess.py:93} INFO - Collecting folium>=0.14.0 (from -r requirements.txt (line 5))
[2025-10-31T08:29:44.992+0000] {subprocess.py:93} INFO -   Downloading folium-0.20.0-py2.py3-none-any.whl.metadata (4.2 kB)
[2025-10-31T08:29:45.048+0000] {subprocess.py:93} INFO - Collecting Flask>=2.3.3 (from -r requirements.txt (line 6))
[2025-10-31T08:29:45.070+0000] {subprocess.py:93} INFO -   Downloading flask-3.1.2-py3-none-any.whl.metadata (3.2 kB)
[2025-10-31T08:29:45.076+0000] {subprocess.py:93} INFO - Requirement already satisfied: numpy>=1.26.0 in /home/***/.local/lib/python3.12/site-packages (from pandas>=2.2.2->-r requirements.txt (line 2)) (1.26.4)
[2025-10-31T08:29:45.077+0000] {subprocess.py:93} INFO - Requirement already satisfied: python-dateutil>=2.8.2 in /home/***/.local/lib/python3.12/site-packages (from pandas>=2.2.2->-r requirements.txt (line 2)) (2.9.0.post0)
[2025-10-31T08:29:45.078+0000] {subprocess.py:93} INFO - Requirement already satisfied: pytz>=2020.1 in /home/***/.local/lib/python3.12/site-packages (from pandas>=2.2.2->-r requirements.txt (line 2)) (2024.2)
[2025-10-31T08:29:45.079+0000] {subprocess.py:93} INFO - Requirement already satisfied: tzdata>=2022.7 in /home/***/.local/lib/python3.12/site-packages (from pandas>=2.2.2->-r requirements.txt (line 2)) (2024.1)
[2025-10-31T08:29:45.082+0000] {subprocess.py:93} INFO - Requirement already satisfied: charset-normalizer<4,>=2 in /home/***/.local/lib/python3.12/site-packages (from requests>=2.32.3->-r requirements.txt (line 3)) (3.3.2)
[2025-10-31T08:29:45.083+0000] {subprocess.py:93} INFO - Requirement already satisfied: idna<4,>=2.5 in /home/***/.local/lib/python3.12/site-packages (from requests>=2.32.3->-r requirements.txt (line 3)) (3.10)
[2025-10-31T08:29:45.084+0000] {subprocess.py:93} INFO - Requirement already satisfied: urllib3<3,>=1.21.1 in /home/***/.local/lib/python3.12/site-packages (from requests>=2.32.3->-r requirements.txt (line 3)) (2.2.2)
[2025-10-31T08:29:45.084+0000] {subprocess.py:93} INFO - Requirement already satisfied: certifi>=2017.4.17 in /home/***/.local/lib/python3.12/site-packages (from requests>=2.32.3->-r requirements.txt (line 3)) (2024.8.30)
[2025-10-31T08:29:45.127+0000] {subprocess.py:93} INFO - Collecting apache-***-core==3.1.1 (from apache-***>=2.10.3->-r requirements.txt (line 4))
[2025-10-31T08:29:45.151+0000] {subprocess.py:93} INFO -   Downloading apache_***_core-3.1.1-py3-none-any.whl.metadata (7.3 kB)
[2025-10-31T08:29:45.195+0000] {subprocess.py:93} INFO - Collecting apache-***-task-sdk>=1.1.1 (from apache-***>=2.10.3->-r requirements.txt (line 4))
[2025-10-31T08:29:45.216+0000] {subprocess.py:93} INFO -   Downloading apache_***_task_sdk-1.1.1-py3-none-any.whl.metadata (4.0 kB)
[2025-10-31T08:29:45.263+0000] {subprocess.py:93} INFO - Collecting a2wsgi>=1.10.8 (from apache-***-core==3.1.1->apache-***>=2.10.3->-r requirements.txt (line 4))
[2025-10-31T08:29:45.283+0000] {subprocess.py:93} INFO -   Downloading a2wsgi-1.10.10-py3-none-any.whl.metadata (4.0 kB)
[2025-10-31T08:29:45.314+0000] {subprocess.py:93} INFO - Collecting aiosqlite>=0.20.0 (from apache-***-core==3.1.1->apache-***>=2.10.3->-r requirements.txt (line 4))
[2025-10-31T08:29:45.335+0000] {subprocess.py:93} INFO -   Downloading aiosqlite-0.21.0-py3-none-any.whl.metadata (4.3 kB)
[2025-10-31T08:29:45.339+0000] {subprocess.py:93} INFO - Requirement already satisfied: alembic<2.0,>=1.13.1 in /home/***/.local/lib/python3.12/site-packages (from apache-***-core==3.1.1->apache-***>=2.10.3->-r requirements.txt (line 4)) (1.13.2)
[2025-10-31T08:29:45.376+0000] {subprocess.py:93} INFO - Collecting apache-***-providers-common-compat>=1.7.4 (from apache-***-core==3.1.1->apache-***>=2.10.3->-r requirements.txt (line 4))
[2025-10-31T08:29:45.396+0000] {subprocess.py:93} INFO -   Downloading apache_***_providers_common_compat-1.8.0-py3-none-any.whl.metadata (5.5 kB)
[2025-10-31T08:29:45.442+0000] {subprocess.py:93} INFO - Collecting apache-***-providers-common-io>=1.6.3 (from apache-***-core==3.1.1->apache-***>=2.10.3->-r requirements.txt (line 4))
[2025-10-31T08:29:45.464+0000] {subprocess.py:93} INFO -   Downloading apache_***_providers_common_io-1.6.4-py3-none-any.whl.metadata (5.6 kB)
[2025-10-31T08:29:45.586+0000] {subprocess.py:93} INFO - Collecting apache-***-providers-common-sql>=1.28.1 (from apache-***-core==3.1.1->apache-***>=2.10.3->-r requirements.txt (line 4))
[2025-10-31T08:29:45.608+0000] {subprocess.py:93} INFO -   Downloading apache_***_providers_common_sql-1.28.2-py3-none-any.whl.metadata (6.1 kB)
[2025-10-31T08:29:45.666+0000] {subprocess.py:93} INFO - Collecting apache-***-providers-smtp>=2.3.1 (from apache-***-core==3.1.1->apache-***>=2.10.3->-r requirements.txt (line 4))
[2025-10-31T08:29:45.685+0000] {subprocess.py:93} INFO -   Downloading apache_***_providers_smtp-2.3.1-py3-none-any.whl.metadata (5.2 kB)
[2025-10-31T08:29:45.725+0000] {subprocess.py:93} INFO - Collecting apache-***-providers-standard>=1.9.0 (from apache-***-core==3.1.1->apache-***>=2.10.3->-r requirements.txt (line 4))
[2025-10-31T08:29:45.745+0000] {subprocess.py:93} INFO -   Downloading apache_***_providers_standard-1.9.1-py3-none-any.whl.metadata (5.1 kB)
[2025-10-31T08:29:45.753+0000] {subprocess.py:93} INFO - Requirement already satisfied: argcomplete>=1.10 in /home/***/.local/lib/python3.12/site-packages (from apache-***-core==3.1.1->apache-***>=2.10.3->-r requirements.txt (line 4)) (3.5.0)
[2025-10-31T08:29:45.754+0000] {subprocess.py:93} INFO - Requirement already satisfied: asgiref>=2.3.0 in /home/***/.local/lib/python3.12/site-packages (from apache-***-core==3.1.1->apache-***>=2.10.3->-r requirements.txt (line 4)) (3.8.1)
[2025-10-31T08:29:45.755+0000] {subprocess.py:93} INFO - Requirement already satisfied: attrs!=25.2.0,>=22.1.0 in /home/***/.local/lib/python3.12/site-packages (from apache-***-core==3.1.1->apache-***>=2.10.3->-r requirements.txt (line 4)) (24.2.0)
[2025-10-31T08:29:45.833+0000] {subprocess.py:93} INFO - Collecting cadwyn>=5.2.1 (from apache-***-core==3.1.1->apache-***>=2.10.3->-r requirements.txt (line 4))
[2025-10-31T08:29:45.854+0000] {subprocess.py:93} INFO -   Downloading cadwyn-5.6.0-py3-none-any.whl.metadata (4.5 kB)
[2025-10-31T08:29:45.861+0000] {subprocess.py:93} INFO - Requirement already satisfied: colorlog>=6.8.2 in /home/***/.local/lib/python3.12/site-packages (from apache-***-core==3.1.1->apache-***>=2.10.3->-r requirements.txt (line 4)) (6.8.2)
[2025-10-31T08:29:45.862+0000] {subprocess.py:93} INFO - Requirement already satisfied: cron-descriptor>=1.2.24 in /home/***/.local/lib/python3.12/site-packages (from apache-***-core==3.1.1->apache-***>=2.10.3->-r requirements.txt (line 4)) (1.4.5)
[2025-10-31T08:29:45.862+0000] {subprocess.py:93} INFO - Requirement already satisfied: croniter>=2.0.2 in /home/***/.local/lib/python3.12/site-packages (from apache-***-core==3.1.1->apache-***>=2.10.3->-r requirements.txt (line 4)) (3.0.3)
[2025-10-31T08:29:45.863+0000] {subprocess.py:93} INFO - Requirement already satisfied: cryptography>=41.0.0 in /home/***/.local/lib/python3.12/site-packages (from apache-***-core==3.1.1->apache-***>=2.10.3->-r requirements.txt (line 4)) (42.0.8)
[2025-10-31T08:29:45.864+0000] {subprocess.py:93} INFO - Requirement already satisfied: deprecated>=1.2.13 in /home/***/.local/lib/python3.12/site-packages (from apache-***-core==3.1.1->apache-***>=2.10.3->-r requirements.txt (line 4)) (1.2.14)
[2025-10-31T08:29:45.865+0000] {subprocess.py:93} INFO - Requirement already satisfied: dill>=0.2.2 in /home/***/.local/lib/python3.12/site-packages (from apache-***-core==3.1.1->apache-***>=2.10.3->-r requirements.txt (line 4)) (0.3.8)
[2025-10-31T08:29:45.970+0000] {subprocess.py:93} INFO - Collecting fastapi<0.118.0,>=0.116.0 (from fastapi[standard-no-fastapi-cloud-cli]<0.118.0,>=0.116.0->apache-***-core==3.1.1->apache-***>=2.10.3->-r requirements.txt (line 4))
[2025-10-31T08:29:45.992+0000] {subprocess.py:93} INFO -   Downloading fastapi-0.117.1-py3-none-any.whl.metadata (28 kB)
[2025-10-31T08:29:46.006+0000] {subprocess.py:93} INFO - Requirement already satisfied: httpx>=0.25.0 in /home/***/.local/lib/python3.12/site-packages (from apache-***-core==3.1.1->apache-***>=2.10.3->-r requirements.txt (line 4)) (0.27.0)
[2025-10-31T08:29:46.076+0000] {subprocess.py:93} INFO - Collecting importlib-metadata>=7.0 (from apache-***-core==3.1.1->apache-***>=2.10.3->-r requirements.txt (line 4))
[2025-10-31T08:29:46.096+0000] {subprocess.py:93} INFO -   Downloading importlib_metadata-8.7.0-py3-none-any.whl.metadata (4.8 kB)
[2025-10-31T08:29:46.104+0000] {subprocess.py:93} INFO - Requirement already satisfied: itsdangerous>=2.0 in /home/***/.local/lib/python3.12/site-packages (from apache-***-core==3.1.1->apache-***>=2.10.3->-r requirements.txt (line 4)) (2.2.0)
[2025-10-31T08:29:46.143+0000] {subprocess.py:93} INFO - Collecting jinja2>=3.1.5 (from apache-***-core==3.1.1->apache-***>=2.10.3->-r requirements.txt (line 4))
[2025-10-31T08:29:46.159+0000] {subprocess.py:93} INFO -   Downloading jinja2-3.1.6-py3-none-any.whl.metadata (2.9 kB)
[2025-10-31T08:29:46.162+0000] {subprocess.py:93} INFO - Requirement already satisfied: jsonschema>=4.19.1 in /home/***/.local/lib/python3.12/site-packages (from apache-***-core==3.1.1->apache-***>=2.10.3->-r requirements.txt (line 4)) (4.23.0)
[2025-10-31T08:29:46.163+0000] {subprocess.py:93} INFO - Requirement already satisfied: lazy-object-proxy>=1.2.0 in /home/***/.local/lib/python3.12/site-packages (from apache-***-core==3.1.1->apache-***>=2.10.3->-r requirements.txt (line 4)) (1.10.0)
[2025-10-31T08:29:46.319+0000] {subprocess.py:93} INFO - Collecting libcst>=1.8.2 (from apache-***-core==3.1.1->apache-***>=2.10.3->-r requirements.txt (line 4))
[2025-10-31T08:29:46.344+0000] {subprocess.py:93} INFO -   Downloading libcst-1.8.5-cp312-cp312-manylinux_2_28_x86_64.whl.metadata (15 kB)
[2025-10-31T08:29:46.352+0000] {subprocess.py:93} INFO - Requirement already satisfied: linkify-it-py>=2.0.0 in /home/***/.local/lib/python3.12/site-packages (from apache-***-core==3.1.1->apache-***>=2.10.3->-r requirements.txt (line 4)) (2.0.3)
[2025-10-31T08:29:46.353+0000] {subprocess.py:93} INFO - Requirement already satisfied: lockfile>=0.12.2 in /home/***/.local/lib/python3.12/site-packages (from apache-***-core==3.1.1->apache-***>=2.10.3->-r requirements.txt (line 4)) (0.12.2)
[2025-10-31T08:29:46.355+0000] {subprocess.py:93} INFO - Requirement already satisfied: methodtools>=0.4.7 in /home/***/.local/lib/python3.12/site-packages (from apache-***-core==3.1.1->apache-***>=2.10.3->-r requirements.txt (line 4)) (0.4.7)
[2025-10-31T08:29:46.441+0000] {subprocess.py:93} INFO - Collecting msgspec>=0.19.0 (from apache-***-core==3.1.1->apache-***>=2.10.3->-r requirements.txt (line 4))
[2025-10-31T08:29:46.461+0000] {subprocess.py:93} INFO -   Downloading msgspec-0.19.0-cp312-cp312-manylinux_2_17_x86_64.manylinux2014_x86_64.whl.metadata (6.9 kB)
[2025-10-31T08:29:46.510+0000] {subprocess.py:93} INFO - Collecting natsort>=8.4.0 (from apache-***-core==3.1.1->apache-***>=2.10.3->-r requirements.txt (line 4))
[2025-10-31T08:29:46.532+0000] {subprocess.py:93} INFO -   Downloading natsort-8.4.0-py3-none-any.whl.metadata (21 kB)
[2025-10-31T08:29:46.541+0000] {subprocess.py:93} INFO - Requirement already satisfied: opentelemetry-api>=1.27.0 in /home/***/.local/lib/python3.12/site-packages (from apache-***-core==3.1.1->apache-***>=2.10.3->-r requirements.txt (line 4)) (1.27.0)
[2025-10-31T08:29:46.542+0000] {subprocess.py:93} INFO - Requirement already satisfied: opentelemetry-exporter-otlp>=1.27.0 in /home/***/.local/lib/python3.12/site-packages (from apache-***-core==3.1.1->apache-***>=2.10.3->-r requirements.txt (line 4)) (1.27.0)
[2025-10-31T08:29:46.542+0000] {subprocess.py:93} INFO - Requirement already satisfied: opentelemetry-proto<9999,>=1.27.0 in /home/***/.local/lib/python3.12/site-packages (from apache-***-core==3.1.1->apache-***>=2.10.3->-r requirements.txt (line 4)) (1.27.0)
[2025-10-31T08:29:46.585+0000] {subprocess.py:93} INFO - Collecting packaging>=25.0 (from apache-***-core==3.1.1->apache-***>=2.10.3->-r requirements.txt (line 4))
[2025-10-31T08:29:46.603+0000] {subprocess.py:93} INFO -   Downloading packaging-25.0-py3-none-any.whl.metadata (3.3 kB)
[2025-10-31T08:29:46.608+0000] {subprocess.py:93} INFO - Requirement already satisfied: pathspec>=0.9.0 in /home/***/.local/lib/python3.12/site-packages (from apache-***-core==3.1.1->apache-***>=2.10.3->-r requirements.txt (line 4)) (0.12.1)
[2025-10-31T08:29:46.704+0000] {subprocess.py:93} INFO - Collecting pendulum>=3.1.0 (from apache-***-core==3.1.1->apache-***>=2.10.3->-r requirements.txt (line 4))
[2025-10-31T08:29:46.725+0000] {subprocess.py:93} INFO -   Downloading pendulum-3.1.0-cp312-cp312-manylinux_2_17_x86_64.manylinux2014_x86_64.whl.metadata (6.8 kB)
[2025-10-31T08:29:46.731+0000] {subprocess.py:93} INFO - Requirement already satisfied: pluggy>=1.5.0 in /home/***/.local/lib/python3.12/site-packages (from apache-***-core==3.1.1->apache-***>=2.10.3->-r requirements.txt (line 4)) (1.5.0)
[2025-10-31T08:29:46.732+0000] {subprocess.py:93} INFO - Requirement already satisfied: psutil>=5.8.0 in /home/***/.local/lib/python3.12/site-packages (from apache-***-core==3.1.1->apache-***>=2.10.3->-r requirements.txt (line 4)) (6.0.0)
[2025-10-31T08:29:46.954+0000] {subprocess.py:93} INFO - Collecting pydantic>=2.11.0 (from apache-***-core==3.1.1->apache-***>=2.10.3->-r requirements.txt (line 4))
[2025-10-31T08:29:46.971+0000] {subprocess.py:93} INFO -   Downloading pydantic-2.12.3-py3-none-any.whl.metadata (87 kB)
[2025-10-31T08:29:46.987+0000] {subprocess.py:93} INFO - Requirement already satisfied: pygments!=2.19.0,>=2.0.1 in /home/***/.local/lib/python3.12/site-packages (from apache-***-core==3.1.1->apache-***>=2.10.3->-r requirements.txt (line 4)) (2.18.0)
[2025-10-31T08:29:47.013+0000] {subprocess.py:93} INFO - Collecting pygtrie>=2.5.0 (from apache-***-core==3.1.1->apache-***>=2.10.3->-r requirements.txt (line 4))
[2025-10-31T08:29:47.034+0000] {subprocess.py:93} INFO -   Downloading pygtrie-2.5.0-py3-none-any.whl.metadata (7.5 kB)
[2025-10-31T08:29:47.073+0000] {subprocess.py:93} INFO - Collecting pyjwt>=2.10.0 (from apache-***-core==3.1.1->apache-***>=2.10.3->-r requirements.txt (line 4))
[2025-10-31T08:29:47.095+0000] {subprocess.py:93} INFO -   Downloading PyJWT-2.10.1-py3-none-any.whl.metadata (4.0 kB)
[2025-10-31T08:29:47.101+0000] {subprocess.py:93} INFO - Requirement already satisfied: python-daemon>=3.0.0 in /home/***/.local/lib/python3.12/site-packages (from apache-***-core==3.1.1->apache-***>=2.10.3->-r requirements.txt (line 4)) (3.0.1)
[2025-10-31T08:29:47.102+0000] {subprocess.py:93} INFO - Requirement already satisfied: python-slugify>=5.0 in /home/***/.local/lib/python3.12/site-packages (from apache-***-core==3.1.1->apache-***>=2.10.3->-r requirements.txt (line 4)) (8.0.4)
[2025-10-31T08:29:47.102+0000] {subprocess.py:93} INFO - Requirement already satisfied: rich-argparse>=1.0.0 in /home/***/.local/lib/python3.12/site-packages (from apache-***-core==3.1.1->apache-***>=2.10.3->-r requirements.txt (line 4)) (1.5.2)
[2025-10-31T08:29:47.103+0000] {subprocess.py:93} INFO - Requirement already satisfied: rich>=13.6.0 in /home/***/.local/lib/python3.12/site-packages (from apache-***-core==3.1.1->apache-***>=2.10.3->-r requirements.txt (line 4)) (13.8.1)
[2025-10-31T08:29:47.103+0000] {subprocess.py:93} INFO - Requirement already satisfied: setproctitle>=1.3.3 in /home/***/.local/lib/python3.12/site-packages (from apache-***-core==3.1.1->apache-***>=2.10.3->-r requirements.txt (line 4)) (1.3.3)
[2025-10-31T08:29:47.104+0000] {subprocess.py:93} INFO - Requirement already satisfied: sqlalchemy-jsonfield>=1.0 in /home/***/.local/lib/python3.12/site-packages (from apache-***-core==3.1.1->apache-***>=2.10.3->-r requirements.txt (line 4)) (1.0.2)
[2025-10-31T08:29:47.105+0000] {subprocess.py:93} INFO - Requirement already satisfied: sqlalchemy-utils>=0.41.2 in /home/***/.local/lib/python3.12/site-packages (from apache-***-core==3.1.1->apache-***>=2.10.3->-r requirements.txt (line 4)) (0.41.2)
[2025-10-31T08:29:47.106+0000] {subprocess.py:93} INFO - Requirement already satisfied: sqlalchemy>=1.4.49 in /home/***/.local/lib/python3.12/site-packages (from sqlalchemy[asyncio]>=1.4.49->apache-***-core==3.1.1->apache-***>=2.10.3->-r requirements.txt (line 4)) (1.4.54)
[2025-10-31T08:29:47.172+0000] {subprocess.py:93} INFO - Collecting starlette>=0.45.0 (from apache-***-core==3.1.1->apache-***>=2.10.3->-r requirements.txt (line 4))
[2025-10-31T08:29:47.199+0000] {subprocess.py:93} INFO -   Downloading starlette-0.49.1-py3-none-any.whl.metadata (6.4 kB)
[2025-10-31T08:29:47.238+0000] {subprocess.py:93} INFO - Collecting structlog>=25.4.0 (from apache-***-core==3.1.1->apache-***>=2.10.3->-r requirements.txt (line 4))
[2025-10-31T08:29:47.257+0000] {subprocess.py:93} INFO -   Downloading structlog-25.5.0-py3-none-any.whl.metadata (9.5 kB)
[2025-10-31T08:29:47.307+0000] {subprocess.py:93} INFO - Collecting svcs>=25.1.0 (from apache-***-core==3.1.1->apache-***>=2.10.3->-r requirements.txt (line 4))
[2025-10-31T08:29:47.324+0000] {subprocess.py:93} INFO -   Downloading svcs-25.1.0-py3-none-any.whl.metadata (7.6 kB)
[2025-10-31T08:29:47.334+0000] {subprocess.py:93} INFO - Requirement already satisfied: tabulate>=0.9.0 in /home/***/.local/lib/python3.12/site-packages (from apache-***-core==3.1.1->apache-***>=2.10.3->-r requirements.txt (line 4)) (0.9.0)
[2025-10-31T08:29:47.335+0000] {subprocess.py:93} INFO - Requirement already satisfied: tenacity>=8.3.0 in /home/***/.local/lib/python3.12/site-packages (from apache-***-core==3.1.1->apache-***>=2.10.3->-r requirements.txt (line 4)) (8.5.0)
[2025-10-31T08:29:47.362+0000] {subprocess.py:93} INFO - Collecting termcolor>=3.0.0 (from apache-***-core==3.1.1->apache-***>=2.10.3->-r requirements.txt (line 4))
[2025-10-31T08:29:47.383+0000] {subprocess.py:93} INFO -   Downloading termcolor-3.2.0-py3-none-any.whl.metadata (6.4 kB)
[2025-10-31T08:29:47.425+0000] {subprocess.py:93} INFO - Collecting typing-extensions>=4.14.1 (from apache-***-core==3.1.1->apache-***>=2.10.3->-r requirements.txt (line 4))
[2025-10-31T08:29:47.444+0000] {subprocess.py:93} INFO -   Downloading typing_extensions-4.15.0-py3-none-any.whl.metadata (3.3 kB)
[2025-10-31T08:29:47.546+0000] {subprocess.py:93} INFO - Collecting universal-pathlib<0.3.0,>=0.2.6 (from apache-***-core==3.1.1->apache-***>=2.10.3->-r requirements.txt (line 4))
[2025-10-31T08:29:47.572+0000] {subprocess.py:93} INFO -   Downloading universal_pathlib-0.2.6-py3-none-any.whl.metadata (25 kB)
[2025-10-31T08:29:47.617+0000] {subprocess.py:93} INFO - Collecting uuid6>=2024.7.10 (from apache-***-core==3.1.1->apache-***>=2.10.3->-r requirements.txt (line 4))
[2025-10-31T08:29:47.642+0000] {subprocess.py:93} INFO -   Downloading uuid6-2025.0.1-py3-none-any.whl.metadata (10 kB)
[2025-10-31T08:29:47.674+0000] {subprocess.py:93} INFO - Collecting branca>=0.6.0 (from folium>=0.14.0->-r requirements.txt (line 5))
[2025-10-31T08:29:47.692+0000] {subprocess.py:93} INFO -   Downloading branca-0.8.2-py3-none-any.whl.metadata (1.7 kB)
[2025-10-31T08:29:47.728+0000] {subprocess.py:93} INFO - Collecting xyzservices (from folium>=0.14.0->-r requirements.txt (line 5))
[2025-10-31T08:29:47.752+0000] {subprocess.py:93} INFO -   Downloading xyzservices-2025.10.0-py3-none-any.whl.metadata (4.3 kB)
[2025-10-31T08:29:47.776+0000] {subprocess.py:93} INFO - Collecting blinker>=1.9.0 (from Flask>=2.3.3->-r requirements.txt (line 6))
[2025-10-31T08:29:47.795+0000] {subprocess.py:93} INFO -   Downloading blinker-1.9.0-py3-none-any.whl.metadata (1.6 kB)
[2025-10-31T08:29:47.799+0000] {subprocess.py:93} INFO - Requirement already satisfied: click>=8.1.3 in /home/***/.local/lib/python3.12/site-packages (from Flask>=2.3.3->-r requirements.txt (line 6)) (8.1.7)
[2025-10-31T08:29:47.804+0000] {subprocess.py:93} INFO - Requirement already satisfied: markupsafe>=2.1.1 in /home/***/.local/lib/python3.12/site-packages (from Flask>=2.3.3->-r requirements.txt (line 6)) (2.1.5)
[2025-10-31T08:29:47.909+0000] {subprocess.py:93} INFO - Collecting werkzeug>=3.1.0 (from Flask>=2.3.3->-r requirements.txt (line 6))
[2025-10-31T08:29:47.928+0000] {subprocess.py:93} INFO -   Downloading werkzeug-3.1.3-py3-none-any.whl.metadata (3.7 kB)
[2025-10-31T08:29:47.985+0000] {subprocess.py:93} INFO - Collecting babel>=2.17.0 (from apache-***-task-sdk>=1.1.1->apache-***>=2.10.3->-r requirements.txt (line 4))
[2025-10-31T08:29:48.004+0000] {subprocess.py:93} INFO -   Downloading babel-2.17.0-py3-none-any.whl.metadata (2.0 kB)
[2025-10-31T08:29:48.008+0000] {subprocess.py:93} INFO - Requirement already satisfied: fsspec>=2023.10.0 in /home/***/.local/lib/python3.12/site-packages (from apache-***-task-sdk>=1.1.1->apache-***>=2.10.3->-r requirements.txt (line 4)) (2024.9.0)
[2025-10-31T08:29:48.115+0000] {subprocess.py:93} INFO - Collecting greenback>=1.2.1 (from apache-***-task-sdk>=1.1.1->apache-***>=2.10.3->-r requirements.txt (line 4))
[2025-10-31T08:29:48.133+0000] {subprocess.py:93} INFO -   Downloading greenback-1.2.1-py3-none-any.whl.metadata (9.5 kB)
[2025-10-31T08:29:48.304+0000] {subprocess.py:93} INFO - Collecting psutil>=5.8.0 (from apache-***-core==3.1.1->apache-***>=2.10.3->-r requirements.txt (line 4))
[2025-10-31T08:29:48.321+0000] {subprocess.py:93} INFO -   Downloading psutil-7.1.2-cp36-abi3-manylinux2010_x86_64.manylinux_2_12_x86_64.manylinux_2_28_x86_64.whl.metadata (23 kB)
[2025-10-31T08:29:48.367+0000] {subprocess.py:93} INFO - Collecting retryhttp!=1.3.0,>=1.2.0 (from apache-***-task-sdk>=1.1.1->apache-***>=2.10.3->-r requirements.txt (line 4))
[2025-10-31T08:29:48.387+0000] {subprocess.py:93} INFO -   Downloading retryhttp-1.4.0-py3-none-any.whl.metadata (17 kB)
[2025-10-31T08:29:48.451+0000] {subprocess.py:93} INFO - Collecting types-requests>=2.31.0 (from apache-***-task-sdk>=1.1.1->apache-***>=2.10.3->-r requirements.txt (line 4))
[2025-10-31T08:29:48.476+0000] {subprocess.py:93} INFO -   Downloading types_requests-2.32.4.20250913-py3-none-any.whl.metadata (2.0 kB)
[2025-10-31T08:29:48.520+0000] {subprocess.py:93} INFO - Requirement already satisfied: six>=1.5 in /home/***/.local/lib/python3.12/site-packages (from python-dateutil>=2.8.2->pandas>=2.2.2->-r requirements.txt (line 2)) (1.16.0)
[2025-10-31T08:29:48.555+0000] {subprocess.py:93} INFO - Requirement already satisfied: Mako in /home/***/.local/lib/python3.12/site-packages (from alembic<2.0,>=1.13.1->apache-***-core==3.1.1->apache-***>=2.10.3->-r requirements.txt (line 4)) (1.3.5)
[2025-10-31T08:29:48.584+0000] {subprocess.py:93} INFO - Requirement already satisfied: sqlparse>=0.5.1 in /home/***/.local/lib/python3.12/site-packages (from apache-***-providers-common-sql>=1.28.1->apache-***-core==3.1.1->apache-***>=2.10.3->-r requirements.txt (line 4)) (0.5.1)
[2025-10-31T08:29:48.589+0000] {subprocess.py:93} INFO - Requirement already satisfied: more-itertools>=9.0.0 in /home/***/.local/lib/python3.12/site-packages (from apache-***-providers-common-sql>=1.28.1->apache-***-core==3.1.1->apache-***>=2.10.3->-r requirements.txt (line 4)) (10.5.0)
[2025-10-31T08:29:48.684+0000] {subprocess.py:93} INFO - Collecting aiosmtplib>=0.1.6 (from apache-***-providers-smtp>=2.3.1->apache-***-core==3.1.1->apache-***>=2.10.3->-r requirements.txt (line 4))
[2025-10-31T08:29:48.713+0000] {subprocess.py:93} INFO -   Downloading aiosmtplib-5.0.0-py3-none-any.whl.metadata (3.6 kB)
[2025-10-31T08:29:48.775+0000] {subprocess.py:93} INFO - INFO: pip is looking at multiple versions of cadwyn to determine which version is compatible with other requirements. This could take a while.
[2025-10-31T08:29:48.776+0000] {subprocess.py:93} INFO - Collecting cadwyn>=5.2.1 (from apache-***-core==3.1.1->apache-***>=2.10.3->-r requirements.txt (line 4))
[2025-10-31T08:29:48.797+0000] {subprocess.py:93} INFO -   Downloading cadwyn-5.5.0-py3-none-any.whl.metadata (4.5 kB)
[2025-10-31T08:29:48.828+0000] {subprocess.py:93} INFO -   Downloading cadwyn-5.4.5-py3-none-any.whl.metadata (4.5 kB)
[2025-10-31T08:29:48.888+0000] {subprocess.py:93} INFO - Collecting typing-inspection>=0.4.0 (from cadwyn>=5.2.1->apache-***-core==3.1.1->apache-***>=2.10.3->-r requirements.txt (line 4))
[2025-10-31T08:29:48.907+0000] {subprocess.py:93} INFO -   Downloading typing_inspection-0.4.2-py3-none-any.whl.metadata (2.6 kB)
[2025-10-31T08:29:48.927+0000] {subprocess.py:93} INFO - Requirement already satisfied: cffi>=1.12 in /home/***/.local/lib/python3.12/site-packages (from cryptography>=41.0.0->apache-***-core==3.1.1->apache-***>=2.10.3->-r requirements.txt (line 4)) (1.17.1)
[2025-10-31T08:29:48.932+0000] {subprocess.py:93} INFO - Requirement already satisfied: wrapt<2,>=1.10 in /home/***/.local/lib/python3.12/site-packages (from deprecated>=1.2.13->apache-***-core==3.1.1->apache-***>=2.10.3->-r requirements.txt (line 4)) (1.16.0)
[2025-10-31T08:29:48.958+0000] {subprocess.py:93} INFO - Collecting starlette>=0.45.0 (from apache-***-core==3.1.1->apache-***>=2.10.3->-r requirements.txt (line 4))
[2025-10-31T08:29:48.979+0000] {subprocess.py:93} INFO -   Downloading starlette-0.48.0-py3-none-any.whl.metadata (6.3 kB)
[2025-10-31T08:29:49.040+0000] {subprocess.py:93} INFO - Collecting fastapi-cli>=0.0.8 (from fastapi-cli[standard-no-fastapi-cloud-cli]>=0.0.8; extra == "standard-no-fastapi-cloud-cli"->fastapi[standard-no-fastapi-cloud-cli]<0.118.0,>=0.116.0->apache-***-core==3.1.1->apache-***>=2.10.3->-r requirements.txt (line 4))
[2025-10-31T08:29:49.061+0000] {subprocess.py:93} INFO -   Downloading fastapi_cli-0.0.14-py3-none-any.whl.metadata (6.4 kB)
[2025-10-31T08:29:49.094+0000] {subprocess.py:93} INFO - Collecting python-multipart>=0.0.18 (from fastapi[standard-no-fastapi-cloud-cli]<0.118.0,>=0.116.0->apache-***-core==3.1.1->apache-***>=2.10.3->-r requirements.txt (line 4))
[2025-10-31T08:29:49.113+0000] {subprocess.py:93} INFO -   Downloading python_multipart-0.0.20-py3-none-any.whl.metadata (1.8 kB)
[2025-10-31T08:29:49.117+0000] {subprocess.py:93} INFO - Requirement already satisfied: email-validator>=2.0.0 in /home/***/.local/lib/python3.12/site-packages (from fastapi[standard-no-fastapi-cloud-cli]<0.118.0,>=0.116.0->apache-***-core==3.1.1->apache-***>=2.10.3->-r requirements.txt (line 4)) (2.2.0)
[2025-10-31T08:29:49.180+0000] {subprocess.py:93} INFO - Collecting uvicorn>=0.12.0 (from uvicorn[standard]>=0.12.0; extra == "standard-no-fastapi-cloud-cli"->fastapi[standard-no-fastapi-cloud-cli]<0.118.0,>=0.116.0->apache-***-core==3.1.1->apache-***>=2.10.3->-r requirements.txt (line 4))
[2025-10-31T08:29:49.200+0000] {subprocess.py:93} INFO -   Downloading uvicorn-0.38.0-py3-none-any.whl.metadata (6.8 kB)
[2025-10-31T08:29:49.223+0000] {subprocess.py:93} INFO - Requirement already satisfied: greenlet!=0.4.17 in /home/***/.local/lib/python3.12/site-packages (from greenback>=1.2.1->apache-***-task-sdk>=1.1.1->apache-***>=2.10.3->-r requirements.txt (line 4)) (3.1.0)
[2025-10-31T08:29:49.224+0000] {subprocess.py:93} INFO - Requirement already satisfied: sniffio in /home/***/.local/lib/python3.12/site-packages (from greenback>=1.2.1->apache-***-task-sdk>=1.1.1->apache-***>=2.10.3->-r requirements.txt (line 4)) (1.3.1)
[2025-10-31T08:29:49.253+0000] {subprocess.py:93} INFO - Collecting outcome (from greenback>=1.2.1->apache-***-task-sdk>=1.1.1->apache-***>=2.10.3->-r requirements.txt (line 4))
[2025-10-31T08:29:49.271+0000] {subprocess.py:93} INFO -   Downloading outcome-1.3.0.post0-py2.py3-none-any.whl.metadata (2.6 kB)
[2025-10-31T08:29:49.284+0000] {subprocess.py:93} INFO - Requirement already satisfied: anyio in /home/***/.local/lib/python3.12/site-packages (from httpx>=0.25.0->apache-***-core==3.1.1->apache-***>=2.10.3->-r requirements.txt (line 4)) (4.4.0)
[2025-10-31T08:29:49.285+0000] {subprocess.py:93} INFO - Requirement already satisfied: httpcore==1.* in /home/***/.local/lib/python3.12/site-packages (from httpx>=0.25.0->apache-***-core==3.1.1->apache-***>=2.10.3->-r requirements.txt (line 4)) (1.0.5)
[2025-10-31T08:29:49.290+0000] {subprocess.py:93} INFO - Requirement already satisfied: h11<0.15,>=0.13 in /home/***/.local/lib/python3.12/site-packages (from httpcore==1.*->httpx>=0.25.0->apache-***-core==3.1.1->apache-***>=2.10.3->-r requirements.txt (line 4)) (0.14.0)
[2025-10-31T08:29:49.294+0000] {subprocess.py:93} INFO - Requirement already satisfied: zipp>=3.20 in /home/***/.local/lib/python3.12/site-packages (from importlib-metadata>=7.0->apache-***-core==3.1.1->apache-***>=2.10.3->-r requirements.txt (line 4)) (3.20.2)
[2025-10-31T08:29:49.303+0000] {subprocess.py:93} INFO - Requirement already satisfied: jsonschema-specifications>=2023.03.6 in /home/***/.local/lib/python3.12/site-packages (from jsonschema>=4.19.1->apache-***-core==3.1.1->apache-***>=2.10.3->-r requirements.txt (line 4)) (2023.12.1)
[2025-10-31T08:29:49.304+0000] {subprocess.py:93} INFO - Requirement already satisfied: referencing>=0.28.4 in /home/***/.local/lib/python3.12/site-packages (from jsonschema>=4.19.1->apache-***-core==3.1.1->apache-***>=2.10.3->-r requirements.txt (line 4)) (0.35.1)
[2025-10-31T08:29:49.304+0000] {subprocess.py:93} INFO - Requirement already satisfied: rpds-py>=0.7.1 in /home/***/.local/lib/python3.12/site-packages (from jsonschema>=4.19.1->apache-***-core==3.1.1->apache-***>=2.10.3->-r requirements.txt (line 4)) (0.20.0)
[2025-10-31T08:29:49.312+0000] {subprocess.py:93} INFO - Requirement already satisfied: pyyaml>=5.2 in /home/***/.local/lib/python3.12/site-packages (from libcst>=1.8.2->apache-***-core==3.1.1->apache-***>=2.10.3->-r requirements.txt (line 4)) (6.0.2)
[2025-10-31T08:29:49.320+0000] {subprocess.py:93} INFO - Requirement already satisfied: uc-micro-py in /home/***/.local/lib/python3.12/site-packages (from linkify-it-py>=2.0.0->apache-***-core==3.1.1->apache-***>=2.10.3->-r requirements.txt (line 4)) (1.0.3)
[2025-10-31T08:29:49.329+0000] {subprocess.py:93} INFO - Requirement already satisfied: wirerope>=0.4.7 in /home/***/.local/lib/python3.12/site-packages (from methodtools>=0.4.7->apache-***-core==3.1.1->apache-***>=2.10.3->-r requirements.txt (line 4)) (0.4.7)
[2025-10-31T08:29:49.359+0000] {subprocess.py:93} INFO - Collecting importlib-metadata>=7.0 (from apache-***-core==3.1.1->apache-***>=2.10.3->-r requirements.txt (line 4))
[2025-10-31T08:29:49.380+0000] {subprocess.py:93} INFO -   Downloading importlib_metadata-8.4.0-py3-none-any.whl.metadata (4.7 kB)
[2025-10-31T08:29:49.396+0000] {subprocess.py:93} INFO - Requirement already satisfied: opentelemetry-exporter-otlp-proto-grpc==1.27.0 in /home/***/.local/lib/python3.12/site-packages (from opentelemetry-exporter-otlp>=1.27.0->apache-***-core==3.1.1->apache-***>=2.10.3->-r requirements.txt (line 4)) (1.27.0)
[2025-10-31T08:29:49.399+0000] {subprocess.py:93} INFO - Requirement already satisfied: opentelemetry-exporter-otlp-proto-http==1.27.0 in /home/***/.local/lib/python3.12/site-packages (from opentelemetry-exporter-otlp>=1.27.0->apache-***-core==3.1.1->apache-***>=2.10.3->-r requirements.txt (line 4)) (1.27.0)
[2025-10-31T08:29:49.405+0000] {subprocess.py:93} INFO - Requirement already satisfied: googleapis-common-protos~=1.52 in /home/***/.local/lib/python3.12/site-packages (from opentelemetry-exporter-otlp-proto-grpc==1.27.0->opentelemetry-exporter-otlp>=1.27.0->apache-***-core==3.1.1->apache-***>=2.10.3->-r requirements.txt (line 4)) (1.65.0)
[2025-10-31T08:29:49.406+0000] {subprocess.py:93} INFO - Requirement already satisfied: grpcio<2.0.0,>=1.0.0 in /home/***/.local/lib/python3.12/site-packages (from opentelemetry-exporter-otlp-proto-grpc==1.27.0->opentelemetry-exporter-otlp>=1.27.0->apache-***-core==3.1.1->apache-***>=2.10.3->-r requirements.txt (line 4)) (1.66.1)
[2025-10-31T08:29:49.406+0000] {subprocess.py:93} INFO - Requirement already satisfied: opentelemetry-exporter-otlp-proto-common==1.27.0 in /home/***/.local/lib/python3.12/site-packages (from opentelemetry-exporter-otlp-proto-grpc==1.27.0->opentelemetry-exporter-otlp>=1.27.0->apache-***-core==3.1.1->apache-***>=2.10.3->-r requirements.txt (line 4)) (1.27.0)
[2025-10-31T08:29:49.408+0000] {subprocess.py:93} INFO - Requirement already satisfied: opentelemetry-sdk~=1.27.0 in /home/***/.local/lib/python3.12/site-packages (from opentelemetry-exporter-otlp-proto-grpc==1.27.0->opentelemetry-exporter-otlp>=1.27.0->apache-***-core==3.1.1->apache-***>=2.10.3->-r requirements.txt (line 4)) (1.27.0)
[2025-10-31T08:29:49.413+0000] {subprocess.py:93} INFO - Requirement already satisfied: protobuf<5.0,>=3.19 in /home/***/.local/lib/python3.12/site-packages (from opentelemetry-proto<9999,>=1.27.0->apache-***-core==3.1.1->apache-***>=2.10.3->-r requirements.txt (line 4)) (4.25.4)
[2025-10-31T08:29:49.454+0000] {subprocess.py:93} INFO - Requirement already satisfied: annotated-types>=0.6.0 in /home/***/.local/lib/python3.12/site-packages (from pydantic>=2.11.0->apache-***-core==3.1.1->apache-***>=2.10.3->-r requirements.txt (line 4)) (0.7.0)
[2025-10-31T08:29:50.715+0000] {subprocess.py:93} INFO - Collecting pydantic-core==2.41.4 (from pydantic>=2.11.0->apache-***-core==3.1.1->apache-***>=2.10.3->-r requirements.txt (line 4))
[2025-10-31T08:29:50.738+0000] {subprocess.py:93} INFO -   Downloading pydantic_core-2.41.4-cp312-cp312-manylinux_2_17_x86_64.manylinux2014_x86_64.whl.metadata (7.3 kB)
[2025-10-31T08:29:50.766+0000] {subprocess.py:93} INFO - Requirement already satisfied: docutils in /home/***/.local/lib/python3.12/site-packages (from python-daemon>=3.0.0->apache-***-core==3.1.1->apache-***>=2.10.3->-r requirements.txt (line 4)) (0.16)
[2025-10-31T08:29:50.767+0000] {subprocess.py:93} INFO - Requirement already satisfied: setuptools>=62.4.0 in /home/***/.local/lib/python3.12/site-packages (from python-daemon>=3.0.0->apache-***-core==3.1.1->apache-***>=2.10.3->-r requirements.txt (line 4)) (75.1.0)
[2025-10-31T08:29:50.772+0000] {subprocess.py:93} INFO - Requirement already satisfied: text-unidecode>=1.3 in /home/***/.local/lib/python3.12/site-packages (from python-slugify>=5.0->apache-***-core==3.1.1->apache-***>=2.10.3->-r requirements.txt (line 4)) (1.3)
[2025-10-31T08:29:50.782+0000] {subprocess.py:93} INFO - Requirement already satisfied: markdown-it-py>=2.2.0 in /home/***/.local/lib/python3.12/site-packages (from rich>=13.6.0->apache-***-core==3.1.1->apache-***>=2.10.3->-r requirements.txt (line 4)) (3.0.0)
[2025-10-31T08:29:50.889+0000] {subprocess.py:93} INFO - Requirement already satisfied: pycparser in /home/***/.local/lib/python3.12/site-packages (from cffi>=1.12->cryptography>=41.0.0->apache-***-core==3.1.1->apache-***>=2.10.3->-r requirements.txt (line 4)) (2.22)
[2025-10-31T08:29:50.895+0000] {subprocess.py:93} INFO - Requirement already satisfied: dnspython>=2.0.0 in /home/***/.local/lib/python3.12/site-packages (from email-validator>=2.0.0->fastapi[standard-no-fastapi-cloud-cli]<0.118.0,>=0.116.0->apache-***-core==3.1.1->apache-***>=2.10.3->-r requirements.txt (line 4)) (2.6.1)
[2025-10-31T08:29:50.943+0000] {subprocess.py:93} INFO - Collecting typer>=0.15.1 (from fastapi-cli>=0.0.8->fastapi-cli[standard-no-fastapi-cloud-cli]>=0.0.8; extra == "standard-no-fastapi-cloud-cli"->fastapi[standard-no-fastapi-cloud-cli]<0.118.0,>=0.116.0->apache-***-core==3.1.1->apache-***>=2.10.3->-r requirements.txt (line 4))
[2025-10-31T08:29:50.960+0000] {subprocess.py:93} INFO -   Downloading typer-0.20.0-py3-none-any.whl.metadata (16 kB)
[2025-10-31T08:29:51.025+0000] {subprocess.py:93} INFO - Collecting rich-toolkit>=0.14.8 (from fastapi-cli>=0.0.8->fastapi-cli[standard-no-fastapi-cloud-cli]>=0.0.8; extra == "standard-no-fastapi-cloud-cli"->fastapi[standard-no-fastapi-cloud-cli]<0.118.0,>=0.116.0->apache-***-core==3.1.1->apache-***>=2.10.3->-r requirements.txt (line 4))
[2025-10-31T08:29:51.045+0000] {subprocess.py:93} INFO -   Downloading rich_toolkit-0.15.1-py3-none-any.whl.metadata (1.0 kB)
[2025-10-31T08:29:51.070+0000] {subprocess.py:93} INFO - Requirement already satisfied: mdurl~=0.1 in /home/***/.local/lib/python3.12/site-packages (from markdown-it-py>=2.2.0->rich>=13.6.0->apache-***-core==3.1.1->apache-***>=2.10.3->-r requirements.txt (line 4)) (0.1.2)
[2025-10-31T08:29:51.202+0000] {subprocess.py:93} INFO - Collecting httptools>=0.6.3 (from uvicorn[standard]>=0.12.0; extra == "standard-no-fastapi-cloud-cli"->fastapi[standard-no-fastapi-cloud-cli]<0.118.0,>=0.116.0->apache-***-core==3.1.1->apache-***>=2.10.3->-r requirements.txt (line 4))
[2025-10-31T08:29:51.225+0000] {subprocess.py:93} INFO -   Downloading httptools-0.7.1-cp312-cp312-manylinux1_x86_64.manylinux_2_28_x86_64.manylinux_2_5_x86_64.whl.metadata (3.5 kB)
[2025-10-31T08:29:51.228+0000] {subprocess.py:93} INFO - Requirement already satisfied: python-dotenv>=0.13 in /home/***/.local/lib/python3.12/site-packages (from uvicorn[standard]>=0.12.0; extra == "standard-no-fastapi-cloud-cli"->fastapi[standard-no-fastapi-cloud-cli]<0.118.0,>=0.116.0->apache-***-core==3.1.1->apache-***>=2.10.3->-r requirements.txt (line 4)) (1.0.1)
[2025-10-31T08:29:51.303+0000] {subprocess.py:93} INFO - Collecting uvloop>=0.15.1 (from uvicorn[standard]>=0.12.0; extra == "standard-no-fastapi-cloud-cli"->fastapi[standard-no-fastapi-cloud-cli]<0.118.0,>=0.116.0->apache-***-core==3.1.1->apache-***>=2.10.3->-r requirements.txt (line 4))
[2025-10-31T08:29:51.324+0000] {subprocess.py:93} INFO -   Downloading uvloop-0.22.1-cp312-cp312-manylinux2014_x86_64.manylinux_2_17_x86_64.manylinux_2_28_x86_64.whl.metadata (4.9 kB)
[2025-10-31T08:29:51.467+0000] {subprocess.py:93} INFO - Collecting watchfiles>=0.13 (from uvicorn[standard]>=0.12.0; extra == "standard-no-fastapi-cloud-cli"->fastapi[standard-no-fastapi-cloud-cli]<0.118.0,>=0.116.0->apache-***-core==3.1.1->apache-***>=2.10.3->-r requirements.txt (line 4))
[2025-10-31T08:29:51.495+0000] {subprocess.py:93} INFO -   Downloading watchfiles-1.1.1-cp312-cp312-manylinux_2_17_x86_64.manylinux2014_x86_64.whl.metadata (4.9 kB)
[2025-10-31T08:29:51.688+0000] {subprocess.py:93} INFO - Collecting websockets>=10.4 (from uvicorn[standard]>=0.12.0; extra == "standard-no-fastapi-cloud-cli"->fastapi[standard-no-fastapi-cloud-cli]<0.118.0,>=0.116.0->apache-***-core==3.1.1->apache-***>=2.10.3->-r requirements.txt (line 4))
[2025-10-31T08:29:51.719+0000] {subprocess.py:93} INFO -   Downloading websockets-15.0.1-cp312-cp312-manylinux_2_5_x86_64.manylinux1_x86_64.manylinux_2_17_x86_64.manylinux2014_x86_64.whl.metadata (6.8 kB)
[2025-10-31T08:29:51.799+0000] {subprocess.py:93} INFO - Requirement already satisfied: opentelemetry-semantic-conventions==0.48b0 in /home/***/.local/lib/python3.12/site-packages (from opentelemetry-sdk~=1.27.0->opentelemetry-exporter-otlp-proto-grpc==1.27.0->opentelemetry-exporter-otlp>=1.27.0->apache-***-core==3.1.1->apache-***>=2.10.3->-r requirements.txt (line 4)) (0.48b0)
[2025-10-31T08:29:51.893+0000] {subprocess.py:93} INFO - Collecting shellingham>=1.3.0 (from typer>=0.15.1->fastapi-cli>=0.0.8->fastapi-cli[standard-no-fastapi-cloud-cli]>=0.0.8; extra == "standard-no-fastapi-cloud-cli"->fastapi[standard-no-fastapi-cloud-cli]<0.118.0,>=0.116.0->apache-***-core==3.1.1->apache-***>=2.10.3->-r requirements.txt (line 4))
[2025-10-31T08:29:51.919+0000] {subprocess.py:93} INFO -   Downloading shellingham-1.5.4-py2.py3-none-any.whl.metadata (3.5 kB)
[2025-10-31T08:29:51.975+0000] {subprocess.py:93} INFO - Downloading pandas-2.3.3-cp312-cp312-manylinux_2_24_x86_64.manylinux_2_28_x86_64.whl (12.4 MB)
[2025-10-31T08:29:52.494+0000] {subprocess.py:93} INFO -    ━━━━━━━━━━━━━━━━━━━━━━━━━━━━━━━━━━━━━━━━ 12.4/12.4 MB 24.9 MB/s eta 0:00:00
[2025-10-31T08:29:52.510+0000] {subprocess.py:93} INFO - Downloading apache_***-3.1.1-py3-none-any.whl (12 kB)
[2025-10-31T08:29:52.540+0000] {subprocess.py:93} INFO - Downloading apache_***_core-3.1.1-py3-none-any.whl (5.4 MB)
[2025-10-31T08:29:52.771+0000] {subprocess.py:93} INFO -    ━━━━━━━━━━━━━━━━━━━━━━━━━━━━━━━━━━━━━━━━ 5.4/5.4 MB 23.7 MB/s eta 0:00:00
[2025-10-31T08:29:52.790+0000] {subprocess.py:93} INFO - Downloading folium-0.20.0-py2.py3-none-any.whl (113 kB)
[2025-10-31T08:29:52.813+0000] {subprocess.py:93} INFO - Downloading flask-3.1.2-py3-none-any.whl (103 kB)
[2025-10-31T08:29:52.844+0000] {subprocess.py:93} INFO - Downloading apache_***_task_sdk-1.1.1-py3-none-any.whl (300 kB)
[2025-10-31T08:29:52.873+0000] {subprocess.py:93} INFO - Downloading blinker-1.9.0-py3-none-any.whl (8.5 kB)
[2025-10-31T08:29:52.897+0000] {subprocess.py:93} INFO - Downloading branca-0.8.2-py3-none-any.whl (26 kB)
[2025-10-31T08:29:52.921+0000] {subprocess.py:93} INFO - Downloading jinja2-3.1.6-py3-none-any.whl (134 kB)
[2025-10-31T08:29:52.948+0000] {subprocess.py:93} INFO - Downloading werkzeug-3.1.3-py3-none-any.whl (224 kB)
[2025-10-31T08:29:52.977+0000] {subprocess.py:93} INFO - Downloading xyzservices-2025.10.0-py3-none-any.whl (92 kB)
[2025-10-31T08:29:53.027+0000] {subprocess.py:93} INFO - Downloading a2wsgi-1.10.10-py3-none-any.whl (17 kB)
[2025-10-31T08:29:53.052+0000] {subprocess.py:93} INFO - Downloading aiosqlite-0.21.0-py3-none-any.whl (15 kB)
[2025-10-31T08:29:53.074+0000] {subprocess.py:93} INFO - Downloading apache_***_providers_common_compat-1.8.0-py3-none-any.whl (35 kB)
[2025-10-31T08:29:53.094+0000] {subprocess.py:93} INFO - Downloading apache_***_providers_common_io-1.6.4-py3-none-any.whl (19 kB)
[2025-10-31T08:29:53.122+0000] {subprocess.py:93} INFO - Downloading apache_***_providers_common_sql-1.28.2-py3-none-any.whl (66 kB)
[2025-10-31T08:29:53.169+0000] {subprocess.py:93} INFO - Downloading apache_***_providers_smtp-2.3.1-py3-none-any.whl (24 kB)
[2025-10-31T08:29:53.191+0000] {subprocess.py:93} INFO - Downloading apache_***_providers_standard-1.9.1-py3-none-any.whl (143 kB)
[2025-10-31T08:29:53.233+0000] {subprocess.py:93} INFO - Downloading babel-2.17.0-py3-none-any.whl (10.2 MB)
[2025-10-31T08:29:53.666+0000] {subprocess.py:93} INFO -    ━━━━━━━━━━━━━━━━━━━━━━━━━━━━━━━━━━━━━━━━ 10.2/10.2 MB 23.6 MB/s eta 0:00:00
[2025-10-31T08:29:53.686+0000] {subprocess.py:93} INFO - Downloading cadwyn-5.4.5-py3-none-any.whl (59 kB)
[2025-10-31T08:29:53.708+0000] {subprocess.py:93} INFO - Downloading fastapi-0.117.1-py3-none-any.whl (95 kB)
[2025-10-31T08:29:53.736+0000] {subprocess.py:93} INFO - Downloading greenback-1.2.1-py3-none-any.whl (28 kB)
[2025-10-31T08:29:53.771+0000] {subprocess.py:93} INFO - Downloading libcst-1.8.5-cp312-cp312-manylinux_2_28_x86_64.whl (2.3 MB)
[2025-10-31T08:29:53.901+0000] {subprocess.py:93} INFO -    ━━━━━━━━━━━━━━━━━━━━━━━━━━━━━━━━━━━━━━━━ 2.3/2.3 MB 21.1 MB/s eta 0:00:00
[2025-10-31T08:29:53.921+0000] {subprocess.py:93} INFO - Downloading msgspec-0.19.0-cp312-cp312-manylinux_2_17_x86_64.manylinux2014_x86_64.whl (213 kB)
[2025-10-31T08:29:54.005+0000] {subprocess.py:93} INFO - Downloading natsort-8.4.0-py3-none-any.whl (38 kB)
[2025-10-31T08:29:54.029+0000] {subprocess.py:93} INFO - Downloading importlib_metadata-8.4.0-py3-none-any.whl (26 kB)
[2025-10-31T08:29:54.061+0000] {subprocess.py:93} INFO - Downloading packaging-25.0-py3-none-any.whl (66 kB)
[2025-10-31T08:29:54.085+0000] {subprocess.py:93} INFO - Downloading pendulum-3.1.0-cp312-cp312-manylinux_2_17_x86_64.manylinux2014_x86_64.whl (351 kB)
[2025-10-31T08:29:54.117+0000] {subprocess.py:93} INFO - Downloading psutil-7.1.2-cp36-abi3-manylinux2010_x86_64.manylinux_2_12_x86_64.manylinux_2_28_x86_64.whl (258 kB)
[2025-10-31T08:29:54.158+0000] {subprocess.py:93} INFO - Downloading pydantic-2.12.3-py3-none-any.whl (462 kB)
[2025-10-31T08:29:54.202+0000] {subprocess.py:93} INFO - Downloading pydantic_core-2.41.4-cp312-cp312-manylinux_2_17_x86_64.manylinux2014_x86_64.whl (2.1 MB)
[2025-10-31T08:29:54.294+0000] {subprocess.py:93} INFO -    ━━━━━━━━━━━━━━━━━━━━━━━━━━━━━━━━━━━━━━━━ 2.1/2.1 MB 23.8 MB/s eta 0:00:00
[2025-10-31T08:29:54.312+0000] {subprocess.py:93} INFO - Downloading pygtrie-2.5.0-py3-none-any.whl (25 kB)
[2025-10-31T08:29:54.334+0000] {subprocess.py:93} INFO - Downloading PyJWT-2.10.1-py3-none-any.whl (22 kB)
[2025-10-31T08:29:54.363+0000] {subprocess.py:93} INFO - Downloading retryhttp-1.4.0-py3-none-any.whl (17 kB)
[2025-10-31T08:29:54.385+0000] {subprocess.py:93} INFO - Downloading starlette-0.48.0-py3-none-any.whl (73 kB)
[2025-10-31T08:29:54.409+0000] {subprocess.py:93} INFO - Downloading structlog-25.5.0-py3-none-any.whl (72 kB)
[2025-10-31T08:29:54.435+0000] {subprocess.py:93} INFO - Downloading svcs-25.1.0-py3-none-any.whl (19 kB)
[2025-10-31T08:29:54.457+0000] {subprocess.py:93} INFO - Downloading termcolor-3.2.0-py3-none-any.whl (7.7 kB)
[2025-10-31T08:29:54.476+0000] {subprocess.py:93} INFO - Downloading types_requests-2.32.4.20250913-py3-none-any.whl (20 kB)
[2025-10-31T08:29:54.497+0000] {subprocess.py:93} INFO - Downloading typing_extensions-4.15.0-py3-none-any.whl (44 kB)
[2025-10-31T08:29:54.523+0000] {subprocess.py:93} INFO - Downloading universal_pathlib-0.2.6-py3-none-any.whl (50 kB)
[2025-10-31T08:29:54.552+0000] {subprocess.py:93} INFO - Downloading uuid6-2025.0.1-py3-none-any.whl (7.0 kB)
[2025-10-31T08:29:54.574+0000] {subprocess.py:93} INFO - Downloading aiosmtplib-5.0.0-py3-none-any.whl (27 kB)
[2025-10-31T08:29:54.599+0000] {subprocess.py:93} INFO - Downloading fastapi_cli-0.0.14-py3-none-any.whl (11 kB)
[2025-10-31T08:29:54.621+0000] {subprocess.py:93} INFO - Downloading python_multipart-0.0.20-py3-none-any.whl (24 kB)
[2025-10-31T08:29:54.644+0000] {subprocess.py:93} INFO - Downloading typing_inspection-0.4.2-py3-none-any.whl (14 kB)
[2025-10-31T08:29:54.667+0000] {subprocess.py:93} INFO - Downloading uvicorn-0.38.0-py3-none-any.whl (68 kB)
[2025-10-31T08:29:54.693+0000] {subprocess.py:93} INFO - Downloading outcome-1.3.0.post0-py2.py3-none-any.whl (10 kB)
[2025-10-31T08:29:54.719+0000] {subprocess.py:93} INFO - Downloading httptools-0.7.1-cp312-cp312-manylinux1_x86_64.manylinux_2_28_x86_64.manylinux_2_5_x86_64.whl (517 kB)
[2025-10-31T08:29:54.760+0000] {subprocess.py:93} INFO - Downloading rich_toolkit-0.15.1-py3-none-any.whl (29 kB)
[2025-10-31T08:29:54.781+0000] {subprocess.py:93} INFO - Downloading typer-0.20.0-py3-none-any.whl (47 kB)
[2025-10-31T08:29:54.810+0000] {subprocess.py:93} INFO - Downloading uvloop-0.22.1-cp312-cp312-manylinux2014_x86_64.manylinux_2_17_x86_64.manylinux_2_28_x86_64.whl (4.4 MB)
[2025-10-31T08:29:55.005+0000] {subprocess.py:93} INFO -    ━━━━━━━━━━━━━━━━━━━━━━━━━━━━━━━━━━━━━━━━ 4.4/4.4 MB 23.8 MB/s eta 0:00:00
[2025-10-31T08:29:55.025+0000] {subprocess.py:93} INFO - Downloading watchfiles-1.1.1-cp312-cp312-manylinux_2_17_x86_64.manylinux2014_x86_64.whl (456 kB)
[2025-10-31T08:29:55.064+0000] {subprocess.py:93} INFO - Downloading websockets-15.0.1-cp312-cp312-manylinux_2_5_x86_64.manylinux1_x86_64.manylinux_2_17_x86_64.manylinux2014_x86_64.whl (182 kB)
[2025-10-31T08:29:55.087+0000] {subprocess.py:93} INFO - Downloading shellingham-1.5.4-py2.py3-none-any.whl (9.8 kB)
[2025-10-31T08:29:55.913+0000] {subprocess.py:93} INFO - Installing collected packages: pygtrie, xyzservices, werkzeug, websockets, uvloop, uvicorn, uuid6, universal-pathlib, typing-extensions, types-requests, termcolor, svcs, structlog, shellingham, python-multipart, pyjwt, psutil, packaging, outcome, natsort, msgspec, libcst, jinja2, importlib-metadata, httptools, blinker, babel, aiosmtplib, a2wsgi, watchfiles, typing-inspection, starlette, pydantic-core, pendulum, pandas, greenback, Flask, branca, aiosqlite, typer, rich-toolkit, pydantic, folium, retryhttp, fastapi-cli, fastapi, cadwyn, apache-***-providers-common-compat, apache-***-providers-standard, apache-***-providers-smtp, apache-***-providers-common-sql, apache-***-providers-common-io, apache-***-task-sdk, apache-***-core, apache-***
[2025-10-31T08:29:55.999+0000] {subprocess.py:93} INFO -   Attempting uninstall: werkzeug
[2025-10-31T08:29:56.005+0000] {subprocess.py:93} INFO -     Found existing installation: Werkzeug 2.2.3
[2025-10-31T08:29:56.021+0000] {subprocess.py:93} INFO -     Uninstalling Werkzeug-2.2.3:
[2025-10-31T08:29:56.129+0000] {subprocess.py:93} INFO -       Successfully uninstalled Werkzeug-2.2.3
[2025-10-31T08:29:56.726+0000] {subprocess.py:93} INFO -   Attempting uninstall: universal-pathlib
[2025-10-31T08:29:56.738+0000] {subprocess.py:93} INFO -     Found existing installation: universal_pathlib 0.2.5
[2025-10-31T08:29:56.750+0000] {subprocess.py:93} INFO -     Uninstalling universal_pathlib-0.2.5:
[2025-10-31T08:29:56.781+0000] {subprocess.py:93} INFO -       Successfully uninstalled universal_pathlib-0.2.5
[2025-10-31T08:29:56.850+0000] {subprocess.py:93} INFO -   Attempting uninstall: typing-extensions
[2025-10-31T08:29:56.860+0000] {subprocess.py:93} INFO -     Found existing installation: typing_extensions 4.12.2
[2025-10-31T08:29:56.863+0000] {subprocess.py:93} INFO -     Uninstalling typing_extensions-4.12.2:
[2025-10-31T08:29:59.332+0000] {subprocess.py:93} INFO -       Successfully uninstalled typing_extensions-4.12.2
[2025-10-31T08:29:59.421+0000] {subprocess.py:93} INFO -   Attempting uninstall: termcolor
[2025-10-31T08:29:59.428+0000] {subprocess.py:93} INFO -     Found existing installation: termcolor 2.4.0
[2025-10-31T08:29:59.433+0000] {subprocess.py:93} INFO -     Uninstalling termcolor-2.4.0:
[2025-10-31T08:29:59.439+0000] {subprocess.py:93} INFO -       Successfully uninstalled termcolor-2.4.0
[2025-10-31T08:29:59.646+0000] {subprocess.py:93} INFO -   Attempting uninstall: pyjwt
[2025-10-31T08:29:59.657+0000] {subprocess.py:93} INFO -     Found existing installation: PyJWT 2.9.0
[2025-10-31T08:29:59.663+0000] {subprocess.py:93} INFO -     Uninstalling PyJWT-2.9.0:
[2025-10-31T08:29:59.694+0000] {subprocess.py:93} INFO -       Successfully uninstalled PyJWT-2.9.0
[2025-10-31T08:29:59.746+0000] {subprocess.py:93} INFO -   Attempting uninstall: psutil
[2025-10-31T08:29:59.758+0000] {subprocess.py:93} INFO -     Found existing installation: psutil 6.0.0
[2025-10-31T08:29:59.768+0000] {subprocess.py:93} INFO -     Uninstalling psutil-6.0.0:
[2025-10-31T08:29:59.821+0000] {subprocess.py:93} INFO -       Successfully uninstalled psutil-6.0.0
[2025-10-31T08:30:00.014+0000] {subprocess.py:93} INFO -   Attempting uninstall: packaging
[2025-10-31T08:30:00.032+0000] {subprocess.py:93} INFO -     Found existing installation: packaging 24.1
[2025-10-31T08:30:00.038+0000] {subprocess.py:93} INFO -     Uninstalling packaging-24.1:
[2025-10-31T08:30:00.057+0000] {subprocess.py:93} INFO -       Successfully uninstalled packaging-24.1
[2025-10-31T08:30:01.254+0000] {subprocess.py:93} INFO -   Attempting uninstall: jinja2
[2025-10-31T08:30:01.269+0000] {subprocess.py:93} INFO -     Found existing installation: Jinja2 3.1.4
[2025-10-31T08:30:01.276+0000] {subprocess.py:93} INFO -     Uninstalling Jinja2-3.1.4:
[2025-10-31T08:30:01.315+0000] {subprocess.py:93} INFO -       Successfully uninstalled Jinja2-3.1.4
[2025-10-31T08:30:01.466+0000] {subprocess.py:93} INFO -   Attempting uninstall: importlib-metadata
[2025-10-31T08:30:01.491+0000] {subprocess.py:93} INFO -     Found existing installation: importlib-metadata 6.11.0
[2025-10-31T08:30:01.499+0000] {subprocess.py:93} INFO -     Uninstalling importlib-metadata-6.11.0:
[2025-10-31T08:30:01.508+0000] {subprocess.py:93} INFO -       Successfully uninstalled importlib-metadata-6.11.0
[2025-10-31T08:30:01.652+0000] {subprocess.py:93} INFO -   Attempting uninstall: blinker
[2025-10-31T08:30:01.671+0000] {subprocess.py:93} INFO -     Found existing installation: blinker 1.8.2
[2025-10-31T08:30:01.673+0000] {subprocess.py:93} INFO -     Uninstalling blinker-1.8.2:
[2025-10-31T08:30:01.683+0000] {subprocess.py:93} INFO -       Successfully uninstalled blinker-1.8.2
[2025-10-31T08:30:01.708+0000] {subprocess.py:93} INFO -   Attempting uninstall: babel
[2025-10-31T08:30:01.724+0000] {subprocess.py:93} INFO -     Found existing installation: babel 2.16.0
[2025-10-31T08:30:01.826+0000] {subprocess.py:93} INFO -     Uninstalling babel-2.16.0:
[2025-10-31T08:30:02.690+0000] {subprocess.py:93} INFO -       Successfully uninstalled babel-2.16.0
[2025-10-31T08:30:03.568+0000] {subprocess.py:93} INFO -   Attempting uninstall: pydantic-core
[2025-10-31T08:30:03.587+0000] {subprocess.py:93} INFO -     Found existing installation: pydantic_core 2.23.3
[2025-10-31T08:30:03.591+0000] {subprocess.py:93} INFO -     Uninstalling pydantic_core-2.23.3:
[2025-10-31T08:30:03.683+0000] {subprocess.py:93} INFO -       Successfully uninstalled pydantic_core-2.23.3
[2025-10-31T08:30:03.753+0000] {subprocess.py:93} INFO -   Attempting uninstall: pendulum
[2025-10-31T08:30:03.761+0000] {subprocess.py:93} INFO -     Found existing installation: pendulum 3.0.0
[2025-10-31T08:30:03.782+0000] {subprocess.py:93} INFO -     Uninstalling pendulum-3.0.0:
[2025-10-31T08:30:03.894+0000] {subprocess.py:93} INFO -       Successfully uninstalled pendulum-3.0.0
[2025-10-31T08:30:04.091+0000] {subprocess.py:93} INFO -   Attempting uninstall: pandas
[2025-10-31T08:30:04.103+0000] {subprocess.py:93} INFO -     Found existing installation: pandas 2.1.4
[2025-10-31T08:30:04.431+0000] {subprocess.py:93} INFO -     Uninstalling pandas-2.1.4:
[2025-10-31T08:30:05.727+0000] {subprocess.py:93} INFO -       Successfully uninstalled pandas-2.1.4
[2025-10-31T08:30:13.708+0000] {subprocess.py:93} INFO -   Rolling back uninstall of pandas
[2025-10-31T08:30:13.709+0000] {subprocess.py:93} INFO -   Moving to /home/***/.local/lib/python3.12/site-packages/pandas-2.1.4.dist-info/
[2025-10-31T08:30:13.710+0000] {subprocess.py:93} INFO -    from /home/***/.local/lib/python3.12/site-packages/~andas-2.1.4.dist-info
[2025-10-31T08:30:13.710+0000] {subprocess.py:93} INFO -   Moving to /home/***/.local/lib/python3.12/site-packages/pandas/
[2025-10-31T08:30:13.711+0000] {subprocess.py:93} INFO -    from /home/***/.local/lib/python3.12/site-packages/~andas
[2025-10-31T08:30:14.346+0000] {subprocess.py:93} INFO - ERROR: Could not install packages due to an OSError: [Errno 2] No such file or directory: '/home/***/.local/lib/python3.12/site-packages/pandas-2.3.3.dist-info/INSTALLERa40u8zdt.tmp'
[2025-10-31T08:30:14.347+0000] {subprocess.py:93} INFO - 
[2025-10-31T08:30:14.588+0000] {subprocess.py:93} INFO - 
[2025-10-31T08:30:14.589+0000] {subprocess.py:93} INFO - [notice] A new release of pip is available: 24.2 -> 25.3
[2025-10-31T08:30:14.590+0000] {subprocess.py:93} INFO - [notice] To update, run: pip install --upgrade pip
[2025-10-31T08:30:15.232+0000] {subprocess.py:97} INFO - Command exited with return code 1
[2025-10-31T08:30:15.246+0000] {taskinstance.py:3310} ERROR - Task failed with exception
Traceback (most recent call last):
  File "/home/airflow/.local/lib/python3.12/site-packages/airflow/models/taskinstance.py", line 767, in _execute_task
    result = _execute_callable(context=context, **execute_callable_kwargs)
             ^^^^^^^^^^^^^^^^^^^^^^^^^^^^^^^^^^^^^^^^^^^^^^^^^^^^^^^^^^^^^
  File "/home/airflow/.local/lib/python3.12/site-packages/airflow/models/taskinstance.py", line 733, in _execute_callable
    return ExecutionCallableRunner(
           ^^^^^^^^^^^^^^^^^^^^^^^^
  File "/home/airflow/.local/lib/python3.12/site-packages/airflow/utils/operator_helpers.py", line 252, in run
    return self.func(*args, **kwargs)
           ^^^^^^^^^^^^^^^^^^^^^^^^^^
  File "/home/airflow/.local/lib/python3.12/site-packages/airflow/models/baseoperator.py", line 406, in wrapper
    return func(self, *args, **kwargs)
           ^^^^^^^^^^^^^^^^^^^^^^^^^^^
  File "/home/airflow/.local/lib/python3.12/site-packages/airflow/operators/bash.py", line 249, in execute
    raise AirflowException(
airflow.exceptions.AirflowException: Bash command failed. The command returned a non-zero exit code 1.
[2025-10-31T08:30:15.256+0000] {taskinstance.py:1225} INFO - Marking task as UP_FOR_RETRY. dag_id=refresh_bike_db, task_id=install_requirements, run_id=manual__2025-10-31T08:29:41.727248+00:00, execution_date=20251031T082941, start_date=20251031T082942, end_date=20251031T083015
[2025-10-31T08:30:15.278+0000] {taskinstance.py:340} INFO - ::group::Post task execution logs
[2025-10-31T08:30:15.279+0000] {standard_task_runner.py:124} ERROR - Failed to execute job 345 for task install_requirements (Bash command failed. The command returned a non-zero exit code 1.; 6396)
Traceback (most recent call last):
  File "/home/airflow/.local/lib/python3.12/site-packages/airflow/task/task_runner/standard_task_runner.py", line 117, in _start_by_fork
    ret = args.func(args, dag=self.dag)
          ^^^^^^^^^^^^^^^^^^^^^^^^^^^^^
  File "/home/airflow/.local/lib/python3.12/site-packages/airflow/cli/cli_config.py", line 49, in command
    return func(*args, **kwargs)
           ^^^^^^^^^^^^^^^^^^^^^
  File "/home/airflow/.local/lib/python3.12/site-packages/airflow/utils/cli.py", line 115, in wrapper
    return f(*args, **kwargs)
           ^^^^^^^^^^^^^^^^^^
  File "/home/airflow/.local/lib/python3.12/site-packages/airflow/cli/commands/task_command.py", line 483, in task_run
    task_return_code = _run_task_by_selected_method(args, _dag, ti)
                       ^^^^^^^^^^^^^^^^^^^^^^^^^^^^^^^^^^^^^^^^^^^^
  File "/home/airflow/.local/lib/python3.12/site-packages/airflow/cli/commands/task_command.py", line 256, in _run_task_by_selected_method
    return _run_raw_task(args, ti)
           ^^^^^^^^^^^^^^^^^^^^^^^
  File "/home/airflow/.local/lib/python3.12/site-packages/airflow/cli/commands/task_command.py", line 341, in _run_raw_task
    return ti._run_raw_task(
           ^^^^^^^^^^^^^^^^^
  File "/home/airflow/.local/lib/python3.12/site-packages/airflow/utils/session.py", line 97, in wrapper
    return func(*args, session=session, **kwargs)
           ^^^^^^^^^^^^^^^^^^^^^^^^^^^^^^^^^^^^^^
  File "/home/airflow/.local/lib/python3.12/site-packages/airflow/models/taskinstance.py", line 3004, in _run_raw_task
    return _run_raw_task(
           ^^^^^^^^^^^^^^
  File "/home/airflow/.local/lib/python3.12/site-packages/airflow/models/taskinstance.py", line 273, in _run_raw_task
    TaskInstance._execute_task_with_callbacks(
  File "/home/airflow/.local/lib/python3.12/site-packages/airflow/models/taskinstance.py", line 3158, in _execute_task_with_callbacks
    result = self._execute_task(context, task_orig)
             ^^^^^^^^^^^^^^^^^^^^^^^^^^^^^^^^^^^^^^
  File "/home/airflow/.local/lib/python3.12/site-packages/airflow/models/taskinstance.py", line 3182, in _execute_task
    return _execute_task(self, context, task_orig)
           ^^^^^^^^^^^^^^^^^^^^^^^^^^^^^^^^^^^^^^^
  File "/home/airflow/.local/lib/python3.12/site-packages/airflow/models/taskinstance.py", line 767, in _execute_task
    result = _execute_callable(context=context, **execute_callable_kwargs)
             ^^^^^^^^^^^^^^^^^^^^^^^^^^^^^^^^^^^^^^^^^^^^^^^^^^^^^^^^^^^^^
  File "/home/airflow/.local/lib/python3.12/site-packages/airflow/models/taskinstance.py", line 733, in _execute_callable
    return ExecutionCallableRunner(
           ^^^^^^^^^^^^^^^^^^^^^^^^
  File "/home/airflow/.local/lib/python3.12/site-packages/airflow/utils/operator_helpers.py", line 252, in run
    return self.func(*args, **kwargs)
           ^^^^^^^^^^^^^^^^^^^^^^^^^^
  File "/home/airflow/.local/lib/python3.12/site-packages/airflow/models/baseoperator.py", line 406, in wrapper
    return func(self, *args, **kwargs)
           ^^^^^^^^^^^^^^^^^^^^^^^^^^^
  File "/home/airflow/.local/lib/python3.12/site-packages/airflow/operators/bash.py", line 249, in execute
    raise AirflowException(
airflow.exceptions.AirflowException: Bash command failed. The command returned a non-zero exit code 1.
[2025-10-31T08:30:15.309+0000] {local_task_job_runner.py:266} INFO - Task exited with return code 1
[2025-10-31T08:30:15.328+0000] {taskinstance.py:3900} INFO - 0 downstream tasks scheduled from follow-on schedule check
[2025-10-31T08:30:15.333+0000] {local_task_job_runner.py:245} INFO - ::endgroup::
