[2025-10-31T13:41:22.616+0000] {processor.py:186} INFO - Started process (PID=174) to work on /opt/airflow/dags/refresh_bike_db.py
[2025-10-31T13:41:22.618+0000] {processor.py:914} INFO - Processing file /opt/airflow/dags/refresh_bike_db.py for tasks to queue
[2025-10-31T13:41:22.626+0000] {logging_mixin.py:190} INFO - [2025-10-31T13:41:22.624+0000] {dagbag.py:588} INFO - Filling up the DagBag from /opt/airflow/dags/refresh_bike_db.py
[2025-10-31T13:41:22.741+0000] {processor.py:925} INFO - DAG(s) 'refresh_bike_db' retrieved from /opt/airflow/dags/refresh_bike_db.py
[2025-10-31T13:41:22.884+0000] {logging_mixin.py:190} INFO - [2025-10-31T13:41:22.883+0000] {dag.py:3239} INFO - Sync 1 DAGs
[2025-10-31T13:41:23.018+0000] {logging_mixin.py:190} INFO - [2025-10-31T13:41:23.017+0000] {dag.py:4180} INFO - Setting next_dagrun for refresh_bike_db to 2025-10-31 13:41:00+00:00, run_after=2025-10-31 13:42:00+00:00
[2025-10-31T13:41:23.107+0000] {processor.py:208} INFO - Processing /opt/airflow/dags/refresh_bike_db.py took 0.515 seconds
[2025-10-31T13:41:53.504+0000] {processor.py:186} INFO - Started process (PID=206) to work on /opt/airflow/dags/refresh_bike_db.py
[2025-10-31T13:41:53.506+0000] {processor.py:914} INFO - Processing file /opt/airflow/dags/refresh_bike_db.py for tasks to queue
[2025-10-31T13:41:53.513+0000] {logging_mixin.py:190} INFO - [2025-10-31T13:41:53.512+0000] {dagbag.py:588} INFO - Filling up the DagBag from /opt/airflow/dags/refresh_bike_db.py
[2025-10-31T13:41:53.546+0000] {processor.py:925} INFO - DAG(s) 'refresh_bike_db' retrieved from /opt/airflow/dags/refresh_bike_db.py
[2025-10-31T13:41:53.597+0000] {logging_mixin.py:190} INFO - [2025-10-31T13:41:53.597+0000] {dag.py:3239} INFO - Sync 1 DAGs
[2025-10-31T13:41:53.636+0000] {logging_mixin.py:190} INFO - [2025-10-31T13:41:53.635+0000] {dag.py:4180} INFO - Setting next_dagrun for refresh_bike_db to 2025-10-31 13:41:00+00:00, run_after=2025-10-31 13:42:00+00:00
[2025-10-31T13:41:53.666+0000] {processor.py:208} INFO - Processing /opt/airflow/dags/refresh_bike_db.py took 0.170 seconds
[2025-10-31T13:42:23.772+0000] {processor.py:186} INFO - Started process (PID=224) to work on /opt/airflow/dags/refresh_bike_db.py
[2025-10-31T13:42:23.773+0000] {processor.py:914} INFO - Processing file /opt/airflow/dags/refresh_bike_db.py for tasks to queue
[2025-10-31T13:42:23.777+0000] {logging_mixin.py:190} INFO - [2025-10-31T13:42:23.777+0000] {dagbag.py:588} INFO - Filling up the DagBag from /opt/airflow/dags/refresh_bike_db.py
[2025-10-31T13:42:23.803+0000] {processor.py:925} INFO - DAG(s) 'refresh_bike_db' retrieved from /opt/airflow/dags/refresh_bike_db.py
[2025-10-31T13:42:23.832+0000] {logging_mixin.py:190} INFO - [2025-10-31T13:42:23.832+0000] {dag.py:3239} INFO - Sync 1 DAGs
[2025-10-31T13:42:23.856+0000] {logging_mixin.py:190} INFO - [2025-10-31T13:42:23.856+0000] {dag.py:4180} INFO - Setting next_dagrun for refresh_bike_db to 2025-10-31 13:42:00+00:00, run_after=2025-10-31 13:43:00+00:00
[2025-10-31T13:42:23.884+0000] {processor.py:208} INFO - Processing /opt/airflow/dags/refresh_bike_db.py took 0.119 seconds
[2025-10-31T13:42:54.078+0000] {processor.py:186} INFO - Started process (PID=229) to work on /opt/airflow/dags/refresh_bike_db.py
[2025-10-31T13:42:54.079+0000] {processor.py:914} INFO - Processing file /opt/airflow/dags/refresh_bike_db.py for tasks to queue
[2025-10-31T13:42:54.082+0000] {logging_mixin.py:190} INFO - [2025-10-31T13:42:54.081+0000] {dagbag.py:588} INFO - Filling up the DagBag from /opt/airflow/dags/refresh_bike_db.py
[2025-10-31T13:42:54.102+0000] {processor.py:925} INFO - DAG(s) 'refresh_bike_db' retrieved from /opt/airflow/dags/refresh_bike_db.py
[2025-10-31T13:42:54.131+0000] {logging_mixin.py:190} INFO - [2025-10-31T13:42:54.131+0000] {dag.py:3239} INFO - Sync 1 DAGs
[2025-10-31T13:42:54.158+0000] {logging_mixin.py:190} INFO - [2025-10-31T13:42:54.158+0000] {dag.py:4180} INFO - Setting next_dagrun for refresh_bike_db to 2025-10-31 13:42:00+00:00, run_after=2025-10-31 13:43:00+00:00
[2025-10-31T13:42:54.189+0000] {processor.py:208} INFO - Processing /opt/airflow/dags/refresh_bike_db.py took 0.118 seconds
[2025-10-31T13:43:24.544+0000] {processor.py:186} INFO - Started process (PID=247) to work on /opt/airflow/dags/refresh_bike_db.py
[2025-10-31T13:43:24.545+0000] {processor.py:914} INFO - Processing file /opt/airflow/dags/refresh_bike_db.py for tasks to queue
[2025-10-31T13:43:24.548+0000] {logging_mixin.py:190} INFO - [2025-10-31T13:43:24.547+0000] {dagbag.py:588} INFO - Filling up the DagBag from /opt/airflow/dags/refresh_bike_db.py
[2025-10-31T13:43:24.576+0000] {processor.py:925} INFO - DAG(s) 'refresh_bike_db' retrieved from /opt/airflow/dags/refresh_bike_db.py
[2025-10-31T13:43:24.611+0000] {logging_mixin.py:190} INFO - [2025-10-31T13:43:24.610+0000] {dag.py:3239} INFO - Sync 1 DAGs
[2025-10-31T13:43:24.638+0000] {logging_mixin.py:190} INFO - [2025-10-31T13:43:24.638+0000] {dag.py:4180} INFO - Setting next_dagrun for refresh_bike_db to 2025-10-31 13:43:00+00:00, run_after=2025-10-31 13:44:00+00:00
[2025-10-31T13:43:24.669+0000] {processor.py:208} INFO - Processing /opt/airflow/dags/refresh_bike_db.py took 0.131 seconds
[2025-10-31T13:43:54.900+0000] {processor.py:186} INFO - Started process (PID=252) to work on /opt/airflow/dags/refresh_bike_db.py
[2025-10-31T13:43:54.902+0000] {processor.py:914} INFO - Processing file /opt/airflow/dags/refresh_bike_db.py for tasks to queue
[2025-10-31T13:43:54.908+0000] {logging_mixin.py:190} INFO - [2025-10-31T13:43:54.907+0000] {dagbag.py:588} INFO - Filling up the DagBag from /opt/airflow/dags/refresh_bike_db.py
[2025-10-31T13:43:54.955+0000] {processor.py:925} INFO - DAG(s) 'refresh_bike_db' retrieved from /opt/airflow/dags/refresh_bike_db.py
[2025-10-31T13:43:54.999+0000] {logging_mixin.py:190} INFO - [2025-10-31T13:43:54.999+0000] {dag.py:3239} INFO - Sync 1 DAGs
[2025-10-31T13:43:55.041+0000] {logging_mixin.py:190} INFO - [2025-10-31T13:43:55.040+0000] {dag.py:4180} INFO - Setting next_dagrun for refresh_bike_db to 2025-10-31 13:43:00+00:00, run_after=2025-10-31 13:44:00+00:00
[2025-10-31T13:43:55.075+0000] {processor.py:208} INFO - Processing /opt/airflow/dags/refresh_bike_db.py took 0.181 seconds
[2025-10-31T13:44:25.344+0000] {processor.py:186} INFO - Started process (PID=270) to work on /opt/airflow/dags/refresh_bike_db.py
[2025-10-31T13:44:25.345+0000] {processor.py:914} INFO - Processing file /opt/airflow/dags/refresh_bike_db.py for tasks to queue
[2025-10-31T13:44:25.348+0000] {logging_mixin.py:190} INFO - [2025-10-31T13:44:25.348+0000] {dagbag.py:588} INFO - Filling up the DagBag from /opt/airflow/dags/refresh_bike_db.py
[2025-10-31T13:44:25.373+0000] {processor.py:925} INFO - DAG(s) 'refresh_bike_db' retrieved from /opt/airflow/dags/refresh_bike_db.py
[2025-10-31T13:44:25.404+0000] {logging_mixin.py:190} INFO - [2025-10-31T13:44:25.404+0000] {dag.py:3239} INFO - Sync 1 DAGs
[2025-10-31T13:44:25.439+0000] {logging_mixin.py:190} INFO - [2025-10-31T13:44:25.438+0000] {dag.py:4180} INFO - Setting next_dagrun for refresh_bike_db to 2025-10-31 13:44:00+00:00, run_after=2025-10-31 13:45:00+00:00
[2025-10-31T13:44:25.466+0000] {processor.py:208} INFO - Processing /opt/airflow/dags/refresh_bike_db.py took 0.127 seconds
[2025-10-31T13:45:17.021+0000] {processor.py:186} INFO - Started process (PID=174) to work on /opt/airflow/dags/refresh_bike_db.py
[2025-10-31T13:45:17.024+0000] {processor.py:914} INFO - Processing file /opt/airflow/dags/refresh_bike_db.py for tasks to queue
[2025-10-31T13:45:17.027+0000] {logging_mixin.py:190} INFO - [2025-10-31T13:45:17.026+0000] {dagbag.py:588} INFO - Filling up the DagBag from /opt/airflow/dags/refresh_bike_db.py
[2025-10-31T13:45:17.081+0000] {processor.py:925} INFO - DAG(s) 'refresh_bike_db' retrieved from /opt/airflow/dags/refresh_bike_db.py
[2025-10-31T13:45:17.179+0000] {logging_mixin.py:190} INFO - [2025-10-31T13:45:17.179+0000] {dag.py:3239} INFO - Sync 1 DAGs
[2025-10-31T13:45:17.298+0000] {logging_mixin.py:190} INFO - [2025-10-31T13:45:17.297+0000] {dag.py:4180} INFO - Setting next_dagrun for refresh_bike_db to 2025-10-31 13:45:00+00:00, run_after=2025-10-31 13:46:00+00:00
[2025-10-31T13:45:17.378+0000] {processor.py:208} INFO - Processing /opt/airflow/dags/refresh_bike_db.py took 0.371 seconds
[2025-10-31T13:45:47.770+0000] {processor.py:186} INFO - Started process (PID=193) to work on /opt/airflow/dags/refresh_bike_db.py
[2025-10-31T13:45:47.773+0000] {processor.py:914} INFO - Processing file /opt/airflow/dags/refresh_bike_db.py for tasks to queue
[2025-10-31T13:45:47.779+0000] {logging_mixin.py:190} INFO - [2025-10-31T13:45:47.778+0000] {dagbag.py:588} INFO - Filling up the DagBag from /opt/airflow/dags/refresh_bike_db.py
[2025-10-31T13:45:47.836+0000] {processor.py:925} INFO - DAG(s) 'refresh_bike_db' retrieved from /opt/airflow/dags/refresh_bike_db.py
[2025-10-31T13:45:47.897+0000] {logging_mixin.py:190} INFO - [2025-10-31T13:45:47.896+0000] {dag.py:3239} INFO - Sync 1 DAGs
[2025-10-31T13:45:47.938+0000] {logging_mixin.py:190} INFO - [2025-10-31T13:45:47.938+0000] {dag.py:4180} INFO - Setting next_dagrun for refresh_bike_db to 2025-10-31 13:45:00+00:00, run_after=2025-10-31 13:46:00+00:00
[2025-10-31T13:45:47.975+0000] {processor.py:208} INFO - Processing /opt/airflow/dags/refresh_bike_db.py took 0.218 seconds
[2025-10-31T13:46:18.064+0000] {processor.py:186} INFO - Started process (PID=211) to work on /opt/airflow/dags/refresh_bike_db.py
[2025-10-31T13:46:18.065+0000] {processor.py:914} INFO - Processing file /opt/airflow/dags/refresh_bike_db.py for tasks to queue
[2025-10-31T13:46:18.070+0000] {logging_mixin.py:190} INFO - [2025-10-31T13:46:18.069+0000] {dagbag.py:588} INFO - Filling up the DagBag from /opt/airflow/dags/refresh_bike_db.py
[2025-10-31T13:46:18.110+0000] {processor.py:925} INFO - DAG(s) 'refresh_bike_db' retrieved from /opt/airflow/dags/refresh_bike_db.py
[2025-10-31T13:46:18.147+0000] {logging_mixin.py:190} INFO - [2025-10-31T13:46:18.147+0000] {dag.py:3239} INFO - Sync 1 DAGs
[2025-10-31T13:46:18.177+0000] {logging_mixin.py:190} INFO - [2025-10-31T13:46:18.176+0000] {dag.py:4180} INFO - Setting next_dagrun for refresh_bike_db to 2025-10-31 13:46:00+00:00, run_after=2025-10-31 13:47:00+00:00
[2025-10-31T13:46:18.206+0000] {processor.py:208} INFO - Processing /opt/airflow/dags/refresh_bike_db.py took 0.151 seconds
[2025-10-31T13:46:48.362+0000] {processor.py:186} INFO - Started process (PID=216) to work on /opt/airflow/dags/refresh_bike_db.py
[2025-10-31T13:46:48.363+0000] {processor.py:914} INFO - Processing file /opt/airflow/dags/refresh_bike_db.py for tasks to queue
[2025-10-31T13:46:48.367+0000] {logging_mixin.py:190} INFO - [2025-10-31T13:46:48.366+0000] {dagbag.py:588} INFO - Filling up the DagBag from /opt/airflow/dags/refresh_bike_db.py
[2025-10-31T13:46:48.393+0000] {processor.py:925} INFO - DAG(s) 'refresh_bike_db' retrieved from /opt/airflow/dags/refresh_bike_db.py
[2025-10-31T13:46:48.424+0000] {logging_mixin.py:190} INFO - [2025-10-31T13:46:48.424+0000] {dag.py:3239} INFO - Sync 1 DAGs
[2025-10-31T13:46:48.449+0000] {logging_mixin.py:190} INFO - [2025-10-31T13:46:48.449+0000] {dag.py:4180} INFO - Setting next_dagrun for refresh_bike_db to 2025-10-31 13:46:00+00:00, run_after=2025-10-31 13:47:00+00:00
[2025-10-31T13:46:48.479+0000] {processor.py:208} INFO - Processing /opt/airflow/dags/refresh_bike_db.py took 0.125 seconds
[2025-10-31T13:47:18.847+0000] {processor.py:186} INFO - Started process (PID=234) to work on /opt/airflow/dags/refresh_bike_db.py
[2025-10-31T13:47:18.847+0000] {processor.py:914} INFO - Processing file /opt/airflow/dags/refresh_bike_db.py for tasks to queue
[2025-10-31T13:47:18.850+0000] {logging_mixin.py:190} INFO - [2025-10-31T13:47:18.850+0000] {dagbag.py:588} INFO - Filling up the DagBag from /opt/airflow/dags/refresh_bike_db.py
[2025-10-31T13:47:18.873+0000] {processor.py:925} INFO - DAG(s) 'refresh_bike_db' retrieved from /opt/airflow/dags/refresh_bike_db.py
[2025-10-31T13:47:18.905+0000] {logging_mixin.py:190} INFO - [2025-10-31T13:47:18.905+0000] {dag.py:3239} INFO - Sync 1 DAGs
[2025-10-31T13:47:18.935+0000] {logging_mixin.py:190} INFO - [2025-10-31T13:47:18.934+0000] {dag.py:4180} INFO - Setting next_dagrun for refresh_bike_db to 2025-10-31 13:47:00+00:00, run_after=2025-10-31 13:48:00+00:00
[2025-10-31T13:47:18.964+0000] {processor.py:208} INFO - Processing /opt/airflow/dags/refresh_bike_db.py took 0.124 seconds
[2025-10-31T13:48:25.203+0000] {processor.py:186} INFO - Started process (PID=174) to work on /opt/airflow/dags/refresh_bike_db.py
[2025-10-31T13:48:25.205+0000] {processor.py:914} INFO - Processing file /opt/airflow/dags/refresh_bike_db.py for tasks to queue
[2025-10-31T13:48:25.210+0000] {logging_mixin.py:190} INFO - [2025-10-31T13:48:25.209+0000] {dagbag.py:588} INFO - Filling up the DagBag from /opt/airflow/dags/refresh_bike_db.py
[2025-10-31T13:48:25.265+0000] {processor.py:925} INFO - DAG(s) 'refresh_bike_db' retrieved from /opt/airflow/dags/refresh_bike_db.py
[2025-10-31T13:48:25.357+0000] {logging_mixin.py:190} INFO - [2025-10-31T13:48:25.356+0000] {dag.py:3239} INFO - Sync 1 DAGs
[2025-10-31T13:48:25.413+0000] {logging_mixin.py:190} INFO - [2025-10-31T13:48:25.413+0000] {dag.py:4180} INFO - Setting next_dagrun for refresh_bike_db to 2025-10-31 13:48:00+00:00, run_after=2025-10-31 13:49:00+00:00
[2025-10-31T13:48:25.450+0000] {processor.py:208} INFO - Processing /opt/airflow/dags/refresh_bike_db.py took 0.262 seconds
[2025-10-31T13:48:55.530+0000] {processor.py:186} INFO - Started process (PID=193) to work on /opt/airflow/dags/refresh_bike_db.py
[2025-10-31T13:48:55.531+0000] {processor.py:914} INFO - Processing file /opt/airflow/dags/refresh_bike_db.py for tasks to queue
[2025-10-31T13:48:55.534+0000] {logging_mixin.py:190} INFO - [2025-10-31T13:48:55.534+0000] {dagbag.py:588} INFO - Filling up the DagBag from /opt/airflow/dags/refresh_bike_db.py
[2025-10-31T13:48:55.559+0000] {processor.py:925} INFO - DAG(s) 'refresh_bike_db' retrieved from /opt/airflow/dags/refresh_bike_db.py
[2025-10-31T13:48:55.594+0000] {logging_mixin.py:190} INFO - [2025-10-31T13:48:55.593+0000] {dag.py:3239} INFO - Sync 1 DAGs
[2025-10-31T13:48:55.621+0000] {logging_mixin.py:190} INFO - [2025-10-31T13:48:55.620+0000] {dag.py:4180} INFO - Setting next_dagrun for refresh_bike_db to 2025-10-31 13:48:00+00:00, run_after=2025-10-31 13:49:00+00:00
[2025-10-31T13:48:55.649+0000] {processor.py:208} INFO - Processing /opt/airflow/dags/refresh_bike_db.py took 0.126 seconds
[2025-10-31T13:49:25.850+0000] {processor.py:186} INFO - Started process (PID=211) to work on /opt/airflow/dags/refresh_bike_db.py
[2025-10-31T13:49:25.851+0000] {processor.py:914} INFO - Processing file /opt/airflow/dags/refresh_bike_db.py for tasks to queue
[2025-10-31T13:49:25.855+0000] {logging_mixin.py:190} INFO - [2025-10-31T13:49:25.854+0000] {dagbag.py:588} INFO - Filling up the DagBag from /opt/airflow/dags/refresh_bike_db.py
[2025-10-31T13:49:25.888+0000] {processor.py:925} INFO - DAG(s) 'refresh_bike_db' retrieved from /opt/airflow/dags/refresh_bike_db.py
[2025-10-31T13:49:25.924+0000] {logging_mixin.py:190} INFO - [2025-10-31T13:49:25.923+0000] {dag.py:3239} INFO - Sync 1 DAGs
[2025-10-31T13:49:25.952+0000] {logging_mixin.py:190} INFO - [2025-10-31T13:49:25.952+0000] {dag.py:4180} INFO - Setting next_dagrun for refresh_bike_db to 2025-10-31 13:49:00+00:00, run_after=2025-10-31 13:50:00+00:00
[2025-10-31T13:49:25.979+0000] {processor.py:208} INFO - Processing /opt/airflow/dags/refresh_bike_db.py took 0.135 seconds
[2025-10-31T13:49:56.266+0000] {processor.py:186} INFO - Started process (PID=216) to work on /opt/airflow/dags/refresh_bike_db.py
[2025-10-31T13:49:56.268+0000] {processor.py:914} INFO - Processing file /opt/airflow/dags/refresh_bike_db.py for tasks to queue
[2025-10-31T13:49:56.271+0000] {logging_mixin.py:190} INFO - [2025-10-31T13:49:56.270+0000] {dagbag.py:588} INFO - Filling up the DagBag from /opt/airflow/dags/refresh_bike_db.py
[2025-10-31T13:49:56.308+0000] {processor.py:925} INFO - DAG(s) 'refresh_bike_db' retrieved from /opt/airflow/dags/refresh_bike_db.py
[2025-10-31T13:49:56.358+0000] {logging_mixin.py:190} INFO - [2025-10-31T13:49:56.358+0000] {dag.py:3239} INFO - Sync 1 DAGs
[2025-10-31T13:49:56.431+0000] {logging_mixin.py:190} INFO - [2025-10-31T13:49:56.431+0000] {dag.py:4180} INFO - Setting next_dagrun for refresh_bike_db to 2025-10-31 13:49:00+00:00, run_after=2025-10-31 13:50:00+00:00
[2025-10-31T13:49:56.480+0000] {processor.py:208} INFO - Processing /opt/airflow/dags/refresh_bike_db.py took 0.222 seconds
[2025-10-31T13:50:26.636+0000] {processor.py:186} INFO - Started process (PID=234) to work on /opt/airflow/dags/refresh_bike_db.py
[2025-10-31T13:50:26.637+0000] {processor.py:914} INFO - Processing file /opt/airflow/dags/refresh_bike_db.py for tasks to queue
[2025-10-31T13:50:26.642+0000] {logging_mixin.py:190} INFO - [2025-10-31T13:50:26.641+0000] {dagbag.py:588} INFO - Filling up the DagBag from /opt/airflow/dags/refresh_bike_db.py
[2025-10-31T13:50:26.678+0000] {processor.py:925} INFO - DAG(s) 'refresh_bike_db' retrieved from /opt/airflow/dags/refresh_bike_db.py
[2025-10-31T13:50:26.710+0000] {logging_mixin.py:190} INFO - [2025-10-31T13:50:26.710+0000] {dag.py:3239} INFO - Sync 1 DAGs
[2025-10-31T13:50:26.736+0000] {logging_mixin.py:190} INFO - [2025-10-31T13:50:26.736+0000] {dag.py:4180} INFO - Setting next_dagrun for refresh_bike_db to 2025-10-31 13:50:00+00:00, run_after=2025-10-31 13:51:00+00:00
[2025-10-31T13:50:26.761+0000] {processor.py:208} INFO - Processing /opt/airflow/dags/refresh_bike_db.py took 0.132 seconds
[2025-10-31T13:50:57.023+0000] {processor.py:186} INFO - Started process (PID=239) to work on /opt/airflow/dags/refresh_bike_db.py
[2025-10-31T13:50:57.025+0000] {processor.py:914} INFO - Processing file /opt/airflow/dags/refresh_bike_db.py for tasks to queue
[2025-10-31T13:50:57.028+0000] {logging_mixin.py:190} INFO - [2025-10-31T13:50:57.028+0000] {dagbag.py:588} INFO - Filling up the DagBag from /opt/airflow/dags/refresh_bike_db.py
[2025-10-31T13:50:57.070+0000] {processor.py:925} INFO - DAG(s) 'refresh_bike_db' retrieved from /opt/airflow/dags/refresh_bike_db.py
[2025-10-31T13:50:57.111+0000] {logging_mixin.py:190} INFO - [2025-10-31T13:50:57.111+0000] {dag.py:3239} INFO - Sync 1 DAGs
[2025-10-31T13:50:57.151+0000] {logging_mixin.py:190} INFO - [2025-10-31T13:50:57.151+0000] {dag.py:4180} INFO - Setting next_dagrun for refresh_bike_db to 2025-10-31 13:50:00+00:00, run_after=2025-10-31 13:51:00+00:00
[2025-10-31T13:50:57.183+0000] {processor.py:208} INFO - Processing /opt/airflow/dags/refresh_bike_db.py took 0.169 seconds
[2025-10-31T13:51:27.336+0000] {processor.py:186} INFO - Started process (PID=257) to work on /opt/airflow/dags/refresh_bike_db.py
[2025-10-31T13:51:27.337+0000] {processor.py:914} INFO - Processing file /opt/airflow/dags/refresh_bike_db.py for tasks to queue
[2025-10-31T13:51:27.339+0000] {logging_mixin.py:190} INFO - [2025-10-31T13:51:27.339+0000] {dagbag.py:588} INFO - Filling up the DagBag from /opt/airflow/dags/refresh_bike_db.py
[2025-10-31T13:51:27.365+0000] {processor.py:925} INFO - DAG(s) 'refresh_bike_db' retrieved from /opt/airflow/dags/refresh_bike_db.py
[2025-10-31T13:51:27.396+0000] {logging_mixin.py:190} INFO - [2025-10-31T13:51:27.395+0000] {dag.py:3239} INFO - Sync 1 DAGs
[2025-10-31T13:51:27.422+0000] {logging_mixin.py:190} INFO - [2025-10-31T13:51:27.422+0000] {dag.py:4180} INFO - Setting next_dagrun for refresh_bike_db to 2025-10-31 13:51:00+00:00, run_after=2025-10-31 13:52:00+00:00
[2025-10-31T13:51:27.449+0000] {processor.py:208} INFO - Processing /opt/airflow/dags/refresh_bike_db.py took 0.119 seconds
