[2025-10-31T10:21:00.814+0000] {local_task_job_runner.py:123} INFO - ::group::Pre task execution logs
[2025-10-31T10:21:00.846+0000] {taskinstance.py:2612} INFO - Dependencies all met for dep_context=non-requeueable deps ti=<TaskInstance: refresh_bike_db.refresh_bike_db scheduled__2025-10-31T10:20:00+00:00 [queued]>
[2025-10-31T10:21:00.860+0000] {taskinstance.py:2612} INFO - Dependencies all met for dep_context=requeueable deps ti=<TaskInstance: refresh_bike_db.refresh_bike_db scheduled__2025-10-31T10:20:00+00:00 [queued]>
[2025-10-31T10:21:00.861+0000] {taskinstance.py:2865} INFO - Starting attempt 1 of 2
[2025-10-31T10:21:00.880+0000] {taskinstance.py:2888} INFO - Executing <Task(BashOperator): refresh_bike_db> on 2025-10-31 10:20:00+00:00
[2025-10-31T10:21:00.893+0000] {standard_task_runner.py:104} INFO - Running: ['***', 'tasks', 'run', 'refresh_bike_db', 'refresh_bike_db', 'scheduled__2025-10-31T10:20:00+00:00', '--job-id', '412', '--raw', '--subdir', 'DAGS_FOLDER/refresh_bike_db.py', '--cfg-path', '/tmp/tmp117jjhf_']
[2025-10-31T10:21:00.896+0000] {standard_task_runner.py:105} INFO - Job 412: Subtask refresh_bike_db
[2025-10-31T10:21:00.905+0000] {logging_mixin.py:190} WARNING - /home/***/.local/lib/python3.12/site-packages/***/task/task_runner/standard_task_runner.py:70 DeprecationWarning: This process (pid=198) is multi-threaded, use of fork() may lead to deadlocks in the child.
[2025-10-31T10:21:00.907+0000] {standard_task_runner.py:72} INFO - Started process 199 to run task
[2025-10-31T10:21:01.063+0000] {task_command.py:467} INFO - Running <TaskInstance: refresh_bike_db.refresh_bike_db scheduled__2025-10-31T10:20:00+00:00 [running]> on host f4cf752b4d1e
[2025-10-31T10:21:01.310+0000] {taskinstance.py:3131} INFO - Exporting env vars: AIRFLOW_CTX_DAG_OWNER='***' AIRFLOW_CTX_DAG_ID='refresh_bike_db' AIRFLOW_CTX_TASK_ID='refresh_bike_db' AIRFLOW_CTX_EXECUTION_DATE='2025-10-31T10:20:00+00:00' AIRFLOW_CTX_TRY_NUMBER='1' AIRFLOW_CTX_DAG_RUN_ID='scheduled__2025-10-31T10:20:00+00:00'
[2025-10-31T10:21:01.312+0000] {taskinstance.py:731} INFO - ::endgroup::
[2025-10-31T10:21:01.341+0000] {subprocess.py:63} INFO - Tmp dir root location: /tmp
[2025-10-31T10:21:01.344+0000] {subprocess.py:75} INFO - Running command: ['/usr/bin/bash', '-c', '\n          set -euxo pipefail\n          cd "$AIRFLOW_HOME/plugins"\n          python gather_bike_data.py\n        ']
[2025-10-31T10:21:01.357+0000] {subprocess.py:86} INFO - Output:
[2025-10-31T10:21:01.358+0000] {subprocess.py:93} INFO - + cd /opt/***/plugins
[2025-10-31T10:21:01.359+0000] {subprocess.py:93} INFO - + python gather_bike_data.py
[2025-10-31T10:21:10.078+0000] {subprocess.py:93} INFO - Fetching data of Lille's api: 302
[2025-10-31T10:21:10.079+0000] {subprocess.py:93} INFO - Fetching data of Paris's api: 1495
[2025-10-31T10:21:10.080+0000] {subprocess.py:93} INFO - 
[2025-10-31T10:21:10.081+0000] {subprocess.py:93} INFO - 
[2025-10-31T10:21:10.082+0000] {subprocess.py:93} INFO - ✅ Connected successfully to MySQL!
[2025-10-31T10:21:10.082+0000] {subprocess.py:93} INFO - ✅ Connected successfully to MySQL!
[2025-10-31T10:21:10.184+0000] {subprocess.py:97} INFO - Command exited with return code 0
[2025-10-31T10:21:10.203+0000] {taskinstance.py:340} INFO - ::group::Post task execution logs
[2025-10-31T10:21:10.204+0000] {taskinstance.py:352} INFO - Marking task as SUCCESS. dag_id=refresh_bike_db, task_id=refresh_bike_db, run_id=scheduled__2025-10-31T10:20:00+00:00, execution_date=20251031T102000, start_date=20251031T102100, end_date=20251031T102110
[2025-10-31T10:21:10.235+0000] {local_task_job_runner.py:266} INFO - Task exited with return code 0
[2025-10-31T10:21:10.254+0000] {taskinstance.py:3900} INFO - 0 downstream tasks scheduled from follow-on schedule check
[2025-10-31T10:21:10.259+0000] {local_task_job_runner.py:245} INFO - ::endgroup::
