[2025-10-31T09:55:01.208+0000] {local_task_job_runner.py:123} INFO - ::group::Pre task execution logs
[2025-10-31T09:55:01.228+0000] {taskinstance.py:2612} INFO - Dependencies all met for dep_context=non-requeueable deps ti=<TaskInstance: refresh_bike_db.refresh_bike_db scheduled__2025-10-31T09:54:00+00:00 [queued]>
[2025-10-31T09:55:01.240+0000] {taskinstance.py:2612} INFO - Dependencies all met for dep_context=requeueable deps ti=<TaskInstance: refresh_bike_db.refresh_bike_db scheduled__2025-10-31T09:54:00+00:00 [queued]>
[2025-10-31T09:55:01.242+0000] {taskinstance.py:2865} INFO - Starting attempt 1 of 2
[2025-10-31T09:55:01.262+0000] {taskinstance.py:2888} INFO - Executing <Task(BashOperator): refresh_bike_db> on 2025-10-31 09:54:00+00:00
[2025-10-31T09:55:01.271+0000] {standard_task_runner.py:104} INFO - Running: ['***', 'tasks', 'run', 'refresh_bike_db', 'refresh_bike_db', 'scheduled__2025-10-31T09:54:00+00:00', '--job-id', '353', '--raw', '--subdir', 'DAGS_FOLDER/refresh_bike_db.py', '--cfg-path', '/tmp/tmpudwmxb5b']
[2025-10-31T09:55:01.273+0000] {standard_task_runner.py:105} INFO - Job 353: Subtask refresh_bike_db
[2025-10-31T09:55:01.275+0000] {logging_mixin.py:190} WARNING - /home/***/.local/lib/python3.12/site-packages/***/task/task_runner/standard_task_runner.py:70 DeprecationWarning: This process (pid=214) is multi-threaded, use of fork() may lead to deadlocks in the child.
[2025-10-31T09:55:01.276+0000] {standard_task_runner.py:72} INFO - Started process 215 to run task
[2025-10-31T09:55:01.361+0000] {task_command.py:467} INFO - Running <TaskInstance: refresh_bike_db.refresh_bike_db scheduled__2025-10-31T09:54:00+00:00 [running]> on host f4cf752b4d1e
[2025-10-31T09:55:01.466+0000] {taskinstance.py:3131} INFO - Exporting env vars: AIRFLOW_CTX_DAG_OWNER='***' AIRFLOW_CTX_DAG_ID='refresh_bike_db' AIRFLOW_CTX_TASK_ID='refresh_bike_db' AIRFLOW_CTX_EXECUTION_DATE='2025-10-31T09:54:00+00:00' AIRFLOW_CTX_TRY_NUMBER='1' AIRFLOW_CTX_DAG_RUN_ID='scheduled__2025-10-31T09:54:00+00:00'
[2025-10-31T09:55:01.468+0000] {taskinstance.py:731} INFO - ::endgroup::
[2025-10-31T09:55:01.486+0000] {subprocess.py:63} INFO - Tmp dir root location: /tmp
[2025-10-31T09:55:01.488+0000] {subprocess.py:75} INFO - Running command: ['/usr/bin/bash', '-c', 'python -m pip install -r requirements.txt; python $AIRFLOW_HOME/plugins/gather_bike_data.py']
[2025-10-31T09:55:01.500+0000] {subprocess.py:86} INFO - Output:
[2025-10-31T09:55:02.490+0000] {subprocess.py:93} INFO - 
[2025-10-31T09:55:02.492+0000] {subprocess.py:93} INFO - [notice] A new release of pip is available: 24.2 -> 25.3
[2025-10-31T09:55:02.493+0000] {subprocess.py:93} INFO - [notice] To update, run: pip install --upgrade pip
[2025-10-31T09:55:02.494+0000] {subprocess.py:93} INFO - ERROR: Could not open requirements file: [Errno 2] No such file or directory: 'requirements.txt'
[2025-10-31T09:55:12.925+0000] {subprocess.py:93} INFO - Fetching data of Lille's api: 302
[2025-10-31T09:55:12.926+0000] {subprocess.py:93} INFO - Fetching data of Paris's api: 1495
[2025-10-31T09:55:12.927+0000] {subprocess.py:93} INFO - 
[2025-10-31T09:55:12.927+0000] {subprocess.py:93} INFO - 
[2025-10-31T09:55:12.928+0000] {subprocess.py:93} INFO - ✅ Connected successfully to MySQL!
[2025-10-31T09:55:12.929+0000] {subprocess.py:93} INFO - ✅ Connected successfully to MySQL!
[2025-10-31T09:55:13.071+0000] {subprocess.py:97} INFO - Command exited with return code 0
[2025-10-31T09:55:13.117+0000] {taskinstance.py:340} INFO - ::group::Post task execution logs
[2025-10-31T09:55:13.118+0000] {taskinstance.py:352} INFO - Marking task as SUCCESS. dag_id=refresh_bike_db, task_id=refresh_bike_db, run_id=scheduled__2025-10-31T09:54:00+00:00, execution_date=20251031T095400, start_date=20251031T095501, end_date=20251031T095513
[2025-10-31T09:55:13.187+0000] {local_task_job_runner.py:266} INFO - Task exited with return code 0
[2025-10-31T09:55:13.207+0000] {taskinstance.py:3900} INFO - 0 downstream tasks scheduled from follow-on schedule check
[2025-10-31T09:55:13.213+0000] {local_task_job_runner.py:245} INFO - ::endgroup::
