[2025-10-31T10:59:00.617+0000] {local_task_job_runner.py:123} INFO - ::group::Pre task execution logs
[2025-10-31T10:59:00.637+0000] {taskinstance.py:2612} INFO - Dependencies all met for dep_context=non-requeueable deps ti=<TaskInstance: refresh_bike_db.refresh_bike_db scheduled__2025-10-31T10:58:00+00:00 [queued]>
[2025-10-31T10:59:00.646+0000] {taskinstance.py:2612} INFO - Dependencies all met for dep_context=requeueable deps ti=<TaskInstance: refresh_bike_db.refresh_bike_db scheduled__2025-10-31T10:58:00+00:00 [queued]>
[2025-10-31T10:59:00.649+0000] {taskinstance.py:2865} INFO - Starting attempt 1 of 2
[2025-10-31T10:59:00.668+0000] {taskinstance.py:2888} INFO - Executing <Task(BashOperator): refresh_bike_db> on 2025-10-31 10:58:00+00:00
[2025-10-31T10:59:00.679+0000] {standard_task_runner.py:104} INFO - Running: ['***', 'tasks', 'run', 'refresh_bike_db', 'refresh_bike_db', 'scheduled__2025-10-31T10:58:00+00:00', '--job-id', '461', '--raw', '--subdir', 'DAGS_FOLDER/refresh_bike_db.py', '--cfg-path', '/tmp/tmptnhjzvgh']
[2025-10-31T10:59:00.682+0000] {standard_task_runner.py:105} INFO - Job 461: Subtask refresh_bike_db
[2025-10-31T10:59:00.684+0000] {logging_mixin.py:190} WARNING - /home/***/.local/lib/python3.12/site-packages/***/task/task_runner/standard_task_runner.py:70 DeprecationWarning: This process (pid=249) is multi-threaded, use of fork() may lead to deadlocks in the child.
[2025-10-31T10:59:00.685+0000] {standard_task_runner.py:72} INFO - Started process 250 to run task
[2025-10-31T10:59:00.758+0000] {task_command.py:467} INFO - Running <TaskInstance: refresh_bike_db.refresh_bike_db scheduled__2025-10-31T10:58:00+00:00 [running]> on host 94513e024ddd
[2025-10-31T10:59:00.858+0000] {taskinstance.py:3131} INFO - Exporting env vars: AIRFLOW_CTX_DAG_OWNER='***' AIRFLOW_CTX_DAG_ID='refresh_bike_db' AIRFLOW_CTX_TASK_ID='refresh_bike_db' AIRFLOW_CTX_EXECUTION_DATE='2025-10-31T10:58:00+00:00' AIRFLOW_CTX_TRY_NUMBER='1' AIRFLOW_CTX_DAG_RUN_ID='scheduled__2025-10-31T10:58:00+00:00'
[2025-10-31T10:59:00.860+0000] {taskinstance.py:731} INFO - ::endgroup::
[2025-10-31T10:59:00.876+0000] {subprocess.py:63} INFO - Tmp dir root location: /tmp
[2025-10-31T10:59:00.878+0000] {subprocess.py:75} INFO - Running command: ['/usr/bin/bash', '-c', '\n          set -euxo pipefail\n          cd "$AIRFLOW_HOME/plugins"\n          python gather_bike_data.py\n        ']
[2025-10-31T10:59:00.890+0000] {subprocess.py:86} INFO - Output:
[2025-10-31T10:59:00.891+0000] {subprocess.py:93} INFO - + cd /opt/***/plugins
[2025-10-31T10:59:00.891+0000] {subprocess.py:93} INFO - + python gather_bike_data.py
[2025-10-31T10:59:08.761+0000] {subprocess.py:93} INFO - Fetching data of Lille's api: 302
[2025-10-31T10:59:08.762+0000] {subprocess.py:93} INFO - Fetching data of Paris's api: 1495
[2025-10-31T10:59:08.762+0000] {subprocess.py:93} INFO - 
[2025-10-31T10:59:08.763+0000] {subprocess.py:93} INFO - 
[2025-10-31T10:59:08.763+0000] {subprocess.py:93} INFO - ✅ Connected successfully to MySQL!
[2025-10-31T10:59:08.763+0000] {subprocess.py:93} INFO - ✅ Connected successfully to MySQL!
[2025-10-31T10:59:08.849+0000] {subprocess.py:97} INFO - Command exited with return code 0
[2025-10-31T10:59:08.863+0000] {taskinstance.py:340} INFO - ::group::Post task execution logs
[2025-10-31T10:59:08.865+0000] {taskinstance.py:352} INFO - Marking task as SUCCESS. dag_id=refresh_bike_db, task_id=refresh_bike_db, run_id=scheduled__2025-10-31T10:58:00+00:00, execution_date=20251031T105800, start_date=20251031T105900, end_date=20251031T105908
[2025-10-31T10:59:08.910+0000] {local_task_job_runner.py:266} INFO - Task exited with return code 0
[2025-10-31T10:59:08.926+0000] {taskinstance.py:3900} INFO - 0 downstream tasks scheduled from follow-on schedule check
[2025-10-31T10:59:08.931+0000] {local_task_job_runner.py:245} INFO - ::endgroup::
