[2025-10-30T15:28:00.737+0000] {local_task_job_runner.py:123} INFO - ::group::Pre task execution logs
[2025-10-30T15:28:00.761+0000] {taskinstance.py:2612} INFO - Dependencies all met for dep_context=non-requeueable deps ti=<TaskInstance: refresh_bike_db.refresh_bike_db scheduled__2025-10-30T15:27:00+00:00 [queued]>
[2025-10-30T15:28:00.774+0000] {taskinstance.py:2612} INFO - Dependencies all met for dep_context=requeueable deps ti=<TaskInstance: refresh_bike_db.refresh_bike_db scheduled__2025-10-30T15:27:00+00:00 [queued]>
[2025-10-30T15:28:00.776+0000] {taskinstance.py:2865} INFO - Starting attempt 1 of 2
[2025-10-30T15:28:00.797+0000] {taskinstance.py:2888} INFO - Executing <Task(BashOperator): refresh_bike_db> on 2025-10-30 15:27:00+00:00
[2025-10-30T15:28:00.809+0000] {logging_mixin.py:190} WARNING - /home/***/.local/lib/python3.12/site-packages/***/task/task_runner/standard_task_runner.py:70 DeprecationWarning: This process (pid=3071) is multi-threaded, use of fork() may lead to deadlocks in the child.
[2025-10-30T15:28:00.808+0000] {standard_task_runner.py:104} INFO - Running: ['***', 'tasks', 'run', 'refresh_bike_db', 'refresh_bike_db', 'scheduled__2025-10-30T15:27:00+00:00', '--job-id', '254', '--raw', '--subdir', 'DAGS_FOLDER/refresh_bike_db.py', '--cfg-path', '/tmp/tmp6hqn2qu4']
[2025-10-30T15:28:00.812+0000] {standard_task_runner.py:72} INFO - Started process 3072 to run task
[2025-10-30T15:28:00.813+0000] {standard_task_runner.py:105} INFO - Job 254: Subtask refresh_bike_db
[2025-10-30T15:28:00.838+0000] {logging_mixin.py:190} WARNING - /home/***/.local/lib/python3.12/site-packages/***/settings.py:209 DeprecationWarning: The sql_alchemy_conn option in [core] has been moved to the sql_alchemy_conn option in [database] - the old setting has been used, but please update your config.
[2025-10-30T15:28:00.905+0000] {task_command.py:467} INFO - Running <TaskInstance: refresh_bike_db.refresh_bike_db scheduled__2025-10-30T15:27:00+00:00 [running]> on host 8e61f8c083ab
[2025-10-30T15:28:00.908+0000] {logging_mixin.py:190} WARNING - /home/***/.local/lib/python3.12/site-packages/***/settings.py:470 DeprecationWarning: The sql_alchemy_conn option in [core] has been moved to the sql_alchemy_conn option in [database] - the old setting has been used, but please update your config.
[2025-10-30T15:28:01.069+0000] {taskinstance.py:3131} INFO - Exporting env vars: AIRFLOW_CTX_DAG_OWNER='***' AIRFLOW_CTX_DAG_ID='refresh_bike_db' AIRFLOW_CTX_TASK_ID='refresh_bike_db' AIRFLOW_CTX_EXECUTION_DATE='2025-10-30T15:27:00+00:00' AIRFLOW_CTX_TRY_NUMBER='1' AIRFLOW_CTX_DAG_RUN_ID='scheduled__2025-10-30T15:27:00+00:00'
[2025-10-30T15:28:01.070+0000] {taskinstance.py:731} INFO - ::endgroup::
[2025-10-30T15:28:01.095+0000] {subprocess.py:63} INFO - Tmp dir root location: /tmp
[2025-10-30T15:28:01.097+0000] {subprocess.py:75} INFO - Running command: ['/usr/bin/bash', '-c', '\n            set -exo pipefail\n            echo "PWD=$(pwd)"\n            echo "AIRFLOW_HOME=${AIRFLOW_HOME:-<unset>}"\n            python --version\n            which python\n            ls -lah "$AIRFLOW_HOME/plugins" || true\n\n            echo "DB env:"\n            echo "DB_HOST=${DB_HOST:-<unset>}"\n            echo "DB_PORT=${DB_PORT:-<unset>}"\n            echo "DB_USER=${DB_USER:-<unset>}"\n            echo "DB_NAME=${DB_NAME:-<unset>}"\n            if [ -z "${DB_PWD+x}" ]; then echo "DB_PWD=<unset>"; else echo "DB_PWD=<set>"; fi\n\n            cd "$AIRFLOW_HOME/plugins"\n\n            # Optionnel : self-test verbeux dans ton script (si tu l\'as ajouté)\n            # python gather_bike_data.py --self-test --verbose\n\n            # Exécution réelle\n            python gather_bike_data.py\n        ']
[2025-10-30T15:28:01.111+0000] {subprocess.py:86} INFO - Output:
[2025-10-30T15:28:01.113+0000] {subprocess.py:93} INFO - ++ pwd
[2025-10-30T15:28:01.114+0000] {subprocess.py:93} INFO - + echo PWD=/tmp/***tmplwqx9chu
[2025-10-30T15:28:01.115+0000] {subprocess.py:93} INFO - PWD=/tmp/***tmplwqx9chu
[2025-10-30T15:28:01.116+0000] {subprocess.py:93} INFO - + echo AIRFLOW_HOME=/opt/***
[2025-10-30T15:28:01.116+0000] {subprocess.py:93} INFO - AIRFLOW_HOME=/opt/***
[2025-10-30T15:28:01.118+0000] {subprocess.py:93} INFO - + python --version
[2025-10-30T15:28:01.119+0000] {subprocess.py:93} INFO - Python 3.12.6
[2025-10-30T15:28:01.120+0000] {subprocess.py:93} INFO - + which python
[2025-10-30T15:28:01.120+0000] {subprocess.py:93} INFO - /usr/local/bin/python
[2025-10-30T15:28:01.121+0000] {subprocess.py:93} INFO - + ls -lah /opt/***/plugins
[2025-10-30T15:28:01.129+0000] {subprocess.py:93} INFO - total 16K
[2025-10-30T15:28:01.130+0000] {subprocess.py:93} INFO - drwxrwxrwx 1 root    root  512 Oct 30 14:29 .
[2025-10-30T15:28:01.131+0000] {subprocess.py:93} INFO - drwxrwxr-x 1 *** root 4.0K Oct 30 13:10 ..
[2025-10-30T15:28:01.132+0000] {subprocess.py:93} INFO - -rwxrwxrwx 1 root    root  156 Oct 30 14:39 .env
[2025-10-30T15:28:01.132+0000] {subprocess.py:93} INFO - -rwxrwxrwx 1 root    root  11K Oct 30 14:58 gather_bike_data.py
[2025-10-30T15:28:01.133+0000] {subprocess.py:93} INFO - + echo 'DB env:'
[2025-10-30T15:28:01.134+0000] {subprocess.py:93} INFO - DB env:
[2025-10-30T15:28:01.135+0000] {subprocess.py:93} INFO - + echo DB_HOST=host.docker.internal
[2025-10-30T15:28:01.135+0000] {subprocess.py:93} INFO - DB_HOST=host.docker.internal
[2025-10-30T15:28:01.136+0000] {subprocess.py:93} INFO - + echo DB_PORT=3306
[2025-10-30T15:28:01.136+0000] {subprocess.py:93} INFO - DB_PORT=3306
[2025-10-30T15:28:01.137+0000] {subprocess.py:93} INFO - + echo DB_USER=root
[2025-10-30T15:28:01.137+0000] {subprocess.py:93} INFO - DB_USER=root
[2025-10-30T15:28:01.137+0000] {subprocess.py:93} INFO - + echo DB_NAME=renfpython
[2025-10-30T15:28:01.138+0000] {subprocess.py:93} INFO - DB_NAME=renfpython
[2025-10-30T15:28:01.138+0000] {subprocess.py:93} INFO - + '[' -z x ']'
[2025-10-30T15:28:01.139+0000] {subprocess.py:93} INFO - + echo 'DB_PWD=<set>'
[2025-10-30T15:28:01.139+0000] {subprocess.py:93} INFO - DB_PWD=<set>
[2025-10-30T15:28:01.140+0000] {subprocess.py:93} INFO - + cd /opt/***/plugins
[2025-10-30T15:28:01.141+0000] {subprocess.py:93} INFO - + python gather_bike_data.py
[2025-10-30T15:28:11.430+0000] {subprocess.py:93} INFO - Fetching data of Lille's api: 302
[2025-10-30T15:28:11.431+0000] {subprocess.py:93} INFO - Fetching data of Paris's api: 1495
[2025-10-30T15:28:11.432+0000] {subprocess.py:93} INFO - 
[2025-10-30T15:28:11.433+0000] {subprocess.py:93} INFO - 
[2025-10-30T15:28:11.434+0000] {subprocess.py:93} INFO - ✅ Connected successfully to MySQL!
[2025-10-30T15:28:11.434+0000] {subprocess.py:93} INFO - ✅ Connected successfully to MySQL!
[2025-10-30T15:28:11.554+0000] {subprocess.py:97} INFO - Command exited with return code 0
[2025-10-30T15:28:11.572+0000] {taskinstance.py:340} INFO - ::group::Post task execution logs
[2025-10-30T15:28:11.574+0000] {taskinstance.py:352} INFO - Marking task as SUCCESS. dag_id=refresh_bike_db, task_id=refresh_bike_db, run_id=scheduled__2025-10-30T15:27:00+00:00, execution_date=20251030T152700, start_date=20251030T152800, end_date=20251030T152811
[2025-10-30T15:28:11.627+0000] {local_task_job_runner.py:266} INFO - Task exited with return code 0
[2025-10-30T15:28:11.657+0000] {taskinstance.py:3900} INFO - 0 downstream tasks scheduled from follow-on schedule check
[2025-10-30T15:28:11.662+0000] {local_task_job_runner.py:245} INFO - ::endgroup::
