[2025-10-30T15:37:00.885+0000] {local_task_job_runner.py:123} INFO - ::group::Pre task execution logs
[2025-10-30T15:37:00.908+0000] {taskinstance.py:2612} INFO - Dependencies all met for dep_context=non-requeueable deps ti=<TaskInstance: refresh_bike_db.refresh_bike_db scheduled__2025-10-30T15:36:00+00:00 [queued]>
[2025-10-30T15:37:00.919+0000] {taskinstance.py:2612} INFO - Dependencies all met for dep_context=requeueable deps ti=<TaskInstance: refresh_bike_db.refresh_bike_db scheduled__2025-10-30T15:36:00+00:00 [queued]>
[2025-10-30T15:37:00.921+0000] {taskinstance.py:2865} INFO - Starting attempt 1 of 2
[2025-10-30T15:37:00.940+0000] {taskinstance.py:2888} INFO - Executing <Task(BashOperator): refresh_bike_db> on 2025-10-30 15:36:00+00:00
[2025-10-30T15:37:00.952+0000] {logging_mixin.py:190} WARNING - /home/***/.local/lib/python3.12/site-packages/***/task/task_runner/standard_task_runner.py:70 DeprecationWarning: This process (pid=3326) is multi-threaded, use of fork() may lead to deadlocks in the child.
[2025-10-30T15:37:00.952+0000] {standard_task_runner.py:104} INFO - Running: ['***', 'tasks', 'run', 'refresh_bike_db', 'refresh_bike_db', 'scheduled__2025-10-30T15:36:00+00:00', '--job-id', '264', '--raw', '--subdir', 'DAGS_FOLDER/refresh_bike_db.py', '--cfg-path', '/tmp/tmpk5l1_x2x']
[2025-10-30T15:37:00.957+0000] {standard_task_runner.py:72} INFO - Started process 3327 to run task
[2025-10-30T15:37:00.957+0000] {standard_task_runner.py:105} INFO - Job 264: Subtask refresh_bike_db
[2025-10-30T15:37:00.981+0000] {logging_mixin.py:190} WARNING - /home/***/.local/lib/python3.12/site-packages/***/settings.py:209 DeprecationWarning: The sql_alchemy_conn option in [core] has been moved to the sql_alchemy_conn option in [database] - the old setting has been used, but please update your config.
[2025-10-30T15:37:01.040+0000] {task_command.py:467} INFO - Running <TaskInstance: refresh_bike_db.refresh_bike_db scheduled__2025-10-30T15:36:00+00:00 [running]> on host 8e61f8c083ab
[2025-10-30T15:37:01.042+0000] {logging_mixin.py:190} WARNING - /home/***/.local/lib/python3.12/site-packages/***/settings.py:470 DeprecationWarning: The sql_alchemy_conn option in [core] has been moved to the sql_alchemy_conn option in [database] - the old setting has been used, but please update your config.
[2025-10-30T15:37:01.173+0000] {taskinstance.py:3131} INFO - Exporting env vars: AIRFLOW_CTX_DAG_OWNER='***' AIRFLOW_CTX_DAG_ID='refresh_bike_db' AIRFLOW_CTX_TASK_ID='refresh_bike_db' AIRFLOW_CTX_EXECUTION_DATE='2025-10-30T15:36:00+00:00' AIRFLOW_CTX_TRY_NUMBER='1' AIRFLOW_CTX_DAG_RUN_ID='scheduled__2025-10-30T15:36:00+00:00'
[2025-10-30T15:37:01.175+0000] {taskinstance.py:731} INFO - ::endgroup::
[2025-10-30T15:37:01.194+0000] {subprocess.py:63} INFO - Tmp dir root location: /tmp
[2025-10-30T15:37:01.196+0000] {subprocess.py:75} INFO - Running command: ['/usr/bin/bash', '-c', 'python $AIRFLOW_HOME/plugins/gather_bike_data.py']
[2025-10-30T15:37:01.210+0000] {subprocess.py:86} INFO - Output:
[2025-10-30T15:37:10.644+0000] {subprocess.py:93} INFO - Fetching data of Lille's api: 302
[2025-10-30T15:37:10.647+0000] {subprocess.py:93} INFO - Fetching data of Paris's api: 1495
[2025-10-30T15:37:10.648+0000] {subprocess.py:93} INFO - 
[2025-10-30T15:37:10.649+0000] {subprocess.py:93} INFO - 
[2025-10-30T15:37:10.650+0000] {subprocess.py:93} INFO - ✅ Connected successfully to MySQL!
[2025-10-30T15:37:10.651+0000] {subprocess.py:93} INFO - ✅ Connected successfully to MySQL!
[2025-10-30T15:37:10.768+0000] {subprocess.py:97} INFO - Command exited with return code 0
[2025-10-30T15:37:10.802+0000] {taskinstance.py:340} INFO - ::group::Post task execution logs
[2025-10-30T15:37:10.803+0000] {taskinstance.py:352} INFO - Marking task as SUCCESS. dag_id=refresh_bike_db, task_id=refresh_bike_db, run_id=scheduled__2025-10-30T15:36:00+00:00, execution_date=20251030T153600, start_date=20251030T153700, end_date=20251030T153710
[2025-10-30T15:37:10.834+0000] {local_task_job_runner.py:266} INFO - Task exited with return code 0
[2025-10-30T15:37:10.855+0000] {taskinstance.py:3900} INFO - 0 downstream tasks scheduled from follow-on schedule check
[2025-10-30T15:37:10.860+0000] {local_task_job_runner.py:245} INFO - ::endgroup::
