[2025-10-31T10:04:01.120+0000] {local_task_job_runner.py:123} INFO - ::group::Pre task execution logs
[2025-10-31T10:04:01.140+0000] {taskinstance.py:2612} INFO - Dependencies all met for dep_context=non-requeueable deps ti=<TaskInstance: refresh_bike_db.refresh_bike_db scheduled__2025-10-31T10:03:00+00:00 [queued]>
[2025-10-31T10:04:01.154+0000] {taskinstance.py:2612} INFO - Dependencies all met for dep_context=requeueable deps ti=<TaskInstance: refresh_bike_db.refresh_bike_db scheduled__2025-10-31T10:03:00+00:00 [queued]>
[2025-10-31T10:04:01.155+0000] {taskinstance.py:2865} INFO - Starting attempt 1 of 2
[2025-10-31T10:04:01.172+0000] {taskinstance.py:2888} INFO - Executing <Task(BashOperator): refresh_bike_db> on 2025-10-31 10:03:00+00:00
[2025-10-31T10:04:01.181+0000] {logging_mixin.py:190} WARNING - /home/***/.local/lib/python3.12/site-packages/***/task/task_runner/standard_task_runner.py:70 DeprecationWarning: This process (pid=745) is multi-threaded, use of fork() may lead to deadlocks in the child.
[2025-10-31T10:04:01.182+0000] {standard_task_runner.py:104} INFO - Running: ['***', 'tasks', 'run', 'refresh_bike_db', 'refresh_bike_db', 'scheduled__2025-10-31T10:03:00+00:00', '--job-id', '383', '--raw', '--subdir', 'DAGS_FOLDER/refresh_bike_db.py', '--cfg-path', '/tmp/tmpzpwege2l']
[2025-10-31T10:04:01.183+0000] {standard_task_runner.py:72} INFO - Started process 746 to run task
[2025-10-31T10:04:01.184+0000] {standard_task_runner.py:105} INFO - Job 383: Subtask refresh_bike_db
[2025-10-31T10:04:01.257+0000] {task_command.py:467} INFO - Running <TaskInstance: refresh_bike_db.refresh_bike_db scheduled__2025-10-31T10:03:00+00:00 [running]> on host f4cf752b4d1e
[2025-10-31T10:04:01.363+0000] {taskinstance.py:3131} INFO - Exporting env vars: AIRFLOW_CTX_DAG_OWNER='***' AIRFLOW_CTX_DAG_ID='refresh_bike_db' AIRFLOW_CTX_TASK_ID='refresh_bike_db' AIRFLOW_CTX_EXECUTION_DATE='2025-10-31T10:03:00+00:00' AIRFLOW_CTX_TRY_NUMBER='1' AIRFLOW_CTX_DAG_RUN_ID='scheduled__2025-10-31T10:03:00+00:00'
[2025-10-31T10:04:01.364+0000] {taskinstance.py:731} INFO - ::endgroup::
[2025-10-31T10:04:01.384+0000] {subprocess.py:63} INFO - Tmp dir root location: /tmp
[2025-10-31T10:04:01.385+0000] {subprocess.py:75} INFO - Running command: ['/usr/bin/bash', '-c', '\n          set -euxo pipefail\n          cd "$AIRFLOW_HOME/plugins"\n          python gather_bike_data.py\n        ']
[2025-10-31T10:04:01.397+0000] {subprocess.py:86} INFO - Output:
[2025-10-31T10:04:01.398+0000] {subprocess.py:93} INFO - + cd /opt/***/plugins
[2025-10-31T10:04:01.399+0000] {subprocess.py:93} INFO - + python gather_bike_data.py
[2025-10-31T10:04:09.914+0000] {subprocess.py:93} INFO - Fetching data of Lille's api: 302
[2025-10-31T10:04:09.916+0000] {subprocess.py:93} INFO - Fetching data of Paris's api: 1495
[2025-10-31T10:04:09.917+0000] {subprocess.py:93} INFO - 
[2025-10-31T10:04:09.918+0000] {subprocess.py:93} INFO - 
[2025-10-31T10:04:09.918+0000] {subprocess.py:93} INFO - ✅ Connected successfully to MySQL!
[2025-10-31T10:04:09.920+0000] {subprocess.py:93} INFO - ✅ Connected successfully to MySQL!
[2025-10-31T10:04:10.057+0000] {subprocess.py:97} INFO - Command exited with return code 0
[2025-10-31T10:04:10.076+0000] {taskinstance.py:340} INFO - ::group::Post task execution logs
[2025-10-31T10:04:10.076+0000] {taskinstance.py:352} INFO - Marking task as SUCCESS. dag_id=refresh_bike_db, task_id=refresh_bike_db, run_id=scheduled__2025-10-31T10:03:00+00:00, execution_date=20251031T100300, start_date=20251031T100401, end_date=20251031T100410
[2025-10-31T10:04:10.130+0000] {local_task_job_runner.py:266} INFO - Task exited with return code 0
[2025-10-31T10:04:10.166+0000] {taskinstance.py:3900} INFO - 1 downstream tasks scheduled from follow-on schedule check
[2025-10-31T10:04:10.171+0000] {local_task_job_runner.py:245} INFO - ::endgroup::
