[2025-10-31T14:49:00.379+0000] {local_task_job_runner.py:123} INFO - ::group::Pre task execution logs
[2025-10-31T14:49:00.401+0000] {taskinstance.py:2612} INFO - Dependencies all met for dep_context=non-requeueable deps ti=<TaskInstance: refresh_bike_db.refresh_bike_db scheduled__2025-10-31T14:48:00+00:00 [queued]>
[2025-10-31T14:49:00.415+0000] {taskinstance.py:2612} INFO - Dependencies all met for dep_context=requeueable deps ti=<TaskInstance: refresh_bike_db.refresh_bike_db scheduled__2025-10-31T14:48:00+00:00 [queued]>
[2025-10-31T14:49:00.416+0000] {taskinstance.py:2865} INFO - Starting attempt 1 of 2
[2025-10-31T14:49:00.436+0000] {taskinstance.py:2888} INFO - Executing <Task(BashOperator): refresh_bike_db> on 2025-10-31 14:48:00+00:00
[2025-10-31T14:49:00.446+0000] {standard_task_runner.py:104} INFO - Running: ['***', 'tasks', 'run', 'refresh_bike_db', 'refresh_bike_db', 'scheduled__2025-10-31T14:48:00+00:00', '--job-id', '590', '--raw', '--subdir', 'DAGS_FOLDER/refresh_bike_db.py', '--cfg-path', '/tmp/tmpo8s4hx1e']
[2025-10-31T14:49:00.448+0000] {standard_task_runner.py:105} INFO - Job 590: Subtask refresh_bike_db
[2025-10-31T14:49:00.449+0000] {logging_mixin.py:190} WARNING - /home/***/.local/lib/python3.12/site-packages/***/task/task_runner/standard_task_runner.py:70 DeprecationWarning: This process (pid=198) is multi-threaded, use of fork() may lead to deadlocks in the child.
[2025-10-31T14:49:00.450+0000] {standard_task_runner.py:72} INFO - Started process 199 to run task
[2025-10-31T14:49:00.521+0000] {task_command.py:467} INFO - Running <TaskInstance: refresh_bike_db.refresh_bike_db scheduled__2025-10-31T14:48:00+00:00 [running]> on host 94513e024ddd
[2025-10-31T14:49:00.629+0000] {taskinstance.py:3131} INFO - Exporting env vars: AIRFLOW_CTX_DAG_OWNER='***' AIRFLOW_CTX_DAG_ID='refresh_bike_db' AIRFLOW_CTX_TASK_ID='refresh_bike_db' AIRFLOW_CTX_EXECUTION_DATE='2025-10-31T14:48:00+00:00' AIRFLOW_CTX_TRY_NUMBER='1' AIRFLOW_CTX_DAG_RUN_ID='scheduled__2025-10-31T14:48:00+00:00'
[2025-10-31T14:49:00.630+0000] {taskinstance.py:731} INFO - ::endgroup::
[2025-10-31T14:49:00.649+0000] {subprocess.py:63} INFO - Tmp dir root location: /tmp
[2025-10-31T14:49:00.650+0000] {subprocess.py:75} INFO - Running command: ['/usr/bin/bash', '-c', '\n          set -euxo pipefail\n          cd "$AIRFLOW_HOME/plugins"\n          python gather_bike_data.py\n        ']
[2025-10-31T14:49:00.664+0000] {subprocess.py:86} INFO - Output:
[2025-10-31T14:49:00.666+0000] {subprocess.py:93} INFO - + cd /opt/***/plugins
[2025-10-31T14:49:00.666+0000] {subprocess.py:93} INFO - + python gather_bike_data.py
[2025-10-31T14:49:09.056+0000] {subprocess.py:93} INFO - Fetching data of Lille's api: 302
[2025-10-31T14:49:09.056+0000] {subprocess.py:93} INFO - Fetching data of Paris's api: 1495
[2025-10-31T14:49:09.057+0000] {subprocess.py:93} INFO - 
[2025-10-31T14:49:09.057+0000] {subprocess.py:93} INFO - 
[2025-10-31T14:49:09.058+0000] {subprocess.py:93} INFO - ✅ Connected successfully to MySQL!
[2025-10-31T14:49:09.058+0000] {subprocess.py:93} INFO - ✅ Connected successfully to MySQL!
[2025-10-31T14:49:09.168+0000] {subprocess.py:97} INFO - Command exited with return code 0
[2025-10-31T14:49:09.184+0000] {taskinstance.py:340} INFO - ::group::Post task execution logs
[2025-10-31T14:49:09.186+0000] {taskinstance.py:352} INFO - Marking task as SUCCESS. dag_id=refresh_bike_db, task_id=refresh_bike_db, run_id=scheduled__2025-10-31T14:48:00+00:00, execution_date=20251031T144800, start_date=20251031T144900, end_date=20251031T144909
[2025-10-31T14:49:09.245+0000] {local_task_job_runner.py:266} INFO - Task exited with return code 0
[2025-10-31T14:49:09.264+0000] {taskinstance.py:3900} INFO - 0 downstream tasks scheduled from follow-on schedule check
[2025-10-31T14:49:09.271+0000] {local_task_job_runner.py:245} INFO - ::endgroup::
