[2025-10-31T08:26:50.495+0000] {local_task_job_runner.py:123} INFO - ::group::Pre task execution logs
[2025-10-31T08:26:50.543+0000] {taskinstance.py:2612} INFO - Dependencies all met for dep_context=non-requeueable deps ti=<TaskInstance: refresh_bike_db.refresh_bike_db scheduled__2025-10-31T08:19:00+00:00 [queued]>
[2025-10-31T08:26:50.560+0000] {taskinstance.py:2612} INFO - Dependencies all met for dep_context=requeueable deps ti=<TaskInstance: refresh_bike_db.refresh_bike_db scheduled__2025-10-31T08:19:00+00:00 [queued]>
[2025-10-31T08:26:50.561+0000] {taskinstance.py:2865} INFO - Starting attempt 2 of 2
[2025-10-31T08:26:50.595+0000] {taskinstance.py:2888} INFO - Executing <Task(BashOperator): refresh_bike_db> on 2025-10-31 08:19:00+00:00
[2025-10-31T08:26:50.613+0000] {logging_mixin.py:190} WARNING - /home/***/.local/lib/python3.12/site-packages/***/task/task_runner/standard_task_runner.py:70 DeprecationWarning: This process (pid=6041) is multi-threaded, use of fork() may lead to deadlocks in the child.
[2025-10-31T08:26:50.613+0000] {standard_task_runner.py:104} INFO - Running: ['***', 'tasks', 'run', 'refresh_bike_db', 'refresh_bike_db', 'scheduled__2025-10-31T08:19:00+00:00', '--job-id', '330', '--raw', '--subdir', 'DAGS_FOLDER/refresh_bike_db.py', '--cfg-path', '/tmp/tmpg86b4a4g']
[2025-10-31T08:26:50.621+0000] {standard_task_runner.py:72} INFO - Started process 6044 to run task
[2025-10-31T08:26:50.623+0000] {standard_task_runner.py:105} INFO - Job 330: Subtask refresh_bike_db
[2025-10-31T08:26:50.747+0000] {logging_mixin.py:190} WARNING - /home/***/.local/lib/python3.12/site-packages/***/settings.py:209 DeprecationWarning: The sql_alchemy_conn option in [core] has been moved to the sql_alchemy_conn option in [database] - the old setting has been used, but please update your config.
[2025-10-31T08:26:50.876+0000] {task_command.py:467} INFO - Running <TaskInstance: refresh_bike_db.refresh_bike_db scheduled__2025-10-31T08:19:00+00:00 [running]> on host 8e61f8c083ab
[2025-10-31T08:26:50.880+0000] {logging_mixin.py:190} WARNING - /home/***/.local/lib/python3.12/site-packages/***/settings.py:470 DeprecationWarning: The sql_alchemy_conn option in [core] has been moved to the sql_alchemy_conn option in [database] - the old setting has been used, but please update your config.
[2025-10-31T08:26:51.145+0000] {taskinstance.py:3131} INFO - Exporting env vars: AIRFLOW_CTX_DAG_OWNER='***' AIRFLOW_CTX_DAG_ID='refresh_bike_db' AIRFLOW_CTX_TASK_ID='refresh_bike_db' AIRFLOW_CTX_EXECUTION_DATE='2025-10-31T08:19:00+00:00' AIRFLOW_CTX_TRY_NUMBER='2' AIRFLOW_CTX_DAG_RUN_ID='scheduled__2025-10-31T08:19:00+00:00'
[2025-10-31T08:26:51.147+0000] {taskinstance.py:731} INFO - ::endgroup::
[2025-10-31T08:26:51.183+0000] {subprocess.py:63} INFO - Tmp dir root location: /tmp
[2025-10-31T08:26:51.186+0000] {subprocess.py:75} INFO - Running command: ['/usr/bin/bash', '-c', '\n          set -euxo pipefail\n          cd "$AIRFLOW_HOME/plugins"\n          python gather_bike_data.py\n        ']
[2025-10-31T08:26:51.206+0000] {subprocess.py:86} INFO - Output:
[2025-10-31T08:26:51.209+0000] {subprocess.py:93} INFO - + cd /opt/***/plugins
[2025-10-31T08:26:51.210+0000] {subprocess.py:93} INFO - + python gather_bike_data.py
[2025-10-31T08:27:01.972+0000] {subprocess.py:93} INFO - Fetching data of Lille's api: 302
[2025-10-31T08:27:01.974+0000] {subprocess.py:93} INFO - Fetching data of Paris's api: 1495
[2025-10-31T08:27:01.974+0000] {subprocess.py:93} INFO - 
[2025-10-31T08:27:01.975+0000] {subprocess.py:93} INFO - 
[2025-10-31T08:27:01.975+0000] {subprocess.py:93} INFO - ✅ Connected successfully to MySQL!
[2025-10-31T08:27:01.976+0000] {subprocess.py:93} INFO - ✅ Connected successfully to MySQL!
[2025-10-31T08:27:02.186+0000] {subprocess.py:97} INFO - Command exited with return code 0
[2025-10-31T08:27:02.211+0000] {taskinstance.py:340} INFO - ::group::Post task execution logs
[2025-10-31T08:27:02.212+0000] {taskinstance.py:352} INFO - Marking task as SUCCESS. dag_id=refresh_bike_db, task_id=refresh_bike_db, run_id=scheduled__2025-10-31T08:19:00+00:00, execution_date=20251031T081900, start_date=20251031T082650, end_date=20251031T082702
[2025-10-31T08:27:02.248+0000] {local_task_job_runner.py:266} INFO - Task exited with return code 0
[2025-10-31T08:27:02.271+0000] {taskinstance.py:3900} INFO - 0 downstream tasks scheduled from follow-on schedule check
[2025-10-31T08:27:02.276+0000] {local_task_job_runner.py:245} INFO - ::endgroup::
