[2025-10-31T14:36:01.117+0000] {local_task_job_runner.py:123} INFO - ::group::Pre task execution logs
[2025-10-31T14:36:01.138+0000] {taskinstance.py:2612} INFO - Dependencies all met for dep_context=non-requeueable deps ti=<TaskInstance: refresh_bike_db.refresh_bike_db scheduled__2025-10-31T14:35:00+00:00 [queued]>
[2025-10-31T14:36:01.148+0000] {taskinstance.py:2612} INFO - Dependencies all met for dep_context=requeueable deps ti=<TaskInstance: refresh_bike_db.refresh_bike_db scheduled__2025-10-31T14:35:00+00:00 [queued]>
[2025-10-31T14:36:01.149+0000] {taskinstance.py:2865} INFO - Starting attempt 1 of 2
[2025-10-31T14:36:01.176+0000] {taskinstance.py:2888} INFO - Executing <Task(BashOperator): refresh_bike_db> on 2025-10-31 14:35:00+00:00
[2025-10-31T14:36:01.199+0000] {standard_task_runner.py:104} INFO - Running: ['***', 'tasks', 'run', 'refresh_bike_db', 'refresh_bike_db', 'scheduled__2025-10-31T14:35:00+00:00', '--job-id', '575', '--raw', '--subdir', 'DAGS_FOLDER/refresh_bike_db.py', '--cfg-path', '/tmp/tmpiberq1c3']
[2025-10-31T14:36:01.202+0000] {standard_task_runner.py:105} INFO - Job 575: Subtask refresh_bike_db
[2025-10-31T14:36:01.203+0000] {logging_mixin.py:190} WARNING - /home/***/.local/lib/python3.12/site-packages/***/task/task_runner/standard_task_runner.py:70 DeprecationWarning: This process (pid=1272) is multi-threaded, use of fork() may lead to deadlocks in the child.
[2025-10-31T14:36:01.204+0000] {standard_task_runner.py:72} INFO - Started process 1278 to run task
[2025-10-31T14:36:01.268+0000] {task_command.py:467} INFO - Running <TaskInstance: refresh_bike_db.refresh_bike_db scheduled__2025-10-31T14:35:00+00:00 [running]> on host 94513e024ddd
[2025-10-31T14:36:01.384+0000] {taskinstance.py:3131} INFO - Exporting env vars: AIRFLOW_CTX_DAG_OWNER='***' AIRFLOW_CTX_DAG_ID='refresh_bike_db' AIRFLOW_CTX_TASK_ID='refresh_bike_db' AIRFLOW_CTX_EXECUTION_DATE='2025-10-31T14:35:00+00:00' AIRFLOW_CTX_TRY_NUMBER='1' AIRFLOW_CTX_DAG_RUN_ID='scheduled__2025-10-31T14:35:00+00:00'
[2025-10-31T14:36:01.387+0000] {taskinstance.py:731} INFO - ::endgroup::
[2025-10-31T14:36:01.404+0000] {subprocess.py:63} INFO - Tmp dir root location: /tmp
[2025-10-31T14:36:01.406+0000] {subprocess.py:75} INFO - Running command: ['/usr/bin/bash', '-c', '\n          set -euxo pipefail\n          cd "$AIRFLOW_HOME/plugins"\n          python gather_bike_data.py\n        ']
[2025-10-31T14:36:01.421+0000] {subprocess.py:86} INFO - Output:
[2025-10-31T14:36:01.423+0000] {subprocess.py:93} INFO - + cd /opt/***/plugins
[2025-10-31T14:36:01.424+0000] {subprocess.py:93} INFO - + python gather_bike_data.py
[2025-10-31T14:36:11.008+0000] {subprocess.py:93} INFO - Fetching data of Lille's api: 302
[2025-10-31T14:36:11.009+0000] {subprocess.py:93} INFO - Fetching data of Paris's api: 1495
[2025-10-31T14:36:11.010+0000] {subprocess.py:93} INFO - 
[2025-10-31T14:36:11.010+0000] {subprocess.py:93} INFO - 
[2025-10-31T14:36:11.011+0000] {subprocess.py:93} INFO - ✅ Connected successfully to MySQL!
[2025-10-31T14:36:11.012+0000] {subprocess.py:93} INFO - ✅ Connected successfully to MySQL!
[2025-10-31T14:36:11.112+0000] {subprocess.py:97} INFO - Command exited with return code 0
[2025-10-31T14:36:11.126+0000] {taskinstance.py:340} INFO - ::group::Post task execution logs
[2025-10-31T14:36:11.127+0000] {taskinstance.py:352} INFO - Marking task as SUCCESS. dag_id=refresh_bike_db, task_id=refresh_bike_db, run_id=scheduled__2025-10-31T14:35:00+00:00, execution_date=20251031T143500, start_date=20251031T143601, end_date=20251031T143611
[2025-10-31T14:36:11.163+0000] {local_task_job_runner.py:266} INFO - Task exited with return code 0
[2025-10-31T14:36:11.180+0000] {taskinstance.py:3900} INFO - 0 downstream tasks scheduled from follow-on schedule check
[2025-10-31T14:36:11.186+0000] {local_task_job_runner.py:245} INFO - ::endgroup::
[2025-10-31T14:36:11.209+0000] {standard_task_runner.py:217} INFO - Process not found (most likely exited), stop collecting metrics
