[2025-10-30T15:54:01.146+0000] {local_task_job_runner.py:123} INFO - ::group::Pre task execution logs
[2025-10-30T15:54:01.221+0000] {taskinstance.py:2612} INFO - Dependencies all met for dep_context=non-requeueable deps ti=<TaskInstance: refresh_bike_db.refresh_bike_db scheduled__2025-10-30T15:53:00+00:00 [queued]>
[2025-10-30T15:54:01.268+0000] {taskinstance.py:2612} INFO - Dependencies all met for dep_context=requeueable deps ti=<TaskInstance: refresh_bike_db.refresh_bike_db scheduled__2025-10-30T15:53:00+00:00 [queued]>
[2025-10-30T15:54:01.277+0000] {taskinstance.py:2865} INFO - Starting attempt 1 of 2
[2025-10-30T15:54:01.344+0000] {taskinstance.py:2888} INFO - Executing <Task(BashOperator): refresh_bike_db> on 2025-10-30 15:53:00+00:00
[2025-10-30T15:54:01.374+0000] {logging_mixin.py:190} WARNING - /home/***/.local/lib/python3.12/site-packages/***/task/task_runner/standard_task_runner.py:70 DeprecationWarning: This process (pid=3963) is multi-threaded, use of fork() may lead to deadlocks in the child.
[2025-10-30T15:54:01.368+0000] {standard_task_runner.py:104} INFO - Running: ['***', 'tasks', 'run', 'refresh_bike_db', 'refresh_bike_db', 'scheduled__2025-10-30T15:53:00+00:00', '--job-id', '281', '--raw', '--subdir', 'DAGS_FOLDER/refresh_bike_db.py', '--cfg-path', '/tmp/tmp52vnxl69']
[2025-10-30T15:54:01.377+0000] {standard_task_runner.py:72} INFO - Started process 3964 to run task
[2025-10-30T15:54:01.380+0000] {standard_task_runner.py:105} INFO - Job 281: Subtask refresh_bike_db
[2025-10-30T15:54:01.470+0000] {logging_mixin.py:190} WARNING - /home/***/.local/lib/python3.12/site-packages/***/settings.py:209 DeprecationWarning: The sql_alchemy_conn option in [core] has been moved to the sql_alchemy_conn option in [database] - the old setting has been used, but please update your config.
[2025-10-30T15:54:01.629+0000] {task_command.py:467} INFO - Running <TaskInstance: refresh_bike_db.refresh_bike_db scheduled__2025-10-30T15:53:00+00:00 [running]> on host 8e61f8c083ab
[2025-10-30T15:54:01.633+0000] {logging_mixin.py:190} WARNING - /home/***/.local/lib/python3.12/site-packages/***/settings.py:470 DeprecationWarning: The sql_alchemy_conn option in [core] has been moved to the sql_alchemy_conn option in [database] - the old setting has been used, but please update your config.
[2025-10-30T15:54:01.934+0000] {taskinstance.py:3131} INFO - Exporting env vars: AIRFLOW_CTX_DAG_OWNER='***' AIRFLOW_CTX_DAG_ID='refresh_bike_db' AIRFLOW_CTX_TASK_ID='refresh_bike_db' AIRFLOW_CTX_EXECUTION_DATE='2025-10-30T15:53:00+00:00' AIRFLOW_CTX_TRY_NUMBER='1' AIRFLOW_CTX_DAG_RUN_ID='scheduled__2025-10-30T15:53:00+00:00'
[2025-10-30T15:54:01.937+0000] {taskinstance.py:731} INFO - ::endgroup::
[2025-10-30T15:54:01.965+0000] {subprocess.py:63} INFO - Tmp dir root location: /tmp
[2025-10-30T15:54:01.968+0000] {subprocess.py:75} INFO - Running command: ['/usr/bin/bash', '-c', 'python -m pip install -r requirements.txt; python $AIRFLOW_HOME/plugins/gather_bike_data.py']
[2025-10-30T15:54:01.983+0000] {subprocess.py:86} INFO - Output:
[2025-10-30T15:54:04.110+0000] {subprocess.py:93} INFO - 
[2025-10-30T15:54:04.111+0000] {subprocess.py:93} INFO - [notice] A new release of pip is available: 24.2 -> 25.3
[2025-10-30T15:54:04.112+0000] {subprocess.py:93} INFO - [notice] To update, run: pip install --upgrade pip
[2025-10-30T15:54:04.113+0000] {subprocess.py:93} INFO - ERROR: Could not open requirements file: [Errno 2] No such file or directory: 'requirements.txt'
[2025-10-30T15:54:19.629+0000] {subprocess.py:93} INFO - Fetching data of Lille's api: 302
[2025-10-30T15:54:19.631+0000] {subprocess.py:93} INFO - Fetching data of Paris's api: 1495
[2025-10-30T15:54:19.633+0000] {subprocess.py:93} INFO - 
[2025-10-30T15:54:19.635+0000] {subprocess.py:93} INFO - 
[2025-10-30T15:54:19.636+0000] {subprocess.py:93} INFO - ✅ Connected successfully to MySQL!
[2025-10-30T15:54:19.638+0000] {subprocess.py:93} INFO - ✅ Connected successfully to MySQL!
[2025-10-30T15:54:19.834+0000] {subprocess.py:97} INFO - Command exited with return code 0
[2025-10-30T15:54:19.893+0000] {taskinstance.py:340} INFO - ::group::Post task execution logs
[2025-10-30T15:54:19.895+0000] {taskinstance.py:352} INFO - Marking task as SUCCESS. dag_id=refresh_bike_db, task_id=refresh_bike_db, run_id=scheduled__2025-10-30T15:53:00+00:00, execution_date=20251030T155300, start_date=20251030T155401, end_date=20251030T155419
[2025-10-30T15:54:19.951+0000] {local_task_job_runner.py:266} INFO - Task exited with return code 0
[2025-10-30T15:54:19.976+0000] {taskinstance.py:3900} INFO - 0 downstream tasks scheduled from follow-on schedule check
[2025-10-30T15:54:19.982+0000] {local_task_job_runner.py:245} INFO - ::endgroup::
